<?xml version="1.0" encoding="utf-8"?><testsuites name="pytest tests"><testsuite name="pytest" errors="0" failures="0" skipped="0" tests="28" time="0.974" timestamp="2026-07-31T23:23:14.972562-07:00" hostname="Mac-mini.local"><testcase classname="cloud.tests.test_device_policy.DevicePolicyTests" name="test_24_hour_threshold_allows_exact_boundary_and_blocks_after" time="0.002" /><testcase classname="cloud.tests.test_device_policy.DevicePolicyTests" name="test_50_session_and_2_gib_thresholds_block_independently" time="0.000" /><testcase classname="cloud.tests.test_device_policy.DevicePolicyTests" name="test_feature_flag_and_clock_rollback_require_support" time="0.000" /><testcase classname="cloud.tests.test_device_policy.DevicePolicyTests" name="test_gate_never_blocks_safe_finish_reports_upload_or_diagnostics" time="0.000" /><testcase classname="cloud.tests.test_device_policy.DevicePolicyTests" name="test_license_signature_binding_and_feature_flags_are_verified" time="0.002" /><testcase classname="cloud.tests.test_device_policy.DevicePolicyTests" name="test_network_recovery_reevaluation_silently_clears_offline_gate" time="0.000" /><testcase classname="cloud.tests.test_device_policy.DevicePolicyTests" name="test_tampered_or_revoked_license_is_rejected" time="0.001" /><testcase classname="cloud.tests.test_device_policy.DevicePolicyTests" name="test_threshold_defaults_are_the_approved_values" time="0.000" /><testcase classname="cloud.tests.test_device_management.DeviceManagementTests" name="test_activation_code_is_single_use_and_token_is_terminal_bound" time="0.005" /><testcase classname="cloud.tests.test_device_management.DeviceManagementTests" name="test_expired_code_and_tampered_token_are_rejected" time="0.001" /><testcase classname="cloud.tests.test_device_management.DeviceManagementTests" name="test_heartbeat_is_terminal_bound_and_contains_no_subject_payload" time="0.001" /><testcase classname="cloud.tests.test_device_management.DeviceManagementTests" name="test_identical_enrollment_replay_returns_same_terminal" time="0.001" /><testcase classname="cloud.tests.test_device_management.DeviceManagementTests" name="test_revoked_terminal_cannot_heartbeat_or_silently_login" time="0.001" /><testcase classname="cloud.tests.test_device_management_api.DeviceManagementApiTests" name="test_enrollment_and_authenticated_heartbeat_contract" time="0.040" /><testcase classname="cloud.tests.test_device_management_api.DeviceManagementApiTests" name="test_heartbeat_rejects_identity_fields_without_echoing_values" time="0.017" /><testcase classname="client.tests.test_ray_101_production_preflight" name="test_production_preflight_presents_all_five_passed_checks" time="0.341" /><testcase classname="client.tests.test_ray_101_production_preflight" name="test_production_preflight_allows_the_exact_24_hour_online_boundary" time="0.004" /><testcase classname="client.tests.test_ray_101_production_preflight" name="test_production_preflight_blocks_only_storage_when_capacity_is_insufficient" time="0.003" /><testcase classname="client.tests.test_ray_101_production_preflight" name="test_production_preflight_blocks_unapproved_calibration_configuration" time="0.003" /><testcase classname="client.tests.test_ray_101_production_preflight" name="test_production_preflight_requires_a_passed_startup_run_for_device_and_zero_load" time="0.005" /><testcase classname="client.tests.test_ray_101_production_preflight" name="test_production_builder_uses_the_active_hardware_calibration_profile" time="0.004" /><testcase classname="tests.spool.test_state_store.StateStoreTests" name="test_acknowledgement_never_creates_an_automatic_cleanup_candidate" time="0.006" /><testcase classname="tests.spool.test_state_store.StateStoreTests" name="test_corrupt_quarantined_data_still_counts_against_offline_quota" time="0.005" /><testcase classname="tests.spool.test_state_store.StateStoreTests" name="test_database_uses_wal_and_versioned_migrations" time="0.003" /><testcase classname="tests.spool.test_state_store.StateStoreTests" name="test_recovery_marks_acquiring_incomplete_and_requeues_uploading" time="0.005" /><testcase classname="tests.spool.test_state_store.StateStoreTests" name="test_sensitive_reference_updates_preserve_existing_session_foreign_keys" time="0.005" /><testcase classname="tests.spool.test_state_store.StateStoreTests" name="test_sensitive_subject_and_consent_blobs_are_encrypted_outside_database_key" time="0.003" /><testcase classname="tests.spool.test_state_store.StateStoreTests" name="test_transactional_offline_snapshot_and_all_new_test_gates" time="0.011" /></testsuite></testsuites>