<?xml version="1.0" encoding="utf-8"?><testsuites name="pytest tests"><testsuite name="pytest" errors="0" failures="0" skipped="0" tests="248" time="45.921" timestamp="2026-08-01T03:22:26.415360-07:00" hostname="Mac-mini.local"><testcase classname="client.tests.test_access_client.CloudAccessClientTests" name="test_exact_access_and_lease_calls" time="0.003" /><testcase classname="client.tests.test_access_client.CloudAccessClientTests" name="test_safe_error_mapping_does_not_copy_server_secrets" time="0.001" /><testcase classname="client.tests.test_access_store.ClientAccessStoreTests" name="test_clear_credentials_preserves_non_secret_state" time="0.002" /><testcase classname="client.tests.test_access_store.ClientAccessStoreTests" name="test_clock_rollback_and_monotonic_restart_are_untrusted" time="0.002" /><testcase classname="client.tests.test_access_store.ClientAccessStoreTests" name="test_persists_metadata_and_keyring_secret_without_sqlite_leak" time="0.002" /><testcase classname="client.tests.test_app_icon" name="test_scanalytics_application_icon_is_bundled_and_applied_to_windows" time="0.243" /><testcase classname="client.tests.test_background_access_continuity.BackgroundAccessContinuityTests" name="test_heartbeat_contains_status_not_raw_account_hardware_or_installation_ids" time="0.000" /><testcase classname="client.tests.test_background_access_continuity.BackgroundAccessContinuityTests" name="test_refresh_failure_schedules_retry_without_deleting_sealed_data" time="0.000" /><testcase classname="client.tests.test_background_access_continuity.BackgroundAccessContinuityTests" name="test_upload_and_heartbeat_continue_while_ui_session_is_locked" time="0.000" /><testcase classname="client.tests.test_engineering_maintenance" name="test_engineering_maintenance_requires_authorized_confirmation_before_reading" time="0.002" /><testcase classname="client.tests.test_engineering_maintenance" name="test_engineering_maintenance_rejects_an_unbound_device_and_never_guesses_identity" time="0.000" /><testcase classname="client.tests.test_engineering_maintenance" name="test_engineering_binding_restores_selected_asset_only_for_same_connection" time="0.001" /><testcase classname="client.tests.test_engineering_maintenance" name="test_engineering_distribution_is_read_only_and_excludes_frame_evidence" time="0.001" /><testcase classname="client.tests.test_engineering_maintenance" name="test_support_page_exposes_engineering_distribution_only_when_configured" time="0.046" /><testcase classname="client.tests.test_engineering_maintenance" name="test_engineering_dialog_binds_current_device_before_reading" time="0.075" /><testcase classname="client.tests.test_engineering_maintenance" name="test_controller_wires_the_engineering_maintenance_entry" time="0.045" /><testcase classname="client.tests.test_heatmap_display_refiner" name="test_refiner_removes_a_single_high_outlier_without_spreading_it" time="0.039" /><testcase classname="client.tests.test_heatmap_display_refiner" name="test_refiner_fills_a_single_low_hole_inside_contact" time="0.036" /><testcase classname="client.tests.test_heatmap_display_refiner" name="test_refiner_preserves_a_two_by_two_high_pressure_cluster" time="0.036" /><testcase classname="client.tests.test_heatmap_display_refiner" name="test_refiner_keeps_an_empty_current_frame_empty_after_contact_history" time="0.038" /><testcase classname="client.tests.test_heatmap_display_refiner" name="test_refiner_uses_the_recent_three_frame_median_for_transient_large_noise" time="0.108" /><testcase classname="client.tests.test_heatmap_display_refiner" name="test_refiner_copies_source_matrix_and_never_mutates_it" time="0.035" /><testcase classname="client.tests.test_heatmap_display_refiner" name="test_disabled_refiner_returns_a_separate_unmodified_display_copy" time="0.001" /><testcase classname="client.tests.test_institution_access_ui" name="test_brand_logo_keeps_retina_native_pixels_at_its_logical_size" time="0.001" /><testcase classname="client.tests.test_institution_access_ui" name="test_p00_login_opens_the_p00b_license_registration_form" time="0.011" /><testcase classname="client.tests.test_institution_access_ui" name="test_local_test_license_is_presented_as_a_local_only_test_license" time="0.008" /><testcase classname="client.tests.test_institution_access_ui" name="test_local_test_license_creates_an_account_and_allows_local_login" time="0.009" /><testcase classname="client.tests.test_institution_access_ui" name="test_login_requires_both_institution_account_and_password" time="0.008" /><testcase classname="client.tests.test_institution_access_ui" name="test_login_does_not_claim_success_when_the_license_service_is_unavailable" time="0.008" /><testcase classname="client.tests.test_institution_access_ui" name="test_registration_requires_complete_values_before_attempting_activation" time="0.008" /><testcase classname="client.tests.test_key_envelope" name="test_dual_envelope_allows_server_and_terminal_to_recover_one_payload" time="0.002" /><testcase classname="client.tests.test_key_envelope" name="test_terminal_private_key_cannot_recover_server_only_envelope" time="0.001" /><testcase classname="client.tests.test_key_envelope" name="test_keyring_terminal_handle_persists_only_the_terminal_private_key" time="0.001" /><testcase classname="client.tests.test_key_envelope" name="test_dual_envelope_blob_codec_keeps_plaintext_out_of_sqlite_value" time="0.001" /><testcase classname="client.tests.test_key_envelope" name="test_signed_server_keyset_requires_matching_license_bound_terminal" time="0.004" /><testcase classname="client.tests.test_live_hardware_standardization" name="test_replay_processing_excludes_declared_bad_region_without_mutating_raw_fixture" time="0.023" /><testcase classname="client.tests.test_live_hardware_standardization" name="test_replay_display_and_analysis_source_share_the_same_standardized_input" time="0.027" /><testcase classname="client.tests.test_local_entry" name="test_replay_speed_defaults_to_real_time_and_accepts_development_override" time="0.001" /><testcase classname="client.tests.test_local_entry" name="test_verify_requires_an_explicit_output_directory" time="0.001" /><testcase classname="client.tests.test_local_entry" name="test_fixture_position_guidance_rearms_after_every_stage_at_replay_speed" time="0.000" /><testcase classname="client.tests.test_local_mvp_validation" name="test_local_mvp_validation_exports_the_complete_offline_evidence_bundle" time="18.104" /><testcase classname="client.tests.test_local_mvp_validation" name="test_fixture_failure_writes_an_offline_failure_summary_without_a_report" time="0.055" /><testcase classname="client.tests.test_local_replay_store" name="test_local_replay_report_is_dual_encrypted_and_readable_after_reopen" time="0.006" /><testcase classname="client.tests.test_local_replay_store" name="test_local_replay_store_records_each_completed_stage" time="0.004" /><testcase classname="client.tests.test_local_replay_store" name="test_local_replay_store_encrypts_updated_profile_fields" time="0.005" /><testcase classname="client.tests.test_local_replay_store" name="test_local_identifier_index_is_hmac_and_isolated_by_tenant_issuer_and_type" time="0.005" /><testcase classname="client.tests.test_local_replay_store" name="test_local_replay_session_keeps_encrypted_protocol_and_fixture_provenance" time="0.004" /><testcase classname="client.tests.test_ray_101_controller" name="test_primary_button_dispatches_to_coordinator_and_refreshes_page" time="0.027" /><testcase classname="client.tests.test_ray_101_controller" name="test_controller_drives_the_operator_path_and_deferred_preflight" time="0.050" /><testcase classname="client.tests.test_ray_101_controller" name="test_report_actions_use_the_selected_version_through_coordinator" time="0.026" /><testcase classname="client.tests.test_ray_101_controller" name="test_device_events_refresh_result_and_recovery_pages" time="0.028" /><testcase classname="client.tests.test_ray_101_controller" name="test_start_next_action_returns_to_subject_identification" time="0.027" /><testcase classname="client.tests.test_ray_101_controller" name="test_controller_refreshes_optional_ui_read_models" time="0.027" /><testcase classname="client.tests.test_ray_101_controller" name="test_device_support_actions_do_not_raise_when_adapter_is_not_configured" time="0.026" /><testcase classname="client.tests.test_ray_101_coordinator.CoordinatorPreflightTests" name="test_acquisition_start_failure_closes_created_session_with_safe_error" time="0.001" /><testcase classname="client.tests.test_ray_101_coordinator.CoordinatorPreflightTests" name="test_disconnect_uses_safe_error_and_marks_session_incomplete" time="0.000" /><testcase classname="client.tests.test_ray_101_coordinator.CoordinatorPreflightTests" name="test_export_and_print_remain_pinned_to_the_viewed_report_version" time="0.000" /><testcase classname="client.tests.test_ray_101_coordinator.CoordinatorPreflightTests" name="test_failed_preflight_stays_repairable_without_creating_session" time="0.000" /><testcase classname="client.tests.test_ray_101_coordinator.CoordinatorPreflightTests" name="test_lifecycle_status_is_separate_from_ui_and_report_status" time="0.000" /><testcase classname="client.tests.test_ray_101_coordinator.CoordinatorPreflightTests" name="test_operator_stop_is_safe_and_idempotent" time="0.000" /><testcase classname="client.tests.test_ray_101_coordinator.CoordinatorPreflightTests" name="test_quality_failure_requires_retry_and_never_creates_report" time="0.000" /><testcase classname="client.tests.test_ray_101_coordinator.CoordinatorPreflightTests" name="test_report_generation_failure_is_visible_without_exposing_stack" time="0.000" /><testcase classname="client.tests.test_ray_101_coordinator.CoordinatorPreflightTests" name="test_retry_creates_a_new_session_instead_of_resuming_incomplete_data" time="0.000" /><testcase classname="client.tests.test_ray_101_coordinator.CoordinatorPreflightTests" name="test_session_creation_failure_stays_before_acquisition_with_safe_error" time="0.000" /><testcase classname="client.tests.test_ray_101_coordinator.CoordinatorPreflightTests" name="test_start_is_guarded_against_duplicate_session_creation" time="0.000" /><testcase classname="client.tests.test_ray_101_coordinator.CoordinatorPreflightTests" name="test_start_next_screening_clears_transient_state_and_keeps_records_external" time="0.000" /><testcase classname="client.tests.test_ray_101_coordinator.CoordinatorPreflightTests" name="test_successful_preflight_waits_for_explicit_operator_entry" time="0.000" /><testcase classname="client.tests.test_ray_101_coordinator.CoordinatorPreflightTests" name="test_sync_and_cloud_failure_do_not_invalidate_basic_report" time="0.000" /><testcase classname="client.tests.test_ray_101_coordinator.CoordinatorPreflightTests" name="test_typed_hardware_failure_closes_capture_with_stable_audit_only" time="0.000" /><testcase classname="client.tests.test_ray_101_coordinator.CoordinatorPreflightTests" name="test_valid_session_exposes_versioned_basic_report" time="0.000" /><testcase classname="client.tests.test_ray_101_pages.PageCatalogTests" name="test_acquiring_page_has_one_stop_action_and_no_navigation" time="0.000" /><testcase classname="client.tests.test_ray_101_pages.PageCatalogTests" name="test_catalog_contains_all_prd_pages_with_single_primary_action" time="0.000" /><testcase classname="client.tests.test_ray_101_pages.PageCatalogTests" name="test_workflow_steps_route_to_the_prd_page" time="0.000" /><testcase classname="client.tests.test_ray_101_qt_shell" name="test_shell_builds_all_prd_pages_with_accessible_action_targets" time="0.027" /><testcase classname="client.tests.test_ray_101_qt_shell" name="test_acquiring_state_locks_navigation_and_shows_only_safe_error" time="0.027" /><testcase classname="client.tests.test_ray_101_qt_shell" name="test_each_page_exposes_the_required_operator_controls" time="0.026" /><testcase classname="client.tests.test_ray_101_qt_shell" name="test_subject_match_card_wraps_detail_without_obscuring_primary_action" time="0.034" /><testcase classname="client.tests.test_ray_101_qt_shell" name="test_nonblocking_sync_notice_keeps_basic_report_available" time="0.027" /><testcase classname="client.tests.test_ray_101_state_machine.SessionStateMachineTests" name="test_device_disconnect_marks_session_incomplete_and_offers_retry" time="0.000" /><testcase classname="client.tests.test_ray_101_state_machine.SessionStateMachineTests" name="test_standard_flow_requires_declared_transitions" time="0.000" /><testcase classname="client.tests.test_ray_101_ui_integration" name="test_ui_integration_module_is_available_for_the_real_composition_root" time="0.000" /><testcase classname="client.tests.test_ray_101_ui_integration" name="test_local_report_adapter_pins_one_document_for_analysis_preview_export_and_print" time="0.000" /><testcase classname="client.tests.test_ray_101_ui_integration" name="test_local_report_adapter_reloads_the_exact_persisted_report_version" time="0.000" /><testcase classname="client.tests.test_ray_101_ui_integration" name="test_basic_ready_without_a_versioned_document_is_rejected" time="0.000" /><testcase classname="client.tests.test_ray_101_ui_integration" name="test_retry_required_outcome_cannot_expose_a_customer_report" time="0.000" /><testcase classname="client.tests.test_ray_101_ui_integration" name="test_connected_controller_loads_the_exact_report_document_into_p10" time="0.028" /><testcase classname="client.tests.test_ray_101_ui_integration" name="test_connected_controller_opens_an_explicit_historic_report_reference" time="0.028" /><testcase classname="client.tests.test_ray_101_ui_integration" name="test_historic_selection_pins_export_to_that_report_version" time="0.030" /><testcase classname="client.tests.test_ray_101_ui_integration" name="test_connected_composition_runs_ui_to_local_report_heatmap_export_and_print" time="0.099" /><testcase classname="client.tests.test_ray_114_packaged_entry" name="test_packaged_composition_uses_the_mandatory_gate_before_workbench" time="0.015" /><testcase classname="client.tests.test_ray_114_packaged_entry" name="test_formal_entry_starts_with_the_p00_institution_access_screen" time="0.007" /><testcase classname="client.tests.test_ray_114_packaged_entry" name="test_configured_access_screen_hands_authenticated_session_forward" time="0.009" /><testcase classname="client.tests.test_ray_114_packaged_gate" name="test_workbench_factory_is_not_called_until_passed" time="0.015" /><testcase classname="client.tests.test_ray_114_packaged_gate" name="test_failure_never_creates_workbench_and_retry_starts_a_new_attempt" time="0.016" /><testcase classname="client.tests.test_ray_114_startup_ui" name="test_connecting_is_indeterminate_and_collecting_is_monotonic_determinate" time="0.002" /><testcase classname="client.tests.test_ray_114_startup_ui" name="test_failure_has_plain_copy_one_primary_recovery_and_safe_exit" time="0.016" /><testcase classname="client.tests.test_ray_114_startup_ui" name="test_passed_state_uses_existing_success_asset_and_has_no_skip_action" time="0.002" /><testcase classname="client.tests.test_ray_114_startup_ui" name="test_long_public_copy_wraps_inside_reading_width" time="0.002" /><testcase classname="client.tests.test_ray_114_startup_ui" name="test_packaged_startup_assets_are_runtime_files_not_design_document_links" time="0.001" /><testcase classname="client.tests.test_ray_114_startup_ui" name="test_repeated_signal_failure_prompts_support_without_technical_leak" time="0.002" /><testcase classname="client.tests.test_ray_114_startup_ui" name="test_every_failure_state_has_one_primary_action_and_safe_public_copy" time="0.003" /><testcase classname="client.tests.test_ray_84_controller" name="test_workflow_clock_remains_accurate_when_no_new_display_or_upload_event_arrives" time="0.061" /><testcase classname="client.tests.test_ray_84_display_model" name="test_display_frame_is_immutable_48x64_and_has_cop_and_text_metrics" time="0.000" /><testcase classname="client.tests.test_ray_84_display_model" name="test_latest_only_mailbox_drops_old_display_frames_without_touching_reliable_sink" time="0.001" /><testcase classname="client.tests.test_ray_84_display_model" name="test_refresh_throttle_returns_only_new_device_frames_and_keeps_capture_timestamp" time="0.000" /><testcase classname="client.tests.test_ray_84_display_model" name="test_mailbox_is_thread_safe_under_stalled_ui_consumer" time="0.019" /><testcase classname="client.tests.test_ray_84_live_display_bridge" name="test_live_display_projection_copies_new_hardware_frames_without_mutating_source" time="0.038" /><testcase classname="client.tests.test_ray_84_live_display_bridge" name="test_qt_timer_projects_hardware_latest_frame_into_p07" time="0.097" /><testcase classname="client.tests.test_ray_84_qt" name="test_acquisition_view_renders_heatmap_cop_and_redundant_text_summary" time="0.060" /><testcase classname="client.tests.test_ray_84_qt" name="test_physical_grid_uses_declared_board_dimensions_and_centimetre_ticks" time="0.000" /><testcase classname="client.tests.test_ray_84_qt" name="test_low_pressure_display_color_fades_into_the_black_board" time="0.000" /><testcase classname="client.tests.test_ray_84_qt" name="test_heatmap_widget_high_dpi_render_is_not_blank" time="0.042" /><testcase classname="client.tests.test_ray_84_qt" name="test_widget_refinement_keeps_display_frame_metrics_and_source_pixels_unchanged" time="0.034" /><testcase classname="client.tests.test_ray_84_qt" name="test_widget_remains_bounded_and_renderable_during_continuous_high_dpi_refresh" time="0.810" /><testcase classname="client.tests.test_ray_85_reporting" name="test_basic_report_document_is_serializable_and_contains_no_diagnostic_claim" time="0.000" /><testcase classname="client.tests.test_ray_85_service" name="test_reliable_local_data_generates_versioned_basic_ready_without_network_dependency" time="0.001" /><testcase classname="client.tests.test_ray_85_service" name="test_invalid_quality_persists_result_but_never_generates_customer_report" time="0.000" /><testcase classname="client.tests.test_ray_85_service" name="test_processing_is_idempotent_and_does_not_reread_or_rewrite_immutable_results" time="0.001" /><testcase classname="client.tests.test_ray_85_service" name="test_local_upload_snapshot_is_explicitly_non_authoritative_and_requires_cloud_raw_recompute" time="0.001" /><testcase classname="client.tests.test_ray_85_service" name="test_unreliable_or_incomplete_local_storage_is_rejected_before_analysis" time="0.000" /><testcase classname="client.tests.test_ray_86_hardware_ui" name="test_retryable_device_disconnect_resolves_without_transport_detail" time="0.000" /><testcase classname="client.tests.test_ray_86_hardware_ui" name="test_controller_presents_retryable_hardware_failure_to_operator" time="0.027" /><testcase classname="client.tests.test_ray_86_hardware_ui" name="test_support_only_hardware_failure_hides_retry_and_shows_safe_instruction" time="0.027" /><testcase classname="client.tests.test_ray_89_session_deletion_ui" name="test_session_deletion_requires_exact_single_session_confirmation" time="0.032" /><testcase classname="client.tests.test_ray_90_analysis" name="test_fixed_fixture_produces_deterministic_relative_heatmap_and_basic_loads_without_mutation" time="0.002" /><testcase classname="client.tests.test_ray_90_analysis" name="test_cop_metrics_are_computed_internally_but_withheld_from_customer_until_validated" time="0.001" /><testcase classname="client.tests.test_ray_90_analysis" name="test_invalid_quality_or_missing_prerequisite_emits_no_customer_number" time="0.001" /><testcase classname="client.tests.test_ray_90_analysis" name="test_local_basic_definitions_align_with_independent_cloud_reference_within_tolerance" time="0.001" /><testcase classname="client.tests.test_ray_90_registry" name="test_every_metric_declares_definition_version_rate_calibration_and_validation" time="0.000" /><testcase classname="client.tests.test_ray_90_registry" name="test_frequency_score_and_reference_range_are_not_customer_visible" time="0.000" /><testcase classname="client.tests.test_ray_90_registry" name="test_cop_path_amplitude_and_area_register_units_and_prerequisites" time="0.000" /><testcase classname="client.tests.test_ray_91_coordinator" name="test_stable_position_waits_for_explicit_start_and_passes_protocol_snapshot" time="0.000" /><testcase classname="client.tests.test_ray_91_coordinator" name="test_manual_start_is_blocked_until_minimum_contact_and_valid_area" time="0.000" /><testcase classname="client.tests.test_ray_91_coordinator" name="test_protocol_duration_automatically_finishes_local_processing_and_basic_report" time="0.000" /><testcase classname="client.tests.test_ray_91_position_guidance" name="test_stable_position_counts_down_with_text_and_resets_when_subject_leaves" time="0.000" /><testcase classname="client.tests.test_ray_91_position_guidance" name="test_stable_hold_enables_manual_start_without_automatic_transition" time="0.000" /><testcase classname="client.tests.test_ray_91_protocol" name="test_default_protocol_is_versioned_and_captures_start_end_quality_and_prompts" time="0.000" /><testcase classname="client.tests.test_ray_91_protocol" name="test_extended_paradigm_requires_both_feature_flag_and_validation" time="0.000" /><testcase classname="client.tests.test_ray_91_protocol" name="test_pilot_standard_protocol_is_replay_only_and_is_rejected_by_institution_catalog" time="0.000" /><testcase classname="client.tests.test_ray_91_protocol" name="test_reference_range_is_publishable_only_with_population_source_version_and_approval" time="0.000" /><testcase classname="client.tests.test_ray_91_qt" name="test_position_page_presents_numeric_and_text_countdown_with_one_main_action" time="0.027" /><testcase classname="client.tests.test_ray_91_qt" name="test_preflight_shows_four_checks_and_waits_for_operator_entry" time="0.028" /><testcase classname="client.tests.test_ray_91_qt" name="test_acquisition_page_uses_protocol_prompt_and_only_exposes_stop" time="0.027" /><testcase classname="client.tests.test_ray_91_qt" name="test_stop_action_requires_one_brief_confirmation" time="0.026" /><testcase classname="client.tests.test_ray_91_qt" name="test_valid_result_shows_report_and_next_but_invalid_result_only_shows_retry" time="0.026" /><testcase classname="client.tests.test_ray_91_reference_protocol_fixture" name="test_reference_protocol_fixture_has_all_deidentified_20_second_pose_sequences" time="0.005" /><testcase classname="client.tests.test_ray_91_reference_protocol_fixture" name="test_compatibility_mirror_matches_the_canonical_test_fixture" time="0.001" /><testcase classname="client.tests.test_ray_91_reference_protocol_fixture" name="test_reference_protocol_fixture_is_repeatable_relative_input[open_eyes_bilateral]" time="0.003" /><testcase classname="client.tests.test_ray_91_reference_protocol_fixture" name="test_reference_protocol_fixture_is_repeatable_relative_input[closed_eyes_bilateral]" time="0.003" /><testcase classname="client.tests.test_ray_91_reference_protocol_fixture" name="test_reference_protocol_fixture_is_repeatable_relative_input[tandem_left_front]" time="0.003" /><testcase classname="client.tests.test_ray_91_reference_protocol_fixture" name="test_reference_protocol_fixture_is_repeatable_relative_input[tandem_right_front]" time="0.002" /><testcase classname="client.tests.test_ray_91_reference_protocol_fixture" name="test_reference_protocol_replays_through_the_production_display_projection[open_eyes_bilateral]" time="2.336" /><testcase classname="client.tests.test_ray_91_reference_protocol_fixture" name="test_reference_protocol_replays_through_the_production_display_projection[closed_eyes_bilateral]" time="2.327" /><testcase classname="client.tests.test_ray_91_reference_protocol_fixture" name="test_reference_protocol_replays_through_the_production_display_projection[tandem_left_front]" time="2.341" /><testcase classname="client.tests.test_ray_91_reference_protocol_fixture" name="test_reference_protocol_replays_through_the_production_display_projection[tandem_right_front]" time="2.357" /><testcase classname="client.tests.test_ray_92_consent.ConsentWorkflowTests" name="test_confirmation_records_required_and_optional_research_separately" time="0.000" /><testcase classname="client.tests.test_ray_92_consent.ConsentWorkflowTests" name="test_matching_valid_consent_is_reused_without_creating_a_new_record" time="0.000" /><testcase classname="client.tests.test_ray_92_consent.ConsentWorkflowTests" name="test_policy_change_requires_confirmation_and_decline_creates_nothing" time="0.000" /><testcase classname="client.tests.test_ray_92_controller" name="test_found_subject_profile_and_consent_are_bound_before_preflight" time="0.050" /><testcase classname="client.tests.test_ray_92_controller" name="test_required_consent_decline_stays_on_consent_with_plain_error" time="0.028" /><testcase classname="client.tests.test_ray_92_controller" name="test_reused_consent_still_runs_and_stops_on_device_preflight" time="0.035" /><testcase classname="client.tests.test_ray_92_controller" name="test_conflicting_identifier_cannot_advance_or_auto_merge" time="0.028" /><testcase classname="client.tests.test_ray_92_participant.ParticipantWorkflowTests" name="test_anonymous_quick_create_uses_unknown_profile_without_identity" time="0.000" /><testcase classname="client.tests.test_ray_92_participant.ParticipantWorkflowTests" name="test_blank_external_id_is_rejected_before_port_access" time="0.000" /><testcase classname="client.tests.test_ray_92_participant.ParticipantWorkflowTests" name="test_conflicting_institution_id_never_selects_or_merges_a_subject" time="0.000" /><testcase classname="client.tests.test_ray_92_participant.ParticipantWorkflowTests" name="test_cross_tenant_candidate_is_rejected_before_selection" time="0.000" /><testcase classname="client.tests.test_ray_92_participant.ParticipantWorkflowTests" name="test_found_subject_access_is_audited_without_external_id_value" time="0.000" /><testcase classname="client.tests.test_ray_92_participant.ParticipantWorkflowTests" name="test_not_found_id_can_create_with_the_same_institution_context" time="0.000" /><testcase classname="client.tests.test_ray_92_participant.ParticipantWorkflowTests" name="test_optional_field_preserves_missing_meaning" time="0.000" /><testcase classname="client.tests.test_ray_92_participant.ParticipantWorkflowTests" name="test_report_export_audit_uses_tenant_subject_and_report_version" time="0.000" /><testcase classname="client.tests.test_ray_92_participant.ParticipantWorkflowTests" name="test_selected_subject_profile_preserves_each_field_state" time="0.000" /><testcase classname="client.tests.test_ray_92_qt" name="test_subject_page_exposes_id_types_and_lookup_action" time="0.028" /><testcase classname="client.tests.test_ray_92_qt" name="test_profile_fields_each_have_an_explicit_missing_state_selector" time="0.027" /><testcase classname="client.tests.test_ray_92_qt" name="test_profile_condition_chips_are_selectable_and_persist_their_state" time="0.026" /><testcase classname="client.tests.test_ray_92_qt" name="test_consent_choices_are_separate_and_not_preselected" time="0.026" /><testcase classname="client.tests.test_ray_92_session_binding.SessionBindingTests" name="test_acquisition_is_blocked_when_subject_or_consent_is_not_bound" time="0.000" /><testcase classname="client.tests.test_ray_92_session_binding.SessionBindingTests" name="test_session_creation_receives_selected_subject_and_consent_snapshot" time="0.000" /><testcase classname="client.tests.test_ray_96_deployment" name="test_runtime_paths_separate_install_from_persistent_data_and_uninstall_preserves_data" time="0.000" /><testcase classname="client.tests.test_ray_96_deployment" name="test_build_manifest_records_software_protocol_report_and_data_schema_versions" time="0.000" /><testcase classname="client.tests.test_ray_96_deployment" name="test_startup_gate_routes_unactivated_terminal_to_activation_and_bound_terminal_to_workbench" time="0.000" /><testcase classname="client.tests.test_ray_96_deployment" name="test_windows_requires_ch340_probe_but_deployment_layer_does_not_install_driver" time="0.000" /><testcase classname="client.tests.test_ray_96_deployment" name="test_upgrade_rejects_unsigned_incompatible_or_busy_candidates" time="0.000" /><testcase classname="client.tests.test_ray_96_deployment" name="test_failed_upgrade_rolls_back_application_and_database_without_session_data_api" time="0.000" /><testcase classname="client.tests.test_ray_96_deployment" name="test_pyinstaller_spec_and_build_config_are_present_without_embedded_credentials" time="0.001" /><testcase classname="client.tests.test_ray_96_pdf_delivery" name="test_a4_pdf_renderer_creates_readable_versioned_pdf" time="0.030" /><testcase classname="client.tests.test_ray_96_pdf_delivery" name="test_delivery_exports_atomically_and_prints_safe_temporary_name_with_confirmation" time="0.039" /><testcase classname="client.tests.test_report_copy" name="test_basic_report_copy_describes_available_relative_metrics_without_a_risk_claim" time="0.000" /><testcase classname="client.tests.test_report_copy" name="test_replay_copy_keeps_fixture_output_out_of_customer_interpretation" time="0.000" /><testcase classname="client.tests.test_seed_access_runtime.ClientAccessRuntimeTests" name="test_activation_persists_metadata_and_keyring_refresh_only" time="0.002" /><testcase classname="client.tests.test_seed_access_runtime.ClientAccessRuntimeTests" name="test_concurrent_token_consumers_serialize_one_refresh_rotation" time="0.003" /><testcase classname="client.tests.test_seed_access_runtime.ClientAccessRuntimeTests" name="test_expiring_access_token_rotates_refresh_once" time="0.003" /><testcase classname="client.tests.test_seed_access_runtime.ClientAccessRuntimeTests" name="test_hardware_mismatch_stops_authenticated_handoff" time="0.002" /><testcase classname="client.tests.test_seed_access_runtime.ClientAccessRuntimeTests" name="test_invalid_refresh_clears_credentials_but_preserves_access_metadata" time="0.002" /><testcase classname="client.tests.test_seed_access_runtime.ClientAccessRuntimeTests" name="test_replacement_computer_uses_new_installation_for_same_license_and_hardware" time="0.002" /><testcase classname="client.tests.test_seed_access_runtime.ClientAccessRuntimeTests" name="test_settings_require_https_and_explicit_7443_integration_ca" time="0.002" /><testcase classname="client.tests.test_seed_activation_ui" name="test_seed_activation_uses_provider_provisioned_fields_only" time="0.008" /><testcase classname="client.tests.test_seed_activation_ui" name="test_production_activation_is_disabled_until_stable_hardware_exists" time="0.007" /><testcase classname="client.tests.test_seed_activation_ui" name="test_activation_callback_receives_account_code_passwords_and_hardware" time="0.007" /><testcase classname="client.tests.test_seed_activation_ui" name="test_local_test_license_does_not_call_production_activation" time="0.007" /><testcase classname="client.tests.test_seed_hardware_identity" name="test_activation_identity_requires_usb_serial_number" time="0.000" /><testcase classname="client.tests.test_seed_hardware_identity" name="test_activation_identity_reports_absent_busy_and_multiple_explicitly" time="0.000" /><testcase classname="client.tests.test_seed_hardware_identity" name="test_activation_returns_opaque_identity_and_suffix_only" time="0.000" /><testcase classname="client.tests.test_seed_hardware_identity" name="test_startup_opens_only_the_license_bound_device" time="0.000" /><testcase classname="client.tests.test_seed_hardware_identity" name="test_startup_rejects_mismatched_physical_device_before_opening" time="0.000" /><testcase classname="client.tests.test_seed_license_policy.SeedLicensePolicyTests" name="test_active_online_requires_current_installation_lease" time="0.000" /><testcase classname="client.tests.test_seed_license_policy.SeedLicensePolicyTests" name="test_license2_signature_binding_and_monotonic_version" time="0.002" /><testcase classname="client.tests.test_seed_license_policy.SeedLicensePolicyTests" name="test_license_states_clock_and_spool_quotas_only_block_new_tests" time="0.001" /><testcase classname="client.tests.test_seed_license_policy.SeedLicensePolicyTests" name="test_offline_grace_allows_exact_24h_but_states_exclusivity_limit" time="0.000" /><testcase classname="client.tests.test_session_lock.SessionLockControllerTests" name="test_default_and_supported_timeout_options" time="0.000" /><testcase classname="client.tests.test_session_lock.SessionLockControllerTests" name="test_timeout_during_acquisition_defers_visual_lock_until_finish" time="0.000" /><testcase classname="client.tests.test_session_lock.SessionLockControllerTests" name="test_timeout_during_finalization_also_defers_then_locks" time="0.000" /><testcase classname="client.tests.test_session_lock.SessionLockControllerTests" name="test_unlock_requires_password_and_rate_limits_failures" time="0.000" /><testcase classname="client.tests.test_session_lock.SessionLockControllerTests" name="test_user_activity_resets_timeout_and_never_disables_locking" time="0.000" /><testcase classname="client.tests.test_session_lock_qt" name="test_qt_lock_overlay_masks_content_and_unlocks_with_account_password" time="0.047" /><testcase classname="client.tests.test_session_lock_qt" name="test_lock_waits_for_protected_acquisition_then_background_timer_continues" time="0.068" /><testcase classname="client.tests.test_ui_demo" name="test_design_demo_routes_the_operator_through_the_standard_flow" time="0.065" /><testcase classname="client.tests.test_ui_demo" name="test_design_demo_seeds_the_operator_dashboard" time="0.065" /><testcase classname="client.tests.test_ui_demo" name="test_design_demo_opens_a_versioned_report_preview" time="0.063" /><testcase classname="client.tests.test_ui_demo" name="test_design_demo_seeds_record_history_and_support_state" time="0.080" /><testcase classname="client.tests.test_ui_design_system" name="test_design_system_marks_primary_actions_and_preserves_target_size" time="0.001" /><testcase classname="client.tests.test_ui_design_system" name="test_workbench_has_source_topbar_statuses_and_central_primary_action" time="0.025" /><testcase classname="client.tests.test_ui_design_system" name="test_guidance_and_acquisition_pages_use_dedicated_operator_layouts" time="0.025" /><testcase classname="client.tests.test_ui_design_system" name="test_wizard_and_focus_pages_follow_the_source_screen_structure" time="0.025" /><testcase classname="client.tests.test_ui_design_system" name="test_report_preview_presents_the_selected_report_version" time="0.026" /><testcase classname="client.tests.test_ui_design_system" name="test_subject_and_consent_pages_group_operator_decisions_visually" time="0.026" /><testcase classname="client.tests.test_ui_design_system" name="test_preflight_result_and_support_statuses_have_named_read_models" time="0.026" /><testcase classname="client.tests.test_ui_read_models" name="test_dashboard_snapshot_populates_operator_summary_and_recent_records" time="0.027" /><testcase classname="client.tests.test_ui_read_models" name="test_read_models_populate_record_history_and_support_summary" time="0.027" /><testcase classname="client.tests.test_ui_read_models" name="test_record_history_filters_by_identifier_and_report_status" time="0.027" /><testcase classname="client.tests.test_ui_read_models" name="test_record_history_filters_by_actual_performed_date" time="0.027" /><testcase classname="client.tests.test_ui_read_models" name="test_record_history_view_action_carries_the_pinned_report_reference" time="0.027" /><testcase classname="client.tests.test_v1_debug_analysis" name="test_v1_debug_analysis_uses_all_four_stages_without_publishing_risk_score" time="0.017" /><testcase classname="client.tests.test_v1_debug_analysis" name="test_v1_debug_processor_persists_reproducible_analysis_before_report" time="0.015" /><testcase classname="client.tests.test_v1_fixture_replay" name="test_fixture_replay_validates_and_exposes_each_v1_stage" time="0.004" /><testcase classname="client.tests.test_v1_fixture_replay" name="test_invalid_fixture_is_exposed_as_a_safe_preflight_failure" time="0.000" /><testcase classname="client.tests.test_v1_local_end_to_end" name="test_local_v1_replay_runs_from_subject_entry_to_persisted_pdf_and_history" time="13.841" /><testcase classname="client.tests.test_v1_replay_protocol" name="test_default_protocol_describes_the_four_required_v1_replay_stages" time="0.000" /><testcase classname="client.tests.test_v1_replay_ui" name="test_replay_acquisition_shows_stage_source_and_20_second_progress" time="0.029" /><testcase classname="client.tests.test_v1_staged_coordinator" name="test_four_stage_protocol_returns_to_guidance_until_final_stage" time="0.000" /></testsuite></testsuites>