<?xml version="1.0" encoding="utf-8"?><testsuites name="pytest tests"><testsuite name="pytest" errors="0" failures="0" skipped="0" tests="102" time="1.527" timestamp="2026-07-21T20:31:18.264783-07:00" hostname="localhost"><testcase classname="tests.startup_validation.test_failure_recovery" name="test_third_consecutive_signal_failure_escalates_to_service_required" time="0.001" /><testcase classname="tests.startup_validation.test_failure_recovery" name="test_pass_or_non_signal_failure_breaks_the_consecutive_chain" time="0.000" /><testcase classname="tests.startup_validation.test_failure_recovery" name="test_recoverable_device_and_load_failures_never_escalate" time="0.000" /><testcase classname="tests.startup_validation.test_models_and_rules" name="test_run_is_versioned_auditable_and_contains_no_raw_frame_payload" time="0.001" /><testcase classname="tests.startup_validation.test_models_and_rules" name="test_healthy_unloaded_window_passes_without_claiming_physical_units" time="0.015" /><testcase classname="tests.startup_validation.test_models_and_rules" name="test_rule_engine_rejects_low_rate_and_large_host_gap" time="0.006" /><testcase classname="tests.startup_validation.test_models_and_rules" name="test_rule_engine_rejects_no_variation_and_fixed_nonzero_area" time="0.006" /><testcase classname="tests.startup_validation.test_models_and_rules" name="test_rule_engine_rejects_saturation_and_persistent_local_anomaly" time="0.006" /><testcase classname="tests.startup_validation.test_models_and_rules" name="test_rule_engine_rejects_temporal_noise_and_drift" time="0.027" /><testcase classname="tests.startup_validation.test_models_and_rules" name="test_rule_engine_rejects_wrong_shape_or_dtype_as_signal_invalid" time="0.001" /><testcase classname="tests.startup_validation.test_persistence" name="test_migration_adds_versioned_validation_audit_and_telemetry_queue" time="0.005" /><testcase classname="tests.startup_validation.test_persistence" name="test_audit_trail_persists_only_safe_versioned_summary_and_pending_event" time="0.004" /><testcase classname="tests.startup_validation.test_persistence" name="test_upload_failure_requeues_without_mutating_local_audit" time="0.004" /><testcase classname="tests.startup_validation.test_persistence" name="test_audit_rejects_raw_device_paths_and_does_not_accept_arbitrary_debug_data" time="0.004" /><testcase classname="tests.startup_validation.test_persistence" name="test_retry_chain_is_queryable_in_newest_first_order" time="0.004" /><testcase classname="tests.startup_validation.test_persistence" name="test_existing_schema_one_database_migrates_without_losing_old_table" time="0.003" /><testcase classname="tests.startup_validation.test_persistence" name="test_startup_recovery_requeues_interrupted_telemetry_with_attempt" time="0.005" /><testcase classname="tests.startup_validation.test_serial_connector" name="test_connector_opens_available_ch340_and_returns_production_boundaries" time="0.000" /><testcase classname="tests.startup_validation.test_serial_connector" name="test_connector_distinguishes_absent_from_busy_without_exposing_port" time="0.000" /><testcase classname="tests.startup_validation.test_serial_connector" name="test_open_race_is_reported_as_busy_and_keeps_device_identity_private" time="0.000" /><testcase classname="tests.startup_validation.test_startup_workflow" name="test_success_path_is_linear_and_workbench_gate_opens_only_after_pass" time="0.000" /><testcase classname="tests.startup_validation.test_startup_workflow" name="test_each_failure_blocks_workbench_and_has_one_plain_recovery_action" time="0.000" /><testcase classname="tests.startup_validation.test_startup_workflow" name="test_connector_failures_have_stable_public_states_and_actions" time="0.000" /><testcase classname="tests.startup_validation.test_startup_workflow" name="test_retry_creates_a_fresh_connection_and_run_context" time="0.000" /><testcase classname="tests.startup_validation.test_startup_workflow" name="test_public_presentation_requires_real_progress_not_fake_percentage" time="0.000" /><testcase classname="tests.startup_validation.test_startup_workflow" name="test_policy_runs_before_audit_and_service_required_stays_blocked" time="0.000" /><testcase classname="tests.startup_validation.test_startup_workflow" name="test_connection_failures_are_also_written_to_the_audit_sink" time="0.000" /><testcase classname="tests.startup_validation.test_startup_workflow" name="test_unexpected_errors_use_stable_public_code_and_unique_diagnostic_ids" time="0.000" /><testcase classname="tests.startup_validation.test_validation_service" name="test_window_starts_on_first_valid_unloaded_frame_and_spans_full_five_seconds" time="0.007" /><testcase classname="tests.startup_validation.test_validation_service" name="test_obvious_load_discards_the_partial_window" time="0.000" /><testcase classname="tests.startup_validation.test_validation_service" name="test_disconnect_discards_the_partial_window" time="0.002" /><testcase classname="tests.startup_validation.test_validation_service" name="test_empty_reads_after_collection_starts_are_a_stream_interruption" time="0.000" /><testcase classname="tests.startup_validation.test_validation_service" name="test_retry_uses_a_new_run_id_and_does_not_reuse_old_window" time="0.007" /><testcase classname="tests.device.test_acquisition.ConnectionStateTests" name="test_reconnect_after_error_stops_at_ready" time="0.001" /><testcase classname="tests.device.test_acquisition.ConnectionStateTests" name="test_state_machine_allows_only_explicit_connection_transitions" time="0.000" /><testcase classname="tests.device.test_acquisition.AcquisitionRunnerTests" name="test_disconnect_marks_result_incomplete_and_requires_reconnect" time="0.001" /><testcase classname="tests.device.test_acquisition.AcquisitionRunnerTests" name="test_failed_runner_cannot_stitch_a_reconnected_session" time="0.000" /><testcase classname="tests.device.test_acquisition.AcquisitionRunnerTests" name="test_storage_failure_never_publishes_unstored_frame" time="0.000" /><testcase classname="tests.device.test_acquisition.AcquisitionRunnerTests" name="test_storage_queue_precedes_latest_mailbox_and_preserves_audit_fields" time="0.000" /><testcase classname="tests.device.test_acquisition.AcquisitionRunnerTests" name="test_worker_executes_blocking_reader_outside_calling_thread" time="0.000" /><testcase classname="tests.device.test_pipeline.PreallocatedFrameBufferTests" name="test_fixed_capacity_fifo_never_silently_drops_storage_frames" time="0.000" /><testcase classname="tests.device.test_pipeline.PreallocatedFrameBufferTests" name="test_latest_mailbox_overwrites_display_only_frames_with_audit_count" time="0.000" /><testcase classname="tests.device.test_pipeline.RawCountAndVersionTests" name="test_display_projection_is_separate_and_does_not_overwrite_raw_counts" time="0.012" /><testcase classname="tests.device.test_pipeline.RawCountAndVersionTests" name="test_parameter_content_changes_processing_identity_without_touching_raw" time="0.000" /><testcase classname="tests.device.test_pipeline.RawCountAndVersionTests" name="test_session_manifest_round_trip_persists_every_required_version" time="0.000" /><testcase classname="tests.device.test_pipeline.RawCountAndVersionTests" name="test_unverified_calibration_cannot_request_physical_units" time="0.000" /><testcase classname="tests.device.test_pipeline.DisplayCadenceTests" name="test_ui_refresh_clock_is_explicitly_independent_from_sample_clock" time="0.000" /><testcase classname="tests.device.test_pipeline_benchmark.PipelineBenchmarkTests" name="test_slow_storage_ui_stall_and_parallel_reader_preserve_storage_frames" time="0.024" /><testcase classname="tests.device.test_protocol.ProtocolSurfaceTests" name="test_capture_profile_controls_wire_length_order_and_checksum_slice" time="0.000" /><testcase classname="tests.device.test_protocol.ProtocolSurfaceTests" name="test_capture_verified_profile_requires_fixture_digest" time="0.000" /><testcase classname="tests.device.test_protocol.ProtocolSurfaceTests" name="test_current_runtime_contract_has_no_legacy_6151_byte_definition" time="0.000" /><testcase classname="tests.device.test_protocol.ProtocolSurfaceTests" name="test_direct_verified_profile_cannot_bypass_fixture_digest_gate" time="0.000" /><testcase classname="tests.device.test_protocol.ProtocolSurfaceTests" name="test_length_function_and_tail_failures_are_audited_separately" time="0.000" /><testcase classname="tests.device.test_protocol.ProtocolSurfaceTests" name="test_noise_and_bad_checksum_resynchronize_at_next_header" time="0.000" /><testcase classname="tests.device.test_protocol.ProtocolSurfaceTests" name="test_observed_compact_profile_decodes_8bit_grid_without_checksum_filter" time="0.000" /><testcase classname="tests.device.test_protocol.ProtocolSurfaceTests" name="test_parser_accepts_single_bytes_and_emits_host_audited_matrix" time="0.002" /><testcase classname="tests.device.test_protocol.ProtocolSurfaceTests" name="test_parser_rejects_synthetic_profile_without_explicit_override" time="0.000" /><testcase classname="tests.device.test_protocol.ProtocolSurfaceTests" name="test_protocol_module_exposes_incremental_parser" time="0.000" /><testcase classname="tests.device.test_protocol.ProtocolSurfaceTests" name="test_random_chunks_and_sticky_frames_preserve_order_and_interval_audit" time="0.000" /><testcase classname="tests.device.test_protocol.ProtocolSurfaceTests" name="test_seeded_noise_fuzz_recovers_all_inserted_valid_frames" time="0.001" /><testcase classname="tests.device.test_protocol.ProtocolSurfaceTests" name="test_sustained_noise_never_retains_more_than_configured_buffer_limit" time="0.000" /><testcase classname="tests.device.test_serial_transport.SerialDiscoveryTests" name="test_enumeration_filters_ch340_and_probes_availability" time="0.000" /><testcase classname="tests.device.test_serial_transport.SerialDiscoveryTests" name="test_enumeration_without_probe_does_not_claim_occupancy" time="0.000" /><testcase classname="tests.device.test_serial_transport.SerialTransportTests" name="test_open_uses_one_megabaud_8n1_and_implements_byte_transport" time="0.000" /><testcase classname="tests.device.test_serial_transport.SerialTransportTests" name="test_read_failure_maps_to_transport_disconnect" time="0.000" /><testcase classname="tests.device.test_simulator.SimulatorFrameTests" name="test_capture_replay_verifies_digest_and_uses_byte_transport" time="0.001" /><testcase classname="tests.device.test_simulator.SimulatorFrameTests" name="test_cop_sway_moves_the_raw_count_centroid_periodically" time="0.000" /><testcase classname="tests.device.test_simulator.SimulatorFrameTests" name="test_encoded_matrix_traverses_the_real_parser" time="0.000" /><testcase classname="tests.device.test_simulator.SimulatorFrameTests" name="test_encoder_rejects_counts_outside_uint8_range" time="0.000" /><testcase classname="tests.device.test_simulator.SimulatorFrameTests" name="test_fault_plan_injects_wire_errors_partial_frame_noise_and_disconnect" time="0.000" /><testcase classname="tests.device.test_simulator.SimulatorFrameTests" name="test_pressure_scene_models_static_and_left_right_load_bias" time="0.000" /><testcase classname="tests.device.test_simulator.SimulatorFrameTests" name="test_realtime_pacing_has_controlled_jitter_and_can_emit_sticky_frames" time="0.001" /><testcase classname="tests.device.test_simulator.SimulatorFrameTests" name="test_transport_defaults_to_hardware_rate_and_streams_custom_frames" time="0.000" /><testcase classname="tests.spool.test_recovery.RecoveryScannerTests" name="test_acknowledged_file_is_deleted_before_its_state_record_is_finalized" time="0.010" /><testcase classname="tests.spool.test_recovery.RecoveryScannerTests" name="test_cleanup_delete_error_keeps_acknowledged_state_record" time="0.012" /><testcase classname="tests.spool.test_recovery.RecoveryScannerTests" name="test_complete_temp_segment_is_promoted_and_registered_after_restart" time="0.005" /><testcase classname="tests.spool.test_recovery.RecoveryScannerTests" name="test_crash_after_rename_before_database_is_recovered_idempotently" time="0.007" /><testcase classname="tests.spool.test_recovery.RecoveryScannerTests" name="test_invalid_tmp_is_quarantined_and_never_registered" time="0.007" /><testcase classname="tests.spool.test_recovery.RecoveryScannerTests" name="test_sealed_file_is_registered_before_pending_upload_is_visible" time="0.005" /><testcase classname="tests.spool.test_recovery.RecoveryScannerTests" name="test_tampered_sealed_file_is_quarantined_without_stopping_recovery" time="0.005" /><testcase classname="tests.spool.test_segments.ImmutableSegmentTests" name="test_five_second_boundary_seals_encrypted_immutable_raw_frames" time="0.003" /><testcase classname="tests.spool.test_segments.ImmutableSegmentTests" name="test_observed_compact_uint8_frame_round_trips_without_dtype_promotion" time="0.001" /><testcase classname="tests.spool.test_segments.ImmutableSegmentTests" name="test_random_nonce_makes_identical_plaintext_ciphertexts_distinct" time="0.001" /><testcase classname="tests.spool.test_segments.ImmutableSegmentTests" name="test_session_manifest_binds_segment_index_digest_frames_versions_and_quality" time="0.001" /><testcase classname="tests.spool.test_segments.ImmutableSegmentTests" name="test_tamper_is_detected_before_plaintext_is_returned" time="0.001" /><testcase classname="tests.spool.test_state_store.StateStoreTests" name="test_cleanup_only_selects_acknowledged_segments_past_retention" time="0.005" /><testcase classname="tests.spool.test_state_store.StateStoreTests" name="test_corrupt_quarantined_data_still_counts_against_offline_quota" time="0.004" /><testcase classname="tests.spool.test_state_store.StateStoreTests" name="test_database_uses_wal_and_versioned_migrations" time="0.003" /><testcase classname="tests.spool.test_state_store.StateStoreTests" name="test_recovery_marks_acquiring_incomplete_and_requeues_uploading" time="0.004" /><testcase classname="tests.spool.test_state_store.StateStoreTests" name="test_sensitive_reference_updates_preserve_existing_session_foreign_keys" time="0.004" /><testcase classname="tests.spool.test_state_store.StateStoreTests" name="test_sensitive_subject_and_consent_blobs_are_encrypted_outside_database_key" time="0.004" /><testcase classname="tests.spool.test_state_store.StateStoreTests" name="test_transactional_offline_snapshot_and_all_new_test_gates" time="0.014" /><testcase classname="client.tests.test_ray_114_startup_ui" name="test_connecting_is_indeterminate_and_collecting_is_monotonic_determinate" time="0.398" /><testcase classname="client.tests.test_ray_114_startup_ui" name="test_failure_has_plain_copy_one_primary_recovery_and_safe_exit" time="0.126" /><testcase classname="client.tests.test_ray_114_startup_ui" name="test_passed_state_uses_existing_success_asset_and_has_no_skip_action" time="0.104" /><testcase classname="client.tests.test_ray_114_startup_ui" name="test_long_public_copy_wraps_inside_reading_width" time="0.039" /><testcase classname="client.tests.test_ray_114_startup_ui" name="test_packaged_startup_assets_are_runtime_files_not_design_document_links" time="0.001" /><testcase classname="client.tests.test_ray_114_startup_ui" name="test_repeated_signal_failure_prompts_support_without_technical_leak" time="0.062" /><testcase classname="client.tests.test_ray_114_startup_ui" name="test_every_failure_state_has_one_primary_action_and_safe_public_copy" time="0.061" /><testcase classname="client.tests.test_ray_114_packaged_gate" name="test_workbench_factory_is_not_called_until_passed" time="0.097" /><testcase classname="client.tests.test_ray_114_packaged_gate" name="test_failure_never_creates_workbench_and_retry_starts_a_new_attempt" time="0.072" /><testcase classname="client.tests.test_ray_114_packaged_entry" name="test_packaged_composition_uses_the_mandatory_gate_before_workbench" time="0.068" /></testsuite></testsuites>