<?xml version="1.0" encoding="utf-8"?><testsuites name="pytest tests"><testsuite name="pytest" errors="0" failures="0" skipped="0" tests="88" time="1.350" timestamp="2026-08-02T06:51:32.502278-07:00" hostname="Mac-mini.local"><testcase classname="tests.startup_validation.test_failure_recovery" name="test_third_consecutive_signal_failure_escalates_to_service_required" time="0.000" /><testcase classname="tests.startup_validation.test_failure_recovery" name="test_pass_or_non_signal_failure_breaks_the_consecutive_chain" time="0.000" /><testcase classname="tests.startup_validation.test_failure_recovery" name="test_recoverable_device_and_load_failures_never_escalate" time="0.000" /><testcase classname="tests.startup_validation.test_models_and_rules" name="test_run_is_versioned_auditable_and_contains_no_raw_frame_payload" time="0.001" /><testcase classname="tests.startup_validation.test_models_and_rules" name="test_healthy_unloaded_window_passes_without_claiming_physical_units" time="0.009" /><testcase classname="tests.startup_validation.test_models_and_rules" name="test_rule_engine_rejects_low_rate_and_large_host_gap" time="0.009" /><testcase classname="tests.startup_validation.test_models_and_rules" name="test_rule_engine_rejects_no_variation_and_fixed_nonzero_area" time="0.010" /><testcase classname="tests.startup_validation.test_models_and_rules" name="test_rule_engine_accepts_sparse_real_empty_board_jitter" time="0.006" /><testcase classname="tests.startup_validation.test_models_and_rules" name="test_rule_engine_rejects_saturation_and_persistent_local_anomaly" time="0.010" /><testcase classname="tests.startup_validation.test_models_and_rules" name="test_rule_engine_rejects_temporal_noise_and_drift" time="0.016" /><testcase classname="tests.startup_validation.test_models_and_rules" name="test_rule_engine_rejects_wrong_shape_or_dtype_as_signal_invalid" time="0.003" /><testcase classname="tests.startup_validation.test_models_and_rules" name="test_load_detector_reports_which_nonempty_guard_matched_without_values" time="0.002" /><testcase classname="tests.startup_validation.test_persistence" name="test_migration_adds_versioned_validation_audit_and_telemetry_queue" time="0.006" /><testcase classname="tests.startup_validation.test_persistence" name="test_audit_trail_persists_only_safe_versioned_summary_and_pending_event" time="0.007" /><testcase classname="tests.startup_validation.test_persistence" name="test_upload_failure_requeues_without_mutating_local_audit" time="0.007" /><testcase classname="tests.startup_validation.test_persistence" name="test_audit_rejects_raw_device_paths_and_does_not_accept_arbitrary_debug_data" time="0.005" /><testcase classname="tests.startup_validation.test_persistence" name="test_retry_chain_is_queryable_in_newest_first_order" time="0.005" /><testcase classname="tests.startup_validation.test_persistence" name="test_existing_schema_one_database_migrates_without_losing_old_table" time="0.003" /><testcase classname="tests.startup_validation.test_persistence" name="test_startup_recovery_requeues_interrupted_telemetry_with_attempt" time="0.005" /><testcase classname="tests.startup_validation.test_serial_connector" name="test_connector_opens_available_ch340_and_returns_production_boundaries" time="0.002" /><testcase classname="tests.startup_validation.test_serial_connector" name="test_connector_exposes_only_serial_backed_hardware_identity" time="0.002" /><testcase classname="tests.startup_validation.test_serial_connector" name="test_connector_distinguishes_absent_from_busy_without_exposing_port" time="0.005" /><testcase classname="tests.startup_validation.test_serial_connector" name="test_open_race_is_reported_as_busy_and_keeps_device_identity_private" time="0.003" /><testcase classname="tests.startup_validation.test_startup_workflow" name="test_success_path_is_linear_and_workbench_gate_opens_only_after_pass" time="0.000" /><testcase classname="tests.startup_validation.test_startup_workflow" name="test_each_failure_blocks_workbench_and_has_one_plain_recovery_action" time="0.000" /><testcase classname="tests.startup_validation.test_startup_workflow" name="test_connector_failures_have_stable_public_states_and_actions" time="0.005" /><testcase classname="tests.startup_validation.test_startup_workflow" name="test_retry_creates_a_fresh_connection_and_run_context" time="0.000" /><testcase classname="tests.startup_validation.test_startup_workflow" name="test_public_presentation_requires_real_progress_not_fake_percentage" time="0.000" /><testcase classname="tests.startup_validation.test_startup_workflow" name="test_policy_runs_before_audit_and_service_required_stays_blocked" time="0.000" /><testcase classname="tests.startup_validation.test_startup_workflow" name="test_connection_failures_are_also_written_to_the_audit_sink" time="0.002" /><testcase classname="tests.startup_validation.test_startup_workflow" name="test_audit_failure_blocks_entry_but_retry_uses_a_new_connection_and_run" time="0.000" /><testcase classname="tests.startup_validation.test_startup_workflow" name="test_unexpected_errors_use_stable_public_code_and_unique_diagnostic_ids" time="0.004" /><testcase classname="tests.startup_validation.test_telemetry_upload" name="test_offline_upload_requeues_then_acknowledges_without_mutating_audit" time="0.006" /><testcase classname="tests.startup_validation.test_telemetry_upload" name="test_polluted_legacy_event_is_quarantined_without_network_request" time="0.005" /><testcase classname="tests.startup_validation.test_telemetry_upload" name="test_authenticated_http_client_sends_only_strict_batch_and_safe_errors" time="0.006" /><testcase classname="tests.startup_validation.test_telemetry_upload" name="test_background_worker_uploads_pending_event_without_blocking_caller" time="0.020" /><testcase classname="tests.startup_validation.test_telemetry_upload" name="test_retry_delay_backs_off_and_caps_then_resets" time="0.000" /><testcase classname="tests.startup_validation.test_validation_service" name="test_window_starts_on_first_valid_unloaded_frame_and_spans_full_five_seconds" time="0.032" /><testcase classname="tests.startup_validation.test_validation_service" name="test_obvious_load_discards_the_partial_window" time="0.003" /><testcase classname="tests.startup_validation.test_validation_service" name="test_disconnect_discards_the_partial_window" time="0.004" /><testcase classname="tests.startup_validation.test_validation_service" name="test_empty_reads_after_collection_starts_are_a_stream_interruption" time="0.002" /><testcase classname="tests.startup_validation.test_validation_service" name="test_retry_uses_a_new_run_id_and_does_not_reuse_old_window" time="0.012" /><testcase classname="tests.spool.test_recovery.RecoveryScannerTests" name="test_acknowledged_file_is_retained_when_automatic_cleanup_runs" time="0.009" /><testcase classname="tests.spool.test_recovery.RecoveryScannerTests" name="test_cleanup_noop_does_not_touch_acknowledged_file" time="0.004" /><testcase classname="tests.spool.test_recovery.RecoveryScannerTests" name="test_complete_temp_segment_is_promoted_and_registered_after_restart" time="0.005" /><testcase classname="tests.spool.test_recovery.RecoveryScannerTests" name="test_crash_after_rename_before_database_is_recovered_idempotently" time="0.004" /><testcase classname="tests.spool.test_recovery.RecoveryScannerTests" name="test_invalid_tmp_is_quarantined_and_never_registered" time="0.005" /><testcase classname="tests.spool.test_recovery.RecoveryScannerTests" name="test_restart_discards_active_validity_gated_staging" time="0.005" /><testcase classname="tests.spool.test_recovery.RecoveryScannerTests" name="test_scan_finishes_promoted_valid_session_registration" time="0.006" /><testcase classname="tests.spool.test_recovery.RecoveryScannerTests" name="test_sealed_file_is_registered_before_pending_upload_is_visible" time="0.005" /><testcase classname="tests.spool.test_recovery.RecoveryScannerTests" name="test_tampered_sealed_file_is_quarantined_without_stopping_recovery" time="0.006" /><testcase classname="tests.spool.test_segments.ImmutableSegmentTests" name="test_five_second_boundary_seals_encrypted_immutable_raw_frames" time="0.002" /><testcase classname="tests.spool.test_segments.ImmutableSegmentTests" name="test_observed_compact_uint8_frame_round_trips_without_dtype_promotion" time="0.001" /><testcase classname="tests.spool.test_segments.ImmutableSegmentTests" name="test_random_nonce_makes_identical_plaintext_ciphertexts_distinct" time="0.001" /><testcase classname="tests.spool.test_segments.ImmutableSegmentTests" name="test_session_manifest_binds_segment_index_digest_frames_versions_and_quality" time="0.001" /><testcase classname="tests.spool.test_segments.ImmutableSegmentTests" name="test_tamper_is_detected_before_plaintext_is_returned" time="0.001" /><testcase classname="tests.spool.test_state_store.StateStoreTests" name="test_acknowledgement_never_creates_an_automatic_cleanup_candidate" time="0.004" /><testcase classname="tests.spool.test_state_store.StateStoreTests" name="test_corrupt_quarantined_data_still_counts_against_offline_quota" time="0.004" /><testcase classname="tests.spool.test_state_store.StateStoreTests" name="test_database_uses_wal_and_versioned_migrations" time="0.003" /><testcase classname="tests.spool.test_state_store.StateStoreTests" name="test_ready_session_handoff_encrypts_supporting_local_analysis" time="0.003" /><testcase classname="tests.spool.test_state_store.StateStoreTests" name="test_recovery_marks_acquiring_incomplete_and_requeues_uploading" time="0.005" /><testcase classname="tests.spool.test_state_store.StateStoreTests" name="test_schema_five_database_upgrades_to_encrypted_analysis_handoff" time="0.005" /><testcase classname="tests.spool.test_state_store.StateStoreTests" name="test_sensitive_reference_updates_preserve_existing_session_foreign_keys" time="0.004" /><testcase classname="tests.spool.test_state_store.StateStoreTests" name="test_sensitive_subject_and_consent_blobs_are_encrypted_outside_database_key" time="0.004" /><testcase classname="tests.spool.test_state_store.StateStoreTests" name="test_transactional_offline_snapshot_and_all_new_test_gates" time="0.013" /><testcase classname="tests.spool.test_valid_session_commit.ValidSessionStagerTests" name="test_cloud_confirmation_retains_data_until_one_manual_session_delete" time="0.006" /><testcase classname="tests.spool.test_valid_session_commit.ValidSessionStagerTests" name="test_committed_derived_observation_reopens_as_public_physical_session" time="0.042" /><testcase classname="tests.spool.test_valid_session_commit.ValidSessionStagerTests" name="test_interrupted_staging_is_deleted_on_startup_recovery" time="0.005" /><testcase classname="tests.spool.test_valid_session_commit.ValidSessionStagerTests" name="test_invalid_capture_discards_all_temporary_raw_data_and_creates_no_session" time="0.004" /><testcase classname="tests.spool.test_valid_session_commit.ValidSessionStagerTests" name="test_recovery_finishes_registration_after_promotion_before_sqlite_commit" time="0.006" /><testcase classname="tests.spool.test_valid_session_commit.ValidSessionStagerTests" name="test_valid_capture_is_promoted_then_registered_with_ready_network_handoff" time="0.005" /><testcase classname="tests.spool.test_valid_session_commit.ValidSessionStagerTests" name="test_valid_session_retains_an_encrypted_repaired_force_observation" time="0.035" /><testcase classname="client.tests.test_ray_115_packaged_telemetry" name="test_packaged_authenticated_composition_starts_and_stops_background_upload" time="0.016" /><testcase classname="cloud.tests.test_validation_telemetry_api.ValidationTelemetryApiTests" name="test_authenticated_upload_is_idempotent_and_tenant_bound" time="0.051" /><testcase classname="cloud.tests.test_validation_telemetry_api.ValidationTelemetryApiTests" name="test_private_repository_survives_reopen_and_replays_idempotently" time="0.041" /><testcase classname="cloud.tests.test_validation_telemetry_api.ValidationTelemetryApiTests" name="test_unallowlisted_customer_identity_field_is_rejected" time="0.041" /><testcase classname="cloud.tests.test_access_api.TenantAccessApiTests" name="test_activate_login_refresh_license_and_lease_routes" time="0.073" /><testcase classname="cloud.tests.test_access_api.TenantAccessApiTests" name="test_local_ui_test_license_never_reaches_cloud_activation" time="0.016" /><testcase classname="cloud.tests.test_access_api.TenantAccessApiTests" name="test_platform_token_cannot_call_tenant_access_route" time="0.014" /><testcase classname="cloud.tests.test_seed_composition" name="test_settings_accept_separate_roles_and_private_external_object_root" time="0.001" /><testcase classname="cloud.tests.test_seed_composition" name="test_settings_reject_unsafe_values[tenant_dsn-sqlite:///tmp/ffp.db-PostgreSQL]" time="0.001" /><testcase classname="cloud.tests.test_seed_composition" name="test_settings_reject_unsafe_values[tenant_token_secret-short-32]" time="0.000" /><testcase classname="cloud.tests.test_seed_composition" name="test_settings_reject_unsafe_values[public_base_url-http://seed.example.test:7443-HTTPS]" time="0.001" /><testcase classname="cloud.tests.test_seed_composition" name="test_settings_reject_shared_tenant_platform_secrets" time="0.000" /><testcase classname="cloud.tests.test_seed_composition" name="test_settings_reject_object_root_inside_repository" time="0.000" /><testcase classname="cloud.tests.test_seed_composition" name="test_settings_reject_secret_file_broader_than_0600" time="0.001" /><testcase classname="cloud.tests.test_seed_composition" name="test_build_composes_only_seed_identity_and_data_plane_services" time="0.014" /><testcase classname="cloud.tests.test_seed_composition" name="test_server_and_postgres_pools_share_one_event_loop" time="0.032" /></testsuite></testsuites>