<?xml version="1.0" encoding="utf-8"?><testsuites name="pytest tests"><testsuite name="pytest" errors="0" failures="0" skipped="0" tests="69" time="10.667" timestamp="2026-07-29T20:42:12.962864-07:00" hostname="localhost"><testcase classname="client.tests.test_ray_91_protocol" name="test_default_protocol_is_versioned_and_captures_start_end_quality_and_prompts" time="0.000" /><testcase classname="client.tests.test_ray_91_protocol" name="test_extended_paradigm_requires_both_feature_flag_and_validation" time="0.000" /><testcase classname="client.tests.test_ray_91_protocol" name="test_pilot_standard_protocol_is_replay_only_and_is_rejected_by_institution_catalog" time="0.000" /><testcase classname="client.tests.test_ray_91_protocol" name="test_reference_range_is_publishable_only_with_population_source_version_and_approval" time="0.000" /><testcase classname="client.tests.test_ray_91_reference_protocol_fixture" name="test_reference_protocol_fixture_has_all_deidentified_20_second_pose_sequences" time="0.006" /><testcase classname="client.tests.test_ray_91_reference_protocol_fixture" name="test_compatibility_mirror_matches_the_canonical_test_fixture" time="0.001" /><testcase classname="client.tests.test_ray_91_reference_protocol_fixture" name="test_reference_protocol_fixture_is_repeatable_relative_input[open_eyes_bilateral]" time="0.003" /><testcase classname="client.tests.test_ray_91_reference_protocol_fixture" name="test_reference_protocol_fixture_is_repeatable_relative_input[closed_eyes_bilateral]" time="0.003" /><testcase classname="client.tests.test_ray_91_reference_protocol_fixture" name="test_reference_protocol_fixture_is_repeatable_relative_input[tandem_left_front]" time="0.002" /><testcase classname="client.tests.test_ray_91_reference_protocol_fixture" name="test_reference_protocol_fixture_is_repeatable_relative_input[tandem_right_front]" time="0.002" /><testcase classname="client.tests.test_ray_91_reference_protocol_fixture" name="test_reference_protocol_replays_through_the_production_display_projection[open_eyes_bilateral]" time="2.555" /><testcase classname="client.tests.test_ray_91_reference_protocol_fixture" name="test_reference_protocol_replays_through_the_production_display_projection[closed_eyes_bilateral]" time="2.492" /><testcase classname="client.tests.test_ray_91_reference_protocol_fixture" name="test_reference_protocol_replays_through_the_production_display_projection[tandem_left_front]" time="2.609" /><testcase classname="client.tests.test_ray_91_reference_protocol_fixture" name="test_reference_protocol_replays_through_the_production_display_projection[tandem_right_front]" time="2.605" /><testcase classname="tests.spool.test_recovery.RecoveryScannerTests" name="test_acknowledged_file_is_retained_when_automatic_cleanup_runs" time="0.007" /><testcase classname="tests.spool.test_recovery.RecoveryScannerTests" name="test_cleanup_noop_does_not_touch_acknowledged_file" time="0.004" /><testcase classname="tests.spool.test_recovery.RecoveryScannerTests" name="test_complete_temp_segment_is_promoted_and_registered_after_restart" time="0.005" /><testcase classname="tests.spool.test_recovery.RecoveryScannerTests" name="test_crash_after_rename_before_database_is_recovered_idempotently" time="0.005" /><testcase classname="tests.spool.test_recovery.RecoveryScannerTests" name="test_invalid_tmp_is_quarantined_and_never_registered" time="0.004" /><testcase classname="tests.spool.test_recovery.RecoveryScannerTests" name="test_restart_discards_active_validity_gated_staging" time="0.004" /><testcase classname="tests.spool.test_recovery.RecoveryScannerTests" name="test_scan_finishes_promoted_valid_session_registration" time="0.006" /><testcase classname="tests.spool.test_recovery.RecoveryScannerTests" name="test_sealed_file_is_registered_before_pending_upload_is_visible" time="0.004" /><testcase classname="tests.spool.test_recovery.RecoveryScannerTests" name="test_tampered_sealed_file_is_quarantined_without_stopping_recovery" time="0.005" /><testcase classname="tests.spool.test_valid_session_commit.ValidSessionStagerTests" name="test_cloud_confirmation_retains_data_until_one_manual_session_delete" time="0.006" /><testcase classname="tests.spool.test_valid_session_commit.ValidSessionStagerTests" name="test_interrupted_staging_is_deleted_on_startup_recovery" time="0.005" /><testcase classname="tests.spool.test_valid_session_commit.ValidSessionStagerTests" name="test_invalid_capture_discards_all_temporary_raw_data_and_creates_no_session" time="0.004" /><testcase classname="tests.spool.test_valid_session_commit.ValidSessionStagerTests" name="test_recovery_finishes_registration_after_promotion_before_sqlite_commit" time="0.005" /><testcase classname="tests.spool.test_valid_session_commit.ValidSessionStagerTests" name="test_valid_capture_is_promoted_then_registered_with_ready_network_handoff" time="0.005" /><testcase classname="tests.spool.test_valid_session_commit.ValidSessionStagerTests" name="test_valid_session_retains_an_encrypted_repaired_force_observation" time="0.047" /><testcase classname="cloud.tests.test_client_sync_contract.ClientSyncContractTests" name="test_conflict_or_quarantine_is_never_scheduled_as_missing" time="0.001" /><testcase classname="cloud.tests.test_client_sync_contract.ClientSyncContractTests" name="test_duplicate_remote_index_is_rejected_as_ambiguous" time="0.000" /><testcase classname="cloud.tests.test_client_sync_contract.ClientSyncContractTests" name="test_durable_task_carries_restart_and_idempotency_state" time="0.001" /><testcase classname="cloud.tests.test_client_sync_contract.ClientSyncContractTests" name="test_local_deletion_requires_same_digest_acknowledgement" time="0.000" /><testcase classname="cloud.tests.test_client_sync_contract.ClientSyncContractTests" name="test_only_immutable_or_retryable_segment_states_may_enter_queue" time="0.000" /><testcase classname="cloud.tests.test_client_sync_contract.ClientSyncContractTests" name="test_resume_plan_uploads_only_absent_segments" time="0.000" /><testcase classname="cloud.tests.test_client_sync_contract.ClientSyncContractTests" name="test_retry_policy_caps_without_overflow_after_many_restarts" time="0.000" /><testcase classname="cloud.tests.test_client_sync_contract.ClientSyncContractTests" name="test_retry_policy_is_exponential_jittered_and_capped" time="0.000" /><testcase classname="cloud.tests.test_client_sync_contract.ClientSyncContractTests" name="test_retry_policy_rejects_invalid_jitter" time="0.000" /><testcase classname="cloud.tests.test_client_sync_contract.ClientSyncContractTests" name="test_retry_wait_requires_next_attempt_and_lease_is_a_pair" time="0.000" /><testcase classname="cloud.tests.test_segment_ingestion.SegmentIngestionTests" name="test_cross_tenant_session_access_is_denied" time="0.006" /><testcase classname="cloud.tests.test_segment_ingestion.SegmentIngestionTests" name="test_database_failure_compensates_unreferenced_object" time="0.001" /><testcase classname="cloud.tests.test_segment_ingestion.SegmentIngestionTests" name="test_database_race_digest_conflict_records_problem_and_cleans_object" time="0.001" /><testcase classname="cloud.tests.test_segment_ingestion.SegmentIngestionTests" name="test_digest_mismatch_never_creates_object_or_database_reference" time="0.001" /><testcase classname="cloud.tests.test_segment_ingestion.SegmentIngestionTests" name="test_revocation_blocks_new_sessions_but_allows_existing_session_upload" time="0.001" /><testcase classname="cloud.tests.test_segment_ingestion.SegmentIngestionTests" name="test_route_index_must_equal_signed_metadata_index" time="0.001" /><testcase classname="cloud.tests.test_segment_ingestion.SegmentIngestionTests" name="test_same_index_different_digest_conflicts_without_overwrite" time="0.001" /><testcase classname="cloud.tests.test_segment_ingestion.SegmentIngestionTests" name="test_same_index_same_digest_is_idempotent" time="0.001" /><testcase classname="cloud.tests.test_segment_ingestion.SegmentIngestionTests" name="test_schema_version_must_match_supported_session_contract" time="0.001" /><testcase classname="tests.cloud.analysis.test_orchestrator.AnalysisOrchestratorTests" name="test_algorithm_upgrade_creates_a_new_run_without_overwriting_history" time="0.001" /><testcase classname="tests.cloud.analysis.test_orchestrator.AnalysisOrchestratorTests" name="test_duplicate_delivery_returns_the_same_persisted_run" time="0.001" /><testcase classname="tests.cloud.analysis.test_orchestrator.AnalysisOrchestratorTests" name="test_event_contract_cannot_accept_direct_identity_fields" time="0.000" /><testcase classname="tests.cloud.analysis.test_orchestrator.AnalysisOrchestratorTests" name="test_failures_persist_only_safe_error_evidence" time="0.000" /><testcase classname="tests.cloud.analysis.test_orchestrator.AnalysisOrchestratorTests" name="test_legacy_raw_array_pipeline_rejects_standard_physical_sessions" time="0.000" /><testcase classname="tests.cloud.analysis.test_orchestrator.AnalysisOrchestratorTests" name="test_only_accepts_the_approved_complete_session_event" time="0.000" /><testcase classname="tests.cloud.analysis.test_orchestrator.AnalysisOrchestratorTests" name="test_persists_all_input_and_runtime_versions_for_traceability" time="0.001" /><testcase classname="tests.cloud.analysis.test_orchestrator.AnalysisOrchestratorTests" name="test_quality_assessment_is_applied_before_metric_gates" time="0.001" /><testcase classname="tests.cloud.analysis.test_orchestrator.AnalysisOrchestratorTests" name="test_unsupported_metric_does_not_publish_completed_event" time="0.001" /><testcase classname="tests.cloud.observability.test_events.SafeTelemetryEventTests" name="test_analysis_failure_helper_never_serializes_exception_text" time="0.000" /><testcase classname="tests.cloud.observability.test_events.SafeTelemetryEventTests" name="test_builds_structured_event_with_controlled_correlation_ids" time="0.000" /><testcase classname="tests.cloud.observability.test_events.SafeTelemetryEventTests" name="test_customer_error_messages_only_expose_code_and_action" time="0.000" /><testcase classname="tests.cloud.observability.test_events.SafeTelemetryEventTests" name="test_rejects_identity_secrets_raw_payloads_reports_and_stacks_recursively" time="0.000" /><testcase classname="tests.cloud.observability.test_events.SafeTelemetryEventTests" name="test_sli_catalog_covers_every_required_stage_and_failure_mode" time="0.000" /></testsuite></testsuites>