<?xml version="1.0" encoding="utf-8"?><testsuites name="pytest tests"><testsuite name="pytest" errors="0" failures="0" skipped="1" tests="735" time="61.891" timestamp="2026-08-01T06:51:10.563003-07:00" hostname="Mac-mini.local"><testcase classname="client.tests.test_access_client.CloudAccessClientTests" name="test_exact_access_and_lease_calls" time="0.003" /><testcase classname="client.tests.test_access_client.CloudAccessClientTests" name="test_safe_error_mapping_does_not_copy_server_secrets" time="0.001" /><testcase classname="client.tests.test_access_store.ClientAccessStoreTests" name="test_clear_credentials_preserves_non_secret_state" time="0.003" /><testcase classname="client.tests.test_access_store.ClientAccessStoreTests" name="test_clock_rollback_and_monotonic_restart_are_untrusted" time="0.003" /><testcase classname="client.tests.test_access_store.ClientAccessStoreTests" name="test_persists_metadata_and_keyring_secret_without_sqlite_leak" time="0.002" /><testcase classname="client.tests.test_app_icon" name="test_scanalytics_application_icon_is_bundled_and_applied_to_windows" time="0.406" /><testcase classname="client.tests.test_background_access_continuity.BackgroundAccessContinuityTests" name="test_heartbeat_contains_status_not_raw_account_hardware_or_installation_ids" time="0.000" /><testcase classname="client.tests.test_background_access_continuity.BackgroundAccessContinuityTests" name="test_refresh_failure_schedules_retry_without_deleting_sealed_data" time="0.000" /><testcase classname="client.tests.test_background_access_continuity.BackgroundAccessContinuityTests" name="test_upload_and_heartbeat_continue_while_ui_session_is_locked" time="0.000" /><testcase classname="client.tests.test_engineering_maintenance" name="test_engineering_maintenance_requires_authorized_confirmation_before_reading" time="0.002" /><testcase classname="client.tests.test_engineering_maintenance" name="test_engineering_maintenance_rejects_an_unbound_device_and_never_guesses_identity" time="0.001" /><testcase classname="client.tests.test_engineering_maintenance" name="test_engineering_binding_restores_selected_asset_only_for_same_connection" time="0.002" /><testcase classname="client.tests.test_engineering_maintenance" name="test_engineering_distribution_is_read_only_and_excludes_frame_evidence" time="0.001" /><testcase classname="client.tests.test_engineering_maintenance" name="test_support_page_exposes_engineering_distribution_only_when_configured" time="0.767" /><testcase classname="client.tests.test_engineering_maintenance" name="test_engineering_dialog_binds_current_device_before_reading" time="0.278" /><testcase classname="client.tests.test_engineering_maintenance" name="test_controller_wires_the_engineering_maintenance_entry" time="0.294" /><testcase classname="client.tests.test_heatmap_display_refiner" name="test_refiner_removes_a_single_high_outlier_without_spreading_it" time="0.056" /><testcase classname="client.tests.test_heatmap_display_refiner" name="test_refiner_fills_a_single_low_hole_inside_contact" time="0.040" /><testcase classname="client.tests.test_heatmap_display_refiner" name="test_refiner_preserves_a_two_by_two_high_pressure_cluster" time="0.037" /><testcase classname="client.tests.test_heatmap_display_refiner" name="test_refiner_keeps_an_empty_current_frame_empty_after_contact_history" time="0.040" /><testcase classname="client.tests.test_heatmap_display_refiner" name="test_refiner_uses_the_recent_three_frame_median_for_transient_large_noise" time="0.117" /><testcase classname="client.tests.test_heatmap_display_refiner" name="test_refiner_copies_source_matrix_and_never_mutates_it" time="0.036" /><testcase classname="client.tests.test_heatmap_display_refiner" name="test_disabled_refiner_returns_a_separate_unmodified_display_copy" time="0.001" /><testcase classname="client.tests.test_institution_access_ui" name="test_brand_logo_keeps_retina_native_pixels_at_its_logical_size" time="0.001" /><testcase classname="client.tests.test_institution_access_ui" name="test_p00_login_opens_the_p00b_license_registration_form" time="0.046" /><testcase classname="client.tests.test_institution_access_ui" name="test_local_test_license_is_presented_as_a_local_only_test_license" time="0.073" /><testcase classname="client.tests.test_institution_access_ui" name="test_local_test_license_creates_an_account_and_allows_local_login" time="0.077" /><testcase classname="client.tests.test_institution_access_ui" name="test_login_requires_both_institution_account_and_password" time="0.067" /><testcase classname="client.tests.test_institution_access_ui" name="test_login_does_not_claim_success_when_the_license_service_is_unavailable" time="0.048" /><testcase classname="client.tests.test_institution_access_ui" name="test_registration_requires_complete_values_before_attempting_activation" time="0.055" /><testcase classname="client.tests.test_key_envelope" name="test_dual_envelope_allows_server_and_terminal_to_recover_one_payload" time="0.012" /><testcase classname="client.tests.test_key_envelope" name="test_terminal_private_key_cannot_recover_server_only_envelope" time="0.001" /><testcase classname="client.tests.test_key_envelope" name="test_keyring_terminal_handle_persists_only_the_terminal_private_key" time="0.001" /><testcase classname="client.tests.test_key_envelope" name="test_dual_envelope_blob_codec_keeps_plaintext_out_of_sqlite_value" time="0.001" /><testcase classname="client.tests.test_key_envelope" name="test_signed_server_keyset_requires_matching_license_bound_terminal" time="0.005" /><testcase classname="client.tests.test_live_hardware_standardization" name="test_replay_processing_excludes_declared_bad_region_without_mutating_raw_fixture" time="0.026" /><testcase classname="client.tests.test_live_hardware_standardization" name="test_replay_display_and_analysis_source_share_the_same_standardized_input" time="0.031" /><testcase classname="client.tests.test_local_entry" name="test_replay_speed_defaults_to_real_time_and_accepts_development_override" time="0.002" /><testcase classname="client.tests.test_local_entry" name="test_verify_requires_an_explicit_output_directory" time="0.001" /><testcase classname="client.tests.test_local_entry" name="test_fixture_position_guidance_rearms_after_every_stage_at_replay_speed" time="0.000" /><testcase classname="client.tests.test_local_mvp_validation" name="test_local_mvp_validation_exports_the_complete_offline_evidence_bundle" time="21.530" /><testcase classname="client.tests.test_local_mvp_validation" name="test_fixture_failure_writes_an_offline_failure_summary_without_a_report" time="0.126" /><testcase classname="client.tests.test_local_replay_store" name="test_local_replay_report_is_dual_encrypted_and_readable_after_reopen" time="0.007" /><testcase classname="client.tests.test_local_replay_store" name="test_local_replay_store_records_each_completed_stage" time="0.004" /><testcase classname="client.tests.test_local_replay_store" name="test_local_replay_store_encrypts_updated_profile_fields" time="0.006" /><testcase classname="client.tests.test_local_replay_store" name="test_local_identifier_index_is_hmac_and_isolated_by_tenant_issuer_and_type" time="0.005" /><testcase classname="client.tests.test_local_replay_store" name="test_local_replay_session_keeps_encrypted_protocol_and_fixture_provenance" time="0.005" /><testcase classname="client.tests.test_ray_101_controller" name="test_primary_button_dispatches_to_coordinator_and_refreshes_page" time="0.037" /><testcase classname="client.tests.test_ray_101_controller" name="test_controller_drives_the_operator_path_and_deferred_preflight" time="0.084" /><testcase classname="client.tests.test_ray_101_controller" name="test_report_actions_use_the_selected_version_through_coordinator" time="0.041" /><testcase classname="client.tests.test_ray_101_controller" name="test_device_events_refresh_result_and_recovery_pages" time="0.036" /><testcase classname="client.tests.test_ray_101_controller" name="test_start_next_action_returns_to_subject_identification" time="0.035" /><testcase classname="client.tests.test_ray_101_controller" name="test_controller_refreshes_optional_ui_read_models" time="0.036" /><testcase classname="client.tests.test_ray_101_controller" name="test_device_support_actions_do_not_raise_when_adapter_is_not_configured" time="0.037" /><testcase classname="client.tests.test_ray_101_coordinator.CoordinatorPreflightTests" name="test_acquisition_start_failure_closes_created_session_with_safe_error" time="0.001" /><testcase classname="client.tests.test_ray_101_coordinator.CoordinatorPreflightTests" name="test_disconnect_uses_safe_error_and_marks_session_incomplete" time="0.000" /><testcase classname="client.tests.test_ray_101_coordinator.CoordinatorPreflightTests" name="test_export_and_print_remain_pinned_to_the_viewed_report_version" time="0.000" /><testcase classname="client.tests.test_ray_101_coordinator.CoordinatorPreflightTests" name="test_failed_preflight_stays_repairable_without_creating_session" time="0.000" /><testcase classname="client.tests.test_ray_101_coordinator.CoordinatorPreflightTests" name="test_lifecycle_status_is_separate_from_ui_and_report_status" time="0.000" /><testcase classname="client.tests.test_ray_101_coordinator.CoordinatorPreflightTests" name="test_operator_stop_is_safe_and_idempotent" time="0.000" /><testcase classname="client.tests.test_ray_101_coordinator.CoordinatorPreflightTests" name="test_quality_failure_requires_retry_and_never_creates_report" time="0.000" /><testcase classname="client.tests.test_ray_101_coordinator.CoordinatorPreflightTests" name="test_report_generation_failure_is_visible_without_exposing_stack" time="0.000" /><testcase classname="client.tests.test_ray_101_coordinator.CoordinatorPreflightTests" name="test_retry_creates_a_new_session_instead_of_resuming_incomplete_data" time="0.000" /><testcase classname="client.tests.test_ray_101_coordinator.CoordinatorPreflightTests" name="test_session_creation_failure_stays_before_acquisition_with_safe_error" time="0.000" /><testcase classname="client.tests.test_ray_101_coordinator.CoordinatorPreflightTests" name="test_start_is_guarded_against_duplicate_session_creation" time="0.000" /><testcase classname="client.tests.test_ray_101_coordinator.CoordinatorPreflightTests" name="test_start_next_screening_clears_transient_state_and_keeps_records_external" time="0.000" /><testcase classname="client.tests.test_ray_101_coordinator.CoordinatorPreflightTests" name="test_successful_preflight_waits_for_explicit_operator_entry" time="0.000" /><testcase classname="client.tests.test_ray_101_coordinator.CoordinatorPreflightTests" name="test_sync_and_cloud_failure_do_not_invalidate_basic_report" time="0.000" /><testcase classname="client.tests.test_ray_101_coordinator.CoordinatorPreflightTests" name="test_typed_hardware_failure_closes_capture_with_stable_audit_only" time="0.000" /><testcase classname="client.tests.test_ray_101_coordinator.CoordinatorPreflightTests" name="test_valid_session_exposes_versioned_basic_report" time="0.000" /><testcase classname="client.tests.test_ray_101_pages.PageCatalogTests" name="test_acquiring_page_has_one_stop_action_and_no_navigation" time="0.000" /><testcase classname="client.tests.test_ray_101_pages.PageCatalogTests" name="test_catalog_contains_all_prd_pages_with_single_primary_action" time="0.000" /><testcase classname="client.tests.test_ray_101_pages.PageCatalogTests" name="test_workflow_steps_route_to_the_prd_page" time="0.000" /><testcase classname="client.tests.test_ray_101_qt_shell" name="test_shell_builds_all_prd_pages_with_accessible_action_targets" time="0.036" /><testcase classname="client.tests.test_ray_101_qt_shell" name="test_acquiring_state_locks_navigation_and_shows_only_safe_error" time="0.035" /><testcase classname="client.tests.test_ray_101_qt_shell" name="test_each_page_exposes_the_required_operator_controls" time="0.035" /><testcase classname="client.tests.test_ray_101_qt_shell" name="test_subject_match_card_wraps_detail_without_obscuring_primary_action" time="0.124" /><testcase classname="client.tests.test_ray_101_qt_shell" name="test_nonblocking_sync_notice_keeps_basic_report_available" time="0.049" /><testcase classname="client.tests.test_ray_101_state_machine.SessionStateMachineTests" name="test_device_disconnect_marks_session_incomplete_and_offers_retry" time="0.000" /><testcase classname="client.tests.test_ray_101_state_machine.SessionStateMachineTests" name="test_standard_flow_requires_declared_transitions" time="0.000" /><testcase classname="client.tests.test_ray_101_ui_integration" name="test_ui_integration_module_is_available_for_the_real_composition_root" time="0.000" /><testcase classname="client.tests.test_ray_101_ui_integration" name="test_local_report_adapter_pins_one_document_for_analysis_preview_export_and_print" time="0.000" /><testcase classname="client.tests.test_ray_101_ui_integration" name="test_local_report_adapter_reloads_the_exact_persisted_report_version" time="0.000" /><testcase classname="client.tests.test_ray_101_ui_integration" name="test_basic_ready_without_a_versioned_document_is_rejected" time="0.000" /><testcase classname="client.tests.test_ray_101_ui_integration" name="test_retry_required_outcome_cannot_expose_a_customer_report" time="0.000" /><testcase classname="client.tests.test_ray_101_ui_integration" name="test_connected_controller_loads_the_exact_report_document_into_p10" time="0.041" /><testcase classname="client.tests.test_ray_101_ui_integration" name="test_connected_controller_opens_an_explicit_historic_report_reference" time="0.038" /><testcase classname="client.tests.test_ray_101_ui_integration" name="test_historic_selection_pins_export_to_that_report_version" time="0.040" /><testcase classname="client.tests.test_ray_101_ui_integration" name="test_connected_composition_runs_ui_to_local_report_heatmap_export_and_print" time="0.146" /><testcase classname="client.tests.test_ray_114_packaged_entry" name="test_packaged_composition_uses_the_mandatory_gate_before_workbench" time="0.081" /><testcase classname="client.tests.test_ray_114_packaged_entry" name="test_formal_entry_starts_with_the_p00_institution_access_screen" time="0.088" /><testcase classname="client.tests.test_ray_114_packaged_entry" name="test_configured_access_screen_hands_authenticated_session_forward" time="0.098" /><testcase classname="client.tests.test_ray_114_packaged_gate" name="test_workbench_factory_is_not_called_until_passed" time="0.128" /><testcase classname="client.tests.test_ray_114_packaged_gate" name="test_failure_never_creates_workbench_and_retry_starts_a_new_attempt" time="0.112" /><testcase classname="client.tests.test_ray_114_startup_ui" name="test_connecting_is_indeterminate_and_collecting_is_monotonic_determinate" time="0.023" /><testcase classname="client.tests.test_ray_114_startup_ui" name="test_failure_has_plain_copy_one_primary_recovery_and_safe_exit" time="0.067" /><testcase classname="client.tests.test_ray_114_startup_ui" name="test_passed_state_uses_existing_success_asset_and_has_no_skip_action" time="0.028" /><testcase classname="client.tests.test_ray_114_startup_ui" name="test_long_public_copy_wraps_inside_reading_width" time="0.072" /><testcase classname="client.tests.test_ray_114_startup_ui" name="test_packaged_startup_assets_are_runtime_files_not_design_document_links" time="0.001" /><testcase classname="client.tests.test_ray_114_startup_ui" name="test_repeated_signal_failure_prompts_support_without_technical_leak" time="0.069" /><testcase classname="client.tests.test_ray_114_startup_ui" name="test_every_failure_state_has_one_primary_action_and_safe_public_copy" time="0.083" /><testcase classname="client.tests.test_ray_84_controller" name="test_workflow_clock_remains_accurate_when_no_new_display_or_upload_event_arrives" time="0.088" /><testcase classname="client.tests.test_ray_84_display_model" name="test_display_frame_is_immutable_48x64_and_has_cop_and_text_metrics" time="0.000" /><testcase classname="client.tests.test_ray_84_display_model" name="test_latest_only_mailbox_drops_old_display_frames_without_touching_reliable_sink" time="0.001" /><testcase classname="client.tests.test_ray_84_display_model" name="test_refresh_throttle_returns_only_new_device_frames_and_keeps_capture_timestamp" time="0.000" /><testcase classname="client.tests.test_ray_84_display_model" name="test_mailbox_is_thread_safe_under_stalled_ui_consumer" time="0.024" /><testcase classname="client.tests.test_ray_84_live_display_bridge" name="test_live_display_projection_copies_new_hardware_frames_without_mutating_source" time="0.026" /><testcase classname="client.tests.test_ray_84_live_display_bridge" name="test_qt_timer_projects_hardware_latest_frame_into_p07" time="0.181" /><testcase classname="client.tests.test_ray_84_qt" name="test_acquisition_view_renders_heatmap_cop_and_redundant_text_summary" time="0.075" /><testcase classname="client.tests.test_ray_84_qt" name="test_physical_grid_uses_declared_board_dimensions_and_centimetre_ticks" time="0.000" /><testcase classname="client.tests.test_ray_84_qt" name="test_low_pressure_display_color_fades_into_the_black_board" time="0.000" /><testcase classname="client.tests.test_ray_84_qt" name="test_heatmap_widget_high_dpi_render_is_not_blank" time="0.072" /><testcase classname="client.tests.test_ray_84_qt" name="test_widget_refinement_keeps_display_frame_metrics_and_source_pixels_unchanged" time="0.037" /><testcase classname="client.tests.test_ray_84_qt" name="test_widget_remains_bounded_and_renderable_during_continuous_high_dpi_refresh" time="0.879" /><testcase classname="client.tests.test_ray_85_reporting" name="test_basic_report_document_is_serializable_and_contains_no_diagnostic_claim" time="0.000" /><testcase classname="client.tests.test_ray_85_service" name="test_reliable_local_data_generates_versioned_basic_ready_without_network_dependency" time="0.002" /><testcase classname="client.tests.test_ray_85_service" name="test_invalid_quality_persists_result_but_never_generates_customer_report" time="0.000" /><testcase classname="client.tests.test_ray_85_service" name="test_processing_is_idempotent_and_does_not_reread_or_rewrite_immutable_results" time="0.001" /><testcase classname="client.tests.test_ray_85_service" name="test_local_upload_snapshot_is_explicitly_non_authoritative_and_requires_cloud_raw_recompute" time="0.001" /><testcase classname="client.tests.test_ray_85_service" name="test_unreliable_or_incomplete_local_storage_is_rejected_before_analysis" time="0.000" /><testcase classname="client.tests.test_ray_86_hardware_ui" name="test_retryable_device_disconnect_resolves_without_transport_detail" time="0.000" /><testcase classname="client.tests.test_ray_86_hardware_ui" name="test_controller_presents_retryable_hardware_failure_to_operator" time="0.037" /><testcase classname="client.tests.test_ray_86_hardware_ui" name="test_support_only_hardware_failure_hides_retry_and_shows_safe_instruction" time="0.039" /><testcase classname="client.tests.test_ray_89_session_deletion_ui" name="test_session_deletion_requires_exact_single_session_confirmation" time="0.159" /><testcase classname="client.tests.test_ray_90_analysis" name="test_fixed_fixture_produces_deterministic_relative_heatmap_and_basic_loads_without_mutation" time="0.002" /><testcase classname="client.tests.test_ray_90_analysis" name="test_cop_metrics_are_computed_internally_but_withheld_from_customer_until_validated" time="0.002" /><testcase classname="client.tests.test_ray_90_analysis" name="test_invalid_quality_or_missing_prerequisite_emits_no_customer_number" time="0.002" /><testcase classname="client.tests.test_ray_90_analysis" name="test_local_basic_definitions_align_with_independent_cloud_reference_within_tolerance" time="0.003" /><testcase classname="client.tests.test_ray_90_registry" name="test_every_metric_declares_definition_version_rate_calibration_and_validation" time="0.000" /><testcase classname="client.tests.test_ray_90_registry" name="test_frequency_score_and_reference_range_are_not_customer_visible" time="0.000" /><testcase classname="client.tests.test_ray_90_registry" name="test_cop_path_amplitude_and_area_register_units_and_prerequisites" time="0.000" /><testcase classname="client.tests.test_ray_91_coordinator" name="test_stable_position_waits_for_explicit_start_and_passes_protocol_snapshot" time="0.000" /><testcase classname="client.tests.test_ray_91_coordinator" name="test_manual_start_is_blocked_until_minimum_contact_and_valid_area" time="0.000" /><testcase classname="client.tests.test_ray_91_coordinator" name="test_protocol_duration_automatically_finishes_local_processing_and_basic_report" time="0.000" /><testcase classname="client.tests.test_ray_91_position_guidance" name="test_stable_position_counts_down_with_text_and_resets_when_subject_leaves" time="0.000" /><testcase classname="client.tests.test_ray_91_position_guidance" name="test_stable_hold_enables_manual_start_without_automatic_transition" time="0.000" /><testcase classname="client.tests.test_ray_91_protocol" name="test_default_protocol_is_versioned_and_captures_start_end_quality_and_prompts" time="0.000" /><testcase classname="client.tests.test_ray_91_protocol" name="test_extended_paradigm_requires_both_feature_flag_and_validation" time="0.000" /><testcase classname="client.tests.test_ray_91_protocol" name="test_pilot_standard_protocol_is_replay_only_and_is_rejected_by_institution_catalog" time="0.000" /><testcase classname="client.tests.test_ray_91_protocol" name="test_reference_range_is_publishable_only_with_population_source_version_and_approval" time="0.001" /><testcase classname="client.tests.test_ray_91_qt" name="test_position_page_presents_numeric_and_text_countdown_with_one_main_action" time="0.043" /><testcase classname="client.tests.test_ray_91_qt" name="test_preflight_shows_four_checks_and_waits_for_operator_entry" time="0.044" /><testcase classname="client.tests.test_ray_91_qt" name="test_acquisition_page_uses_protocol_prompt_and_only_exposes_stop" time="0.037" /><testcase classname="client.tests.test_ray_91_qt" name="test_stop_action_requires_one_brief_confirmation" time="0.037" /><testcase classname="client.tests.test_ray_91_qt" name="test_valid_result_shows_report_and_next_but_invalid_result_only_shows_retry" time="0.039" /><testcase classname="client.tests.test_ray_91_reference_protocol_fixture" name="test_reference_protocol_fixture_has_all_deidentified_20_second_pose_sequences" time="0.006" /><testcase classname="client.tests.test_ray_91_reference_protocol_fixture" name="test_compatibility_mirror_matches_the_canonical_test_fixture" time="0.001" /><testcase classname="client.tests.test_ray_91_reference_protocol_fixture" name="test_reference_protocol_fixture_is_repeatable_relative_input[open_eyes_bilateral]" time="0.003" /><testcase classname="client.tests.test_ray_91_reference_protocol_fixture" name="test_reference_protocol_fixture_is_repeatable_relative_input[closed_eyes_bilateral]" time="0.003" /><testcase classname="client.tests.test_ray_91_reference_protocol_fixture" name="test_reference_protocol_fixture_is_repeatable_relative_input[tandem_left_front]" time="0.003" /><testcase classname="client.tests.test_ray_91_reference_protocol_fixture" name="test_reference_protocol_fixture_is_repeatable_relative_input[tandem_right_front]" time="0.003" /><testcase classname="client.tests.test_ray_91_reference_protocol_fixture" name="test_reference_protocol_replays_through_the_production_display_projection[open_eyes_bilateral]" time="2.671" /><testcase classname="client.tests.test_ray_91_reference_protocol_fixture" name="test_reference_protocol_replays_through_the_production_display_projection[closed_eyes_bilateral]" time="2.578" /><testcase classname="client.tests.test_ray_91_reference_protocol_fixture" name="test_reference_protocol_replays_through_the_production_display_projection[tandem_left_front]" time="2.648" /><testcase classname="client.tests.test_ray_91_reference_protocol_fixture" name="test_reference_protocol_replays_through_the_production_display_projection[tandem_right_front]" time="2.692" /><testcase classname="client.tests.test_ray_92_consent.ConsentWorkflowTests" name="test_confirmation_records_required_and_optional_research_separately" time="0.001" /><testcase classname="client.tests.test_ray_92_consent.ConsentWorkflowTests" name="test_matching_valid_consent_is_reused_without_creating_a_new_record" time="0.000" /><testcase classname="client.tests.test_ray_92_consent.ConsentWorkflowTests" name="test_policy_change_requires_confirmation_and_decline_creates_nothing" time="0.000" /><testcase classname="client.tests.test_ray_92_controller" name="test_found_subject_profile_and_consent_are_bound_before_preflight" time="0.095" /><testcase classname="client.tests.test_ray_92_controller" name="test_required_consent_decline_stays_on_consent_with_plain_error" time="0.041" /><testcase classname="client.tests.test_ray_92_controller" name="test_reused_consent_still_runs_and_stops_on_device_preflight" time="0.047" /><testcase classname="client.tests.test_ray_92_controller" name="test_conflicting_identifier_cannot_advance_or_auto_merge" time="0.038" /><testcase classname="client.tests.test_ray_92_participant.ParticipantWorkflowTests" name="test_anonymous_quick_create_uses_unknown_profile_without_identity" time="0.000" /><testcase classname="client.tests.test_ray_92_participant.ParticipantWorkflowTests" name="test_blank_external_id_is_rejected_before_port_access" time="0.000" /><testcase classname="client.tests.test_ray_92_participant.ParticipantWorkflowTests" name="test_conflicting_institution_id_never_selects_or_merges_a_subject" time="0.000" /><testcase classname="client.tests.test_ray_92_participant.ParticipantWorkflowTests" name="test_cross_tenant_candidate_is_rejected_before_selection" time="0.000" /><testcase classname="client.tests.test_ray_92_participant.ParticipantWorkflowTests" name="test_found_subject_access_is_audited_without_external_id_value" time="0.000" /><testcase classname="client.tests.test_ray_92_participant.ParticipantWorkflowTests" name="test_not_found_id_can_create_with_the_same_institution_context" time="0.000" /><testcase classname="client.tests.test_ray_92_participant.ParticipantWorkflowTests" name="test_optional_field_preserves_missing_meaning" time="0.000" /><testcase classname="client.tests.test_ray_92_participant.ParticipantWorkflowTests" name="test_report_export_audit_uses_tenant_subject_and_report_version" time="0.000" /><testcase classname="client.tests.test_ray_92_participant.ParticipantWorkflowTests" name="test_selected_subject_profile_preserves_each_field_state" time="0.000" /><testcase classname="client.tests.test_ray_92_qt" name="test_subject_page_exposes_id_types_and_lookup_action" time="0.034" /><testcase classname="client.tests.test_ray_92_qt" name="test_profile_fields_each_have_an_explicit_missing_state_selector" time="0.035" /><testcase classname="client.tests.test_ray_92_qt" name="test_profile_condition_chips_are_selectable_and_persist_their_state" time="0.034" /><testcase classname="client.tests.test_ray_92_qt" name="test_consent_choices_are_separate_and_not_preselected" time="0.062" /><testcase classname="client.tests.test_ray_92_session_binding.SessionBindingTests" name="test_acquisition_is_blocked_when_subject_or_consent_is_not_bound" time="0.001" /><testcase classname="client.tests.test_ray_92_session_binding.SessionBindingTests" name="test_session_creation_receives_selected_subject_and_consent_snapshot" time="0.000" /><testcase classname="client.tests.test_ray_96_deployment" name="test_runtime_paths_separate_install_from_persistent_data_and_uninstall_preserves_data" time="0.000" /><testcase classname="client.tests.test_ray_96_deployment" name="test_build_manifest_records_software_protocol_report_and_data_schema_versions" time="0.000" /><testcase classname="client.tests.test_ray_96_deployment" name="test_startup_gate_routes_unactivated_terminal_to_activation_and_bound_terminal_to_workbench" time="0.000" /><testcase classname="client.tests.test_ray_96_deployment" name="test_windows_requires_ch340_probe_but_deployment_layer_does_not_install_driver" time="0.000" /><testcase classname="client.tests.test_ray_96_deployment" name="test_upgrade_rejects_unsigned_incompatible_or_busy_candidates" time="0.000" /><testcase classname="client.tests.test_ray_96_deployment" name="test_failed_upgrade_rolls_back_application_and_database_without_session_data_api" time="0.000" /><testcase classname="client.tests.test_ray_96_deployment" name="test_pyinstaller_spec_and_build_config_are_present_without_embedded_credentials" time="0.001" /><testcase classname="client.tests.test_ray_96_pdf_delivery" name="test_a4_pdf_renderer_creates_readable_versioned_pdf" time="0.029" /><testcase classname="client.tests.test_ray_96_pdf_delivery" name="test_delivery_exports_atomically_and_prints_safe_temporary_name_with_confirmation" time="0.042" /><testcase classname="client.tests.test_report_copy" name="test_basic_report_copy_describes_available_relative_metrics_without_a_risk_claim" time="0.000" /><testcase classname="client.tests.test_report_copy" name="test_replay_copy_keeps_fixture_output_out_of_customer_interpretation" time="0.000" /><testcase classname="client.tests.test_seed_access_runtime.ClientAccessRuntimeTests" name="test_activation_persists_metadata_and_keyring_refresh_only" time="0.003" /><testcase classname="client.tests.test_seed_access_runtime.ClientAccessRuntimeTests" name="test_concurrent_token_consumers_serialize_one_refresh_rotation" time="0.006" /><testcase classname="client.tests.test_seed_access_runtime.ClientAccessRuntimeTests" name="test_expiring_access_token_rotates_refresh_once" time="0.002" /><testcase classname="client.tests.test_seed_access_runtime.ClientAccessRuntimeTests" name="test_hardware_mismatch_stops_authenticated_handoff" time="0.002" /><testcase classname="client.tests.test_seed_access_runtime.ClientAccessRuntimeTests" name="test_invalid_refresh_clears_credentials_but_preserves_access_metadata" time="0.002" /><testcase classname="client.tests.test_seed_access_runtime.ClientAccessRuntimeTests" name="test_replacement_computer_uses_new_installation_for_same_license_and_hardware" time="0.004" /><testcase classname="client.tests.test_seed_access_runtime.ClientAccessRuntimeTests" name="test_settings_require_https_and_explicit_7443_integration_ca" time="0.002" /><testcase classname="client.tests.test_seed_activation_ui" name="test_seed_activation_uses_provider_provisioned_fields_only" time="0.073" /><testcase classname="client.tests.test_seed_activation_ui" name="test_production_activation_is_disabled_until_stable_hardware_exists" time="0.082" /><testcase classname="client.tests.test_seed_activation_ui" name="test_activation_callback_receives_account_code_passwords_and_hardware" time="0.085" /><testcase classname="client.tests.test_seed_activation_ui" name="test_local_test_license_does_not_call_production_activation" time="0.128" /><testcase classname="client.tests.test_seed_hardware_identity" name="test_activation_identity_requires_usb_serial_number" time="0.000" /><testcase classname="client.tests.test_seed_hardware_identity" name="test_activation_identity_reports_absent_busy_and_multiple_explicitly" time="0.001" /><testcase classname="client.tests.test_seed_hardware_identity" name="test_activation_returns_opaque_identity_and_suffix_only" time="0.000" /><testcase classname="client.tests.test_seed_hardware_identity" name="test_startup_opens_only_the_license_bound_device" time="0.001" /><testcase classname="client.tests.test_seed_hardware_identity" name="test_startup_rejects_mismatched_physical_device_before_opening" time="0.001" /><testcase classname="client.tests.test_seed_license_policy.SeedLicensePolicyTests" name="test_active_online_requires_current_installation_lease" time="0.002" /><testcase classname="client.tests.test_seed_license_policy.SeedLicensePolicyTests" name="test_license2_signature_binding_and_monotonic_version" time="0.004" /><testcase classname="client.tests.test_seed_license_policy.SeedLicensePolicyTests" name="test_license_states_clock_and_spool_quotas_only_block_new_tests" time="0.003" /><testcase classname="client.tests.test_seed_license_policy.SeedLicensePolicyTests" name="test_offline_grace_allows_exact_24h_but_states_exclusivity_limit" time="0.001" /><testcase classname="client.tests.test_session_lock.SessionLockControllerTests" name="test_default_and_supported_timeout_options" time="0.000" /><testcase classname="client.tests.test_session_lock.SessionLockControllerTests" name="test_timeout_during_acquisition_defers_visual_lock_until_finish" time="0.000" /><testcase classname="client.tests.test_session_lock.SessionLockControllerTests" name="test_timeout_during_finalization_also_defers_then_locks" time="0.000" /><testcase classname="client.tests.test_session_lock.SessionLockControllerTests" name="test_unlock_requires_password_and_rate_limits_failures" time="0.001" /><testcase classname="client.tests.test_session_lock.SessionLockControllerTests" name="test_user_activity_resets_timeout_and_never_disables_locking" time="0.002" /><testcase classname="client.tests.test_session_lock_qt" name="test_qt_lock_overlay_masks_content_and_unlocks_with_account_password" time="0.178" /><testcase classname="client.tests.test_session_lock_qt" name="test_lock_waits_for_protected_acquisition_then_background_timer_continues" time="0.165" /><testcase classname="client.tests.test_ui_demo" name="test_design_demo_routes_the_operator_through_the_standard_flow" time="0.082" /><testcase classname="client.tests.test_ui_demo" name="test_design_demo_seeds_the_operator_dashboard" time="0.075" /><testcase classname="client.tests.test_ui_demo" name="test_design_demo_opens_a_versioned_report_preview" time="0.075" /><testcase classname="client.tests.test_ui_demo" name="test_design_demo_seeds_record_history_and_support_state" time="0.097" /><testcase classname="client.tests.test_ui_design_system" name="test_design_system_marks_primary_actions_and_preserves_target_size" time="0.001" /><testcase classname="client.tests.test_ui_design_system" name="test_workbench_has_source_topbar_statuses_and_central_primary_action" time="0.037" /><testcase classname="client.tests.test_ui_design_system" name="test_guidance_and_acquisition_pages_use_dedicated_operator_layouts" time="0.035" /><testcase classname="client.tests.test_ui_design_system" name="test_wizard_and_focus_pages_follow_the_source_screen_structure" time="0.035" /><testcase classname="client.tests.test_ui_design_system" name="test_report_preview_presents_the_selected_report_version" time="0.083" /><testcase classname="client.tests.test_ui_design_system" name="test_subject_and_consent_pages_group_operator_decisions_visually" time="0.035" /><testcase classname="client.tests.test_ui_design_system" name="test_preflight_result_and_support_statuses_have_named_read_models" time="0.035" /><testcase classname="client.tests.test_ui_read_models" name="test_dashboard_snapshot_populates_operator_summary_and_recent_records" time="0.036" /><testcase classname="client.tests.test_ui_read_models" name="test_read_models_populate_record_history_and_support_summary" time="0.039" /><testcase classname="client.tests.test_ui_read_models" name="test_record_history_filters_by_identifier_and_report_status" time="0.040" /><testcase classname="client.tests.test_ui_read_models" name="test_record_history_filters_by_actual_performed_date" time="0.036" /><testcase classname="client.tests.test_ui_read_models" name="test_record_history_view_action_carries_the_pinned_report_reference" time="0.036" /><testcase classname="client.tests.test_v1_debug_analysis" name="test_v1_debug_analysis_uses_all_four_stages_without_publishing_risk_score" time="0.020" /><testcase classname="client.tests.test_v1_debug_analysis" name="test_v1_debug_processor_persists_reproducible_analysis_before_report" time="0.016" /><testcase classname="client.tests.test_v1_fixture_replay" name="test_fixture_replay_validates_and_exposes_each_v1_stage" time="0.005" /><testcase classname="client.tests.test_v1_fixture_replay" name="test_invalid_fixture_is_exposed_as_a_safe_preflight_failure" time="0.000" /><testcase classname="client.tests.test_v1_local_end_to_end" name="test_local_v1_replay_runs_from_subject_entry_to_persisted_pdf_and_history" time="15.222" /><testcase classname="client.tests.test_v1_replay_protocol" name="test_default_protocol_describes_the_four_required_v1_replay_stages" time="0.000" /><testcase classname="client.tests.test_v1_replay_ui" name="test_replay_acquisition_shows_stage_source_and_20_second_progress" time="0.040" /><testcase classname="client.tests.test_v1_staged_coordinator" name="test_four_stage_protocol_returns_to_guidance_until_final_stage" time="0.000" /><testcase classname="cloud.tests.test_access_api.TenantAccessApiTests" name="test_activate_login_refresh_license_and_lease_routes" time="0.110" /><testcase classname="cloud.tests.test_access_api.TenantAccessApiTests" name="test_local_ui_test_license_never_reaches_cloud_activation" time="0.017" /><testcase classname="cloud.tests.test_access_api.TenantAccessApiTests" name="test_platform_token_cannot_call_tenant_access_route" time="0.015" /><testcase classname="cloud.tests.test_access_auth" name="test_password_hash_is_salted_versioned_and_verifiable" time="0.177" /><testcase classname="cloud.tests.test_access_auth" name="test_tenant_token_has_fixed_audience_and_15_minute_expiry" time="0.000" /><testcase classname="cloud.tests.test_access_auth" name="test_platform_and_tenant_tokens_are_not_interchangeable" time="0.000" /><testcase classname="cloud.tests.test_access_auth" name="test_refresh_token_exposes_random_value_once_and_hashes_with_key" time="0.000" /><testcase classname="cloud.tests.test_access_auth" name="test_license_signature_and_binding_detect_any_mutation" time="0.001" /><testcase classname="cloud.tests.test_access_auth" name="test_local_ui_test_license_is_rejected_at_cloud_boundary" time="0.000" /><testcase classname="cloud.tests.test_access_control_contracts" name="test_license_document_binds_account_and_hardware_not_terminal" time="0.000" /><testcase classname="cloud.tests.test_access_control_contracts" name="test_platform_role_is_not_a_tenant_role" time="0.000" /><testcase classname="cloud.tests.test_access_control_contracts" name="test_hardware_identity_must_be_an_opaque_stable_usb_serial[]" time="0.000" /><testcase classname="cloud.tests.test_access_control_contracts" name="test_hardware_identity_must_be_an_opaque_stable_usb_serial[/dev/cu.usbserial-1]" time="0.000" /><testcase classname="cloud.tests.test_access_control_contracts" name="test_hardware_identity_must_be_an_opaque_stable_usb_serial[usb-serial-short]" time="0.000" /><testcase classname="cloud.tests.test_access_control_contracts" name="test_hardware_identity_must_be_an_opaque_stable_usb_serial[usb-serial-0123456789ABCDEF0123]" time="0.000" /><testcase classname="cloud.tests.test_access_control_contracts" name="test_provisioning_accepts_only_seed_license_periods" time="0.000" /><testcase classname="cloud.tests.test_access_control_contracts" name="test_activation_requires_matching_password_confirmation" time="0.000" /><testcase classname="cloud.tests.test_access_control_contracts" name="test_refresh_requires_installation_identity" time="0.000" /><testcase classname="cloud.tests.test_access_control_contracts" name="test_sensitive_grant_requires_unique_roles_and_operational_context" time="0.000" /><testcase classname="cloud.tests.test_access_control_contracts" name="test_contracts_reject_unknown_fields" time="0.000" /><testcase classname="cloud.tests.test_access_documentation" name="test_authoritative_docs_encode_the_approved_seed_access_model" time="0.001" /><testcase classname="cloud.tests.test_access_documentation" name="test_module_docs_distinguish_current_seed_and_legacy_terminal_compatibility" time="0.001" /><testcase classname="cloud.tests.test_access_documentation" name="test_current_seed_sections_contain_no_rejected_onboarding_or_security_claims" time="0.001" /><testcase classname="cloud.tests.test_access_repository" name="test_tenant_grows_one_to_three_then_reduces_to_two_without_data_move" time="0.000" /><testcase classname="cloud.tests.test_access_repository" name="test_activation_is_atomic_and_exactly_one_concurrent_consumer_wins" time="0.000" /><testcase classname="cloud.tests.test_access_repository" name="test_failed_activation_changes_nothing_and_does_not_consume_code" time="0.000" /><testcase classname="cloud.tests.test_access_repository" name="test_duplicate_account_or_hardware_rolls_back_entire_group" time="0.000" /><testcase classname="cloud.tests.test_api_contract.IngestionApiContractTests" name="test_missing_query_and_manifest_gate" time="0.076" /><testcase classname="cloud.tests.test_api_contract.IngestionApiContractTests" name="test_session_create_replay_and_segment_conflict_contract" time="0.025" /><testcase classname="cloud.tests.test_api_contract.IngestionApiContractTests" name="test_subject_resolution_and_consent_lifecycle_contract" time="0.027" /><testcase classname="cloud.tests.test_api_contract.IngestionApiContractTests" name="test_terminal_header_mismatch_and_cross_tenant_access_are_denied" time="0.019" /><testcase classname="cloud.tests.test_api_tenant_isolation.TenantAccessIsolationApiTests" name="test_right_tenant_cannot_read_left_tenant_session" time="0.019" /><testcase classname="cloud.tests.test_backup_assets" name="test_backup_is_custom_format_manifested_encrypted_and_atomically_published" time="0.001" /><testcase classname="cloud.tests.test_backup_assets" name="test_retention_preserves_newest_verified_backup" time="0.000" /><testcase classname="cloud.tests.test_backup_assets" name="test_restore_requires_separate_empty_targets_and_verifies_objects" time="0.000" /><testcase classname="cloud.tests.test_backup_assets" name="test_daily_systemd_timer_and_service_are_present" time="0.001" /><testcase classname="cloud.tests.test_client_sync_contract.ClientSyncContractTests" name="test_conflict_or_quarantine_is_never_scheduled_as_missing" time="0.000" /><testcase classname="cloud.tests.test_client_sync_contract.ClientSyncContractTests" name="test_duplicate_remote_index_is_rejected_as_ambiguous" time="0.000" /><testcase classname="cloud.tests.test_client_sync_contract.ClientSyncContractTests" name="test_durable_task_carries_restart_and_idempotency_state" time="0.000" /><testcase classname="cloud.tests.test_client_sync_contract.ClientSyncContractTests" name="test_local_deletion_requires_same_digest_acknowledgement" time="0.000" /><testcase classname="cloud.tests.test_client_sync_contract.ClientSyncContractTests" name="test_only_immutable_or_retryable_segment_states_may_enter_queue" time="0.000" /><testcase classname="cloud.tests.test_client_sync_contract.ClientSyncContractTests" name="test_resume_plan_uploads_only_absent_segments" time="0.000" /><testcase classname="cloud.tests.test_client_sync_contract.ClientSyncContractTests" name="test_retry_policy_caps_without_overflow_after_many_restarts" time="0.000" /><testcase classname="cloud.tests.test_client_sync_contract.ClientSyncContractTests" name="test_retry_policy_is_exponential_jittered_and_capped" time="0.000" /><testcase classname="cloud.tests.test_client_sync_contract.ClientSyncContractTests" name="test_retry_policy_rejects_invalid_jitter" time="0.000" /><testcase classname="cloud.tests.test_client_sync_contract.ClientSyncContractTests" name="test_retry_wait_requires_next_attempt_and_lease_is_a_pair" time="0.000" /><testcase classname="cloud.tests.test_contracts.ContractTests" name="test_canonical_manifest_digest_is_order_independent" time="0.000" /><testcase classname="cloud.tests.test_contracts.ContractTests" name="test_contracts_reject_unknown_fields" time="0.000" /><testcase classname="cloud.tests.test_contracts.ContractTests" name="test_manifest_requires_contiguous_unique_indices" time="0.000" /><testcase classname="cloud.tests.test_contracts.ContractTests" name="test_profile_missing_state_cannot_carry_value" time="0.000" /><testcase classname="cloud.tests.test_contracts.ContractTests" name="test_provided_profile_state_requires_value" time="0.000" /><testcase classname="cloud.tests.test_contracts.ContractTests" name="test_segment_metadata_header_round_trips" time="0.000" /><testcase classname="cloud.tests.test_deployment_assets" name="test_systemd_service_is_unprivileged_hardened_and_loopback_only" time="0.000" /><testcase classname="cloud.tests.test_deployment_assets" name="test_nginx_7443_ingress_has_tls_limits_rates_and_no_private_static_mapping" time="0.000" /><testcase classname="cloud.tests.test_deployment_assets" name="test_postgres_roles_are_non_privileged_and_network_is_loopback_only" time="0.000" /><testcase classname="cloud.tests.test_deployment_assets" name="test_managed_nginx_and_postgres_configs_expose_only_seed_loopback_boundaries" time="0.001" /><testcase classname="cloud.tests.test_deployment_assets" name="test_layout_and_secret_checker_enforce_ownership_without_printing_values" time="0.000" /><testcase classname="cloud.tests.test_deployment_assets" name="test_host_prerequisites_are_idempotent_and_do_not_cut_over_7443" time="0.000" /><testcase classname="cloud.tests.test_deployment_assets" name="test_release_installer_preflights_before_exact_legacy_cutover" time="0.000" /><testcase classname="cloud.tests.test_deployment_assets" name="test_systemd_entry_scripts_are_executable" time="0.001" /><testcase classname="cloud.tests.test_deployment_assets" name="test_resume_cutover_requires_persistent_readiness_before_stopping_legacy" time="0.000" /><testcase classname="cloud.tests.test_device_management.DeviceManagementTests" name="test_activation_code_is_single_use_and_token_is_terminal_bound" time="0.001" /><testcase classname="cloud.tests.test_device_management.DeviceManagementTests" name="test_expired_code_and_tampered_token_are_rejected" time="0.001" /><testcase classname="cloud.tests.test_device_management.DeviceManagementTests" name="test_heartbeat_is_terminal_bound_and_contains_no_subject_payload" time="0.001" /><testcase classname="cloud.tests.test_device_management.DeviceManagementTests" name="test_identical_enrollment_replay_returns_same_terminal" time="0.001" /><testcase classname="cloud.tests.test_device_management.DeviceManagementTests" name="test_revoked_terminal_cannot_heartbeat_or_silently_login" time="0.001" /><testcase classname="cloud.tests.test_device_management_api.DeviceManagementApiTests" name="test_enrollment_and_authenticated_heartbeat_contract" time="0.024" /><testcase classname="cloud.tests.test_device_management_api.DeviceManagementApiTests" name="test_heartbeat_rejects_identity_fields_without_echoing_values" time="0.035" /><testcase classname="cloud.tests.test_device_policy.DevicePolicyTests" name="test_24_hour_threshold_allows_exact_boundary_and_blocks_after" time="0.001" /><testcase classname="cloud.tests.test_device_policy.DevicePolicyTests" name="test_50_session_and_2_gib_thresholds_block_independently" time="0.001" /><testcase classname="cloud.tests.test_device_policy.DevicePolicyTests" name="test_feature_flag_and_clock_rollback_require_support" time="0.001" /><testcase classname="cloud.tests.test_device_policy.DevicePolicyTests" name="test_gate_never_blocks_safe_finish_reports_upload_or_diagnostics" time="0.000" /><testcase classname="cloud.tests.test_device_policy.DevicePolicyTests" name="test_license_signature_binding_and_feature_flags_are_verified" time="0.001" /><testcase classname="cloud.tests.test_device_policy.DevicePolicyTests" name="test_network_recovery_reevaluation_silently_clears_offline_gate" time="0.000" /><testcase classname="cloud.tests.test_device_policy.DevicePolicyTests" name="test_tampered_or_revoked_license_is_rejected" time="0.001" /><testcase classname="cloud.tests.test_device_policy.DevicePolicyTests" name="test_threshold_defaults_are_the_approved_values" time="0.000" /><testcase classname="cloud.tests.test_filesystem_object_store.FileSystemObjectStoreTests" name="test_digest_size_failure_cleans_staging" time="0.003" /><testcase classname="cloud.tests.test_filesystem_object_store.FileSystemObjectStoreTests" name="test_existing_tampered_immutable_key_conflicts" time="0.004" /><testcase classname="cloud.tests.test_filesystem_object_store.FileSystemObjectStoreTests" name="test_manifest_is_canonical_and_immutable" time="0.003" /><testcase classname="cloud.tests.test_filesystem_object_store.FileSystemObjectStoreTests" name="test_path_traversal_is_rejected" time="0.002" /><testcase classname="cloud.tests.test_filesystem_object_store.FileSystemObjectStoreTests" name="test_segment_is_tenant_prefixed_private_and_idempotent" time="0.003" /><testcase classname="cloud.tests.test_hardware_leases" name="test_acquire_renew_release_and_takeover_after_release" time="0.001" /><testcase classname="cloud.tests.test_hardware_leases" name="test_second_installation_is_rejected_until_ttl_expires" time="0.001" /><testcase classname="cloud.tests.test_hardware_leases" name="test_context_must_match_license_hardware_and_installation" time="0.001" /><testcase classname="cloud.tests.test_live_seed_acceptance" name="test_acceptance_evidence_excludes_all_replayable_credentials" time="0.001" /><testcase classname="cloud.tests.test_manifest_outbox.ManifestOutboxTests" name="test_different_manifest_digest_conflicts_without_second_event" time="0.002" /><testcase classname="cloud.tests.test_manifest_outbox.ManifestOutboxTests" name="test_invalid_quality_never_emits_formal_analysis_event" time="0.001" /><testcase classname="cloud.tests.test_manifest_outbox.ManifestOutboxTests" name="test_missing_segment_never_emits_ingested_event" time="0.001" /><testcase classname="cloud.tests.test_manifest_outbox.ManifestOutboxTests" name="test_verified_manifest_emits_one_event_under_idempotent_replay" time="0.001" /><testcase classname="cloud.tests.test_migration_contract.MigrationContractTests" name="test_declares_ingestion_unique_keys_and_approved_status" time="0.001" /><testcase classname="cloud.tests.test_migration_contract.MigrationContractTests" name="test_declares_owned_schemas_and_security_domains" time="0.000" /><testcase classname="cloud.tests.test_migration_contract.MigrationContractTests" name="test_enrollment_code_can_prebind_an_approved_device" time="0.000" /><testcase classname="cloud.tests.test_migration_contract.MigrationContractTests" name="test_outbox_and_idempotency_are_first_class" time="0.000" /><testcase classname="cloud.tests.test_migration_contract.MigrationContractTests" name="test_raw_identity_and_audit_records_are_separate_tables" time="0.000" /><testcase classname="cloud.tests.test_migration_contract.MigrationContractTests" name="test_tenant_tables_enable_and_force_rls" time="0.000" /><testcase classname="cloud.tests.test_migrations" name="test_seed_access_migration_is_additive_and_transactional" time="0.001" /><testcase classname="cloud.tests.test_migrations" name="test_authoritative_tables_exist" time="0.000" /><testcase classname="cloud.tests.test_migrations" name="test_tenant_tables_force_row_level_security" time="0.000" /><testcase classname="cloud.tests.test_migrations" name="test_platform_tables_are_not_tenant_rls_tables" time="0.000" /><testcase classname="cloud.tests.test_migrations" name="test_application_roles_are_explicitly_non_privileged" time="0.000" /><testcase classname="cloud.tests.test_migrations" name="test_tenant_role_has_explicit_data_plane_permissions_without_platform_identity_access" time="0.000" /><testcase classname="cloud.tests.test_migrations" name="test_dynamic_bindings_keep_history_and_prevent_two_open_rows" time="0.000" /><testcase classname="cloud.tests.test_operations_api.OperationsApiTests" name="test_operations_openapi_has_no_public_subject_report_route" time="0.047" /><testcase classname="cloud.tests.test_operations_api.OperationsApiTests" name="test_separate_data_permissions_are_enforced_at_api_boundary" time="0.021" /><testcase classname="cloud.tests.test_operations_api.OperationsApiTests" name="test_site_registration_and_health_are_tenant_scoped" time="0.018" /><testcase classname="cloud.tests.test_operations_control_plane.OperationsControlPlaneTests" name="test_activation_code_is_returned_once_but_only_hmac_is_persisted" time="0.001" /><testcase classname="cloud.tests.test_operations_control_plane.OperationsControlPlaneTests" name="test_cross_tenant_and_out_of_site_scope_are_denied_and_audited" time="0.001" /><testcase classname="cloud.tests.test_operations_control_plane.OperationsControlPlaneTests" name="test_health_summary_contains_operational_fields_and_error_trends_only" time="0.001" /><testcase classname="cloud.tests.test_operations_control_plane.OperationsControlPlaneTests" name="test_license_issue_renew_revoke_creates_signed_versions" time="0.001" /><testcase classname="cloud.tests.test_operations_control_plane.OperationsControlPlaneTests" name="test_operations_health_contract_forbids_public_report_links" time="0.001" /><testcase classname="cloud.tests.test_operations_control_plane.OperationsControlPlaneTests" name="test_raw_identity_logs_and_diagnostics_require_separate_permissions" time="0.001" /><testcase classname="cloud.tests.test_operations_control_plane.OperationsControlPlaneTests" name="test_site_device_binding_suspension_and_audit" time="0.001" /><testcase classname="cloud.tests.test_operations_control_plane.OperationsControlPlaneTests" name="test_upgrade_policy_supports_staged_rollout_and_rollback_metadata" time="0.001" /><testcase classname="cloud.tests.test_operations_migration.OperationsMigrationTests" name="test_declares_iam_license_upgrade_and_support_tables" time="0.001" /><testcase classname="cloud.tests.test_operations_migration.OperationsMigrationTests" name="test_license_versions_and_access_categories_are_constrained" time="0.000" /><testcase classname="cloud.tests.test_operations_migration.OperationsMigrationTests" name="test_operations_schema_has_no_public_report_link" time="0.000" /><testcase classname="cloud.tests.test_platform_api.PlatformApiTests" name="test_owner_provisions_lists_and_controls_tenant_license" time="0.117" /><testcase classname="cloud.tests.test_platform_api.PlatformApiTests" name="test_support_cannot_provision_and_tenant_token_cannot_call_platform" time="0.107" /><testcase classname="cloud.tests.test_platform_iam" name="test_bootstrap_owner_then_create_multiple_platform_identities" time="0.133" /><testcase classname="cloud.tests.test_platform_iam" name="test_platform_login_uses_independent_identity_and_roles" time="0.087" /><testcase classname="cloud.tests.test_platform_iam" name="test_sensitive_identity_requires_support_or_owner_and_15_minute_grant" time="0.131" /><testcase classname="cloud.tests.test_platform_iam" name="test_cross_tenant_platform_listing_is_masked_operational_summary" time="0.045" /><testcase classname="cloud.tests.test_platform_provisioning" name="test_operations_provisions_atomic_bundle_and_returns_code_once" time="0.001" /><testcase classname="cloud.tests.test_platform_provisioning" name="test_support_and_engineer_cannot_provision_or_control_license" time="0.001" /><testcase classname="cloud.tests.test_platform_provisioning" name="test_duplicate_account_or_hardware_has_no_partial_second_tenant" time="0.001" /><testcase classname="cloud.tests.test_platform_provisioning" name="test_license_renew_suspend_restore_and_revoke_create_signed_versions" time="0.001" /><testcase classname="cloud.tests.test_platform_provisioning" name="test_existing_tenant_can_expand_to_three_and_contract_to_two" time="0.001" /><testcase classname="cloud.tests.test_postgres_access_repository" name="test_constructor_requires_three_explicit_pools" time="0.000" /><testcase classname="cloud.tests.test_postgres_access_repository" name="test_adapter_and_migration_encode_locking_routing_and_least_privilege" time="0.000" /><testcase classname="cloud.tests.test_postgres_access_repository" name="test_live_repository_parity_for_seed_lifecycle" time="0.000"><skipped type="pytest.skip" message="three PostgreSQL role DSNs are not configured">/Users/rui/Library/CloudStorage/OneDrive-Personal/Development/FeetForcePlate/.worktrees/seed-mvp-access/cloud/tests/test_postgres_access_repository.py:74: three PostgreSQL role DSNs are not configured</skipped></testcase><testcase classname="cloud.tests.test_postgres_tenant_context.TenantTransactionTests" name="test_exception_rolls_back_before_connection_returns_to_pool" time="0.001" /><testcase classname="cloud.tests.test_postgres_tenant_context.TenantTransactionTests" name="test_sets_local_tenant_inside_transaction_before_yield" time="0.001" /><testcase classname="cloud.tests.test_seed_access_end_to_end" name="test_ten_institution_seed_access_lifecycle_and_negative_cases" time="0.731" /><testcase classname="cloud.tests.test_seed_composition" name="test_settings_accept_separate_roles_and_private_external_object_root" time="0.002" /><testcase classname="cloud.tests.test_seed_composition" name="test_settings_reject_unsafe_values[tenant_dsn-sqlite:///tmp/ffp.db-PostgreSQL]" time="0.001" /><testcase classname="cloud.tests.test_seed_composition" name="test_settings_reject_unsafe_values[tenant_token_secret-short-32]" time="0.001" /><testcase classname="cloud.tests.test_seed_composition" name="test_settings_reject_unsafe_values[public_base_url-http://seed.example.test:7443-HTTPS]" time="0.001" /><testcase classname="cloud.tests.test_seed_composition" name="test_settings_reject_shared_tenant_platform_secrets" time="0.000" /><testcase classname="cloud.tests.test_seed_composition" name="test_settings_reject_object_root_inside_repository" time="0.000" /><testcase classname="cloud.tests.test_seed_composition" name="test_settings_reject_secret_file_broader_than_0600" time="0.001" /><testcase classname="cloud.tests.test_seed_composition" name="test_build_composes_only_seed_identity_and_data_plane_services" time="0.015" /><testcase classname="cloud.tests.test_seed_composition" name="test_server_and_postgres_pools_share_one_event_loop" time="0.035" /><testcase classname="cloud.tests.test_segment_ingestion.SegmentIngestionTests" name="test_cross_tenant_session_access_is_denied" time="0.002" /><testcase classname="cloud.tests.test_segment_ingestion.SegmentIngestionTests" name="test_database_failure_compensates_unreferenced_object" time="0.001" /><testcase classname="cloud.tests.test_segment_ingestion.SegmentIngestionTests" name="test_database_race_digest_conflict_records_problem_and_cleans_object" time="0.001" /><testcase classname="cloud.tests.test_segment_ingestion.SegmentIngestionTests" name="test_digest_mismatch_never_creates_object_or_database_reference" time="0.001" /><testcase classname="cloud.tests.test_segment_ingestion.SegmentIngestionTests" name="test_revocation_blocks_new_sessions_but_allows_existing_session_upload" time="0.001" /><testcase classname="cloud.tests.test_segment_ingestion.SegmentIngestionTests" name="test_route_index_must_equal_signed_metadata_index" time="0.001" /><testcase classname="cloud.tests.test_segment_ingestion.SegmentIngestionTests" name="test_same_index_different_digest_conflicts_without_overwrite" time="0.001" /><testcase classname="cloud.tests.test_segment_ingestion.SegmentIngestionTests" name="test_same_index_same_digest_is_idempotent" time="0.001" /><testcase classname="cloud.tests.test_segment_ingestion.SegmentIngestionTests" name="test_schema_version_must_match_supported_session_contract" time="0.001" /><testcase classname="cloud.tests.test_subject_consent.SubjectConsentTests" name="test_consent_replay_is_idempotent_and_revocation_blocks_new_use" time="0.001" /><testcase classname="cloud.tests.test_subject_consent.SubjectConsentTests" name="test_cross_tenant_consent_reference_is_denied" time="0.002" /><testcase classname="cloud.tests.test_subject_consent.SubjectConsentTests" name="test_duplicate_identifier_returns_conflict_without_auto_merge" time="0.001" /><testcase classname="cloud.tests.test_subject_consent.SubjectConsentTests" name="test_lookup_hmac_is_scoped_by_tenant_issuer_and_type" time="0.001" /><testcase classname="cloud.tests.test_subject_consent.SubjectConsentTests" name="test_normalized_identifier_resolves_without_storing_plaintext" time="0.001" /><testcase classname="cloud.tests.test_subject_consent.SubjectConsentTests" name="test_optional_identity_profile_is_encrypted_in_separate_store" time="0.001" /><testcase classname="cloud.tests.test_subject_consent.SubjectConsentTests" name="test_profile_missing_state_is_preserved" time="0.001" /><testcase classname="cloud.tests.test_subject_consent.SubjectConsentTests" name="test_same_consent_id_with_changed_content_conflicts" time="0.001" /><testcase classname="cloud.tests.test_subject_consent.SubjectConsentTests" name="test_same_external_identifier_is_isolated_by_tenant" time="0.001" /><testcase classname="cloud.tests.test_tenant_access_ingestion.TenantAccessIngestionTests" name="test_suspension_blocks_new_test_but_existing_upload_continues" time="0.084" /><testcase classname="cloud.tests.test_tenant_access_ingestion.TenantAccessIngestionTests" name="test_tenant_access_token_records_heartbeat_for_its_installation" time="0.062" /><testcase classname="cloud.tests.test_tenant_access_ingestion.TenantAccessIngestionTests" name="test_tenant_token_requires_its_own_installation_audit_identity" time="0.062" /><testcase classname="cloud.tests.test_tenant_authentication" name="test_activation_is_atomic_and_code_replay_is_rejected" time="0.090" /><testcase classname="cloud.tests.test_tenant_authentication" name="test_wrong_hardware_does_not_save_password_or_consume_code" time="0.045" /><testcase classname="cloud.tests.test_tenant_authentication" name="test_login_on_replacement_computer_keeps_license_hardware_binding" time="0.089" /><testcase classname="cloud.tests.test_tenant_authentication" name="test_suspended_or_expired_license_blocks_new_test_not_upload_or_reports" time="0.135" /><testcase classname="cloud.tests.test_tenant_authentication" name="test_refresh_rotates_and_replay_of_old_token_is_rejected" time="0.045" /><testcase classname="cloud.tests.test_tenant_authentication" name="test_five_failed_attempts_lock_identifier_for_fifteen_minutes" time="0.310" /><testcase classname="tests.cloud.analysis.test_catalog.MetricCatalogTests" name="test_catalog_rejects_duplicate_metric_definition_versions" time="0.001" /><testcase classname="tests.cloud.analysis.test_catalog.MetricCatalogTests" name="test_catalog_versions_each_metric_definition" time="0.000" /><testcase classname="tests.cloud.analysis.test_catalog.MetricCatalogTests" name="test_default_catalog_keeps_unvalidated_metrics_closed" time="0.000" /><testcase classname="tests.cloud.analysis.test_catalog.MetricCatalogTests" name="test_default_gait_metric_is_both_unapproved_and_above_12_hz_capability" time="0.000" /><testcase classname="tests.cloud.analysis.test_features.FeaturePipelineTests" name="test_cache_key_covers_manifest_pipeline_calibration_and_parameters" time="0.003" /><testcase classname="tests.cloud.analysis.test_features.FeaturePipelineTests" name="test_extracts_deterministic_first_level_features_from_48_by_64_frames" time="0.002" /><testcase classname="tests.cloud.analysis.test_features.FeaturePipelineTests" name="test_rejects_frames_that_do_not_match_the_approved_sensor_shape" time="0.000" /><testcase classname="tests.cloud.analysis.test_gates.CapabilityGateTests" name="test_hides_a_100_hz_metric_on_the_approximately_12_hz_device" time="0.000" /><testcase classname="tests.cloud.analysis.test_gates.CapabilityGateTests" name="test_metric_descriptor_requires_customer_facing_definition_and_unit" time="0.000" /><testcase classname="tests.cloud.analysis.test_gates.CapabilityGateTests" name="test_rejects_blocking_quality_flags" time="0.000" /><testcase classname="tests.cloud.analysis.test_gates.CapabilityGateTests" name="test_rejects_failed_cloud_quality" time="0.000" /><testcase classname="tests.cloud.analysis.test_gates.CapabilityGateTests" name="test_rejects_insufficient_calibration" time="0.000" /><testcase classname="tests.cloud.analysis.test_gates.CapabilityGateTests" name="test_rejects_invalid_session" time="0.000" /><testcase classname="tests.cloud.analysis.test_gates.CapabilityGateTests" name="test_rejects_low_sample_rate" time="0.000" /><testcase classname="tests.cloud.analysis.test_gates.CapabilityGateTests" name="test_rejects_missing_profile_fields" time="0.000" /><testcase classname="tests.cloud.analysis.test_gates.CapabilityGateTests" name="test_rejects_short_duration" time="0.000" /><testcase classname="tests.cloud.analysis.test_gates.CapabilityGateTests" name="test_rejects_unapproved_algorithm" time="0.000" /><testcase classname="tests.cloud.analysis.test_gates.CapabilityGateTests" name="test_rejects_unsupported_device" time="0.000" /><testcase classname="tests.cloud.analysis.test_gates.CapabilityGateTests" name="test_rejects_unverified_manifest" time="0.000" /><testcase classname="tests.cloud.analysis.test_gates.CapabilityGateTests" name="test_rejects_wrong_protocol" time="0.000" /><testcase classname="tests.cloud.analysis.test_gates.CapabilityGateTests" name="test_supports_only_a_valid_session_meeting_every_requirement" time="0.000" /><testcase classname="tests.cloud.analysis.test_orchestrator.AnalysisOrchestratorTests" name="test_algorithm_upgrade_creates_a_new_run_without_overwriting_history" time="0.001" /><testcase classname="tests.cloud.analysis.test_orchestrator.AnalysisOrchestratorTests" name="test_duplicate_delivery_returns_the_same_persisted_run" time="0.001" /><testcase classname="tests.cloud.analysis.test_orchestrator.AnalysisOrchestratorTests" name="test_event_contract_cannot_accept_direct_identity_fields" time="0.000" /><testcase classname="tests.cloud.analysis.test_orchestrator.AnalysisOrchestratorTests" name="test_failures_persist_only_safe_error_evidence" time="0.000" /><testcase classname="tests.cloud.analysis.test_orchestrator.AnalysisOrchestratorTests" name="test_legacy_raw_array_pipeline_rejects_standard_estimated_force_sessions" time="0.000" /><testcase classname="tests.cloud.analysis.test_orchestrator.AnalysisOrchestratorTests" name="test_only_accepts_the_approved_complete_session_event" time="0.000" /><testcase classname="tests.cloud.analysis.test_orchestrator.AnalysisOrchestratorTests" name="test_persists_all_input_and_runtime_versions_for_traceability" time="0.001" /><testcase classname="tests.cloud.analysis.test_orchestrator.AnalysisOrchestratorTests" name="test_quality_assessment_is_applied_before_metric_gates" time="0.001" /><testcase classname="tests.cloud.analysis.test_orchestrator.AnalysisOrchestratorTests" name="test_unsupported_metric_does_not_publish_completed_event" time="0.001" /><testcase classname="tests.cloud.analysis.test_physical_features" name="test_extracts_physical_cop_metrics_and_stage_ratios" time="0.002" /><testcase classname="tests.cloud.analysis.test_physical_features" name="test_same_physical_field_has_same_features_with_split_array_layout" time="0.002" /><testcase classname="tests.cloud.analysis.test_physical_features" name="test_does_not_bridge_a_gap_larger_than_two_nominal_intervals" time="0.001" /><testcase classname="tests.cloud.analysis.test_physical_features" name="test_hardware_quality_metadata_is_rejected_before_physical_metrics" time="0.000" /><testcase classname="tests.cloud.analysis.test_physical_features" name="test_algorithm_rotates_board_coordinates_for_fixed_left_turn" time="0.000" /><testcase classname="tests.cloud.analysis.test_physical_features" name="test_feature_extraction_applies_left_turn_to_board_cop" time="0.001" /><testcase classname="tests.cloud.analysis.test_physical_gates" name="test_physical_gate_is_default_closed_without_approved_reference_or_quality" time="0.410" /><testcase classname="tests.cloud.analysis.test_physical_gates" name="test_approved_physical_metric_requires_no_device_shape_assumption" time="0.002" /><testcase classname="tests.cloud.analysis.test_physical_gates" name="test_release_gate_rejects_feature_protocol_and_rule_version_mismatches" time="0.001" /><testcase classname="tests.cloud.analysis.test_physical_gates" name="test_risk_release_requires_the_ellipse_metric_bundle" time="0.001" /><testcase classname="tests.cloud.analysis.test_physical_gates" name="test_dynamic_gait_metric_is_not_in_v1_whitelist" time="0.001" /><testcase classname="tests.cloud.analysis.test_physical_gates" name="test_unvalidated_completion_is_default_closed" time="0.001" /><testcase classname="tests.cloud.analysis.test_physical_input" name="test_accepts_irregular_layout_and_preserves_physical_semantics" time="0.000" /><testcase classname="tests.cloud.analysis.test_physical_input" name="test_rejects_noncanonical_schema_or_units[schema_version-physical-pressure-session/0.9]" time="0.000" /><testcase classname="tests.cloud.analysis.test_physical_input" name="test_rejects_noncanonical_schema_or_units[coordinate_frame-BOARD_XY]" time="0.000" /><testcase classname="tests.cloud.analysis.test_physical_input" name="test_rejects_noncanonical_schema_or_units[coordinate_unit-cm]" time="0.000" /><testcase classname="tests.cloud.analysis.test_physical_input" name="test_rejects_noncanonical_schema_or_units[force_unit-counts]" time="0.000" /><testcase classname="tests.cloud.analysis.test_physical_input" name="test_rejects_noncanonical_schema_or_units[time_unit-ms]" time="0.000" /><testcase classname="tests.cloud.analysis.test_physical_input" name="test_rejects_hardware_or_workflow_metadata_in_public_force_payload[device_model]" time="0.000" /><testcase classname="tests.cloud.analysis.test_physical_input" name="test_rejects_hardware_or_workflow_metadata_in_public_force_payload[measurement_profile]" time="0.000" /><testcase classname="tests.cloud.analysis.test_physical_input" name="test_rejects_hardware_or_workflow_metadata_in_public_force_payload[stages]" time="0.000" /><testcase classname="tests.cloud.analysis.test_physical_input" name="test_rejects_hardware_or_workflow_metadata_in_public_force_payload[area_unit]" time="0.000" /><testcase classname="tests.cloud.analysis.test_physical_input" name="test_rejects_invalid_geometry_force_length_time_or_quality_metadata[&lt;lambda&gt;0]" time="0.000" /><testcase classname="tests.cloud.analysis.test_physical_input" name="test_rejects_invalid_geometry_force_length_time_or_quality_metadata[&lt;lambda&gt;1]" time="0.000" /><testcase classname="tests.cloud.analysis.test_physical_input" name="test_rejects_invalid_geometry_force_length_time_or_quality_metadata[&lt;lambda&gt;2]" time="0.000" /><testcase classname="tests.cloud.analysis.test_physical_input" name="test_rejects_invalid_geometry_force_length_time_or_quality_metadata[&lt;lambda&gt;3]" time="0.000" /><testcase classname="tests.cloud.analysis.test_physical_input" name="test_rejects_invalid_geometry_force_length_time_or_quality_metadata[&lt;lambda&gt;4]" time="0.000" /><testcase classname="tests.cloud.analysis.test_physical_input" name="test_protocol_context_is_separate_and_has_canonical_stages" time="0.000" /><testcase classname="tests.cloud.analysis.test_physical_input" name="test_protocol_context_rejects_invalid_left_turn_or_forward_foot" time="0.000" /><testcase classname="tests.cloud.analysis.test_physical_orchestrator" name="test_only_ingested_complete_triggers_feature_reconstruction" time="0.009" /><testcase classname="tests.cloud.analysis.test_physical_orchestrator" name="test_complete_event_runs_gate_features_and_risk_before_public_result" time="0.015" /><testcase classname="tests.cloud.analysis.test_physical_orchestrator" name="test_duplicate_complete_event_is_idempotent" time="0.015" /><testcase classname="tests.cloud.analysis.test_physical_orchestrator" name="test_loader_failure_persists_internal_failure_without_public_result" time="0.008" /><testcase classname="tests.cloud.analysis.test_physical_orchestrator" name="test_capability_failure_never_emits_a_public_risk_result" time="0.003" /><testcase classname="tests.cloud.analysis.test_physical_orchestrator" name="test_questionnaire_hash_mismatch_never_emits_a_public_risk_result" time="0.014" /><testcase classname="tests.cloud.analysis.test_physical_orchestrator" name="test_event_feature_pipeline_version_mismatch_never_emits_a_public_result" time="0.014" /><testcase classname="tests.cloud.analysis.test_physical_orchestrator" name="test_protocol_context_hash_mismatch_never_emits_a_public_result" time="0.011" /><testcase classname="tests.cloud.analysis.test_physical_run_versioning" name="test_run_key_hash_covers_every_versioned_identity_field" time="0.000" /><testcase classname="tests.cloud.analysis.test_physical_run_versioning" name="test_same_complete_input_and_versions_are_idempotent" time="0.000" /><testcase classname="tests.cloud.analysis.test_physical_run_versioning" name="test_changed_algorithm_version_creates_a_new_run" time="0.000" /><testcase classname="tests.cloud.analysis.test_physical_run_versioning" name="test_terminal_runs_are_immutable" time="0.000" /><testcase classname="tests.cloud.analysis.test_risk_rules" name="test_explicit_background_high_risk_wins_over_good_balance" time="0.001" /><testcase classname="tests.cloud.analysis.test_risk_rules" name="test_single_semi_tandem_failure_is_medium_risk_evidence" time="0.001" /><testcase classname="tests.cloud.analysis.test_risk_rules" name="test_unknown_background_is_not_treated_as_no" time="0.001" /><testcase classname="tests.cloud.analysis.test_risk_rules" name="test_unknown_age_does_not_emit_a_composite_score" time="0.001" /><testcase classname="tests.cloud.analysis.test_risk_rules" name="test_medication_categories_are_optional_labels_only" time="0.002" /><testcase classname="tests.cloud.observability.test_alerts.AlertEvaluatorTests" name="test_alert_requires_the_configured_consecutive_window" time="0.000" /><testcase classname="tests.cloud.observability.test_alerts.AlertEvaluatorTests" name="test_default_rules_cover_required_operational_alerts" time="0.000" /><testcase classname="tests.cloud.observability.test_alerts.AlertEvaluatorTests" name="test_healthy_sample_resolves_an_open_alert" time="0.000" /><testcase classname="tests.cloud.observability.test_alerts.AlertEvaluatorTests" name="test_open_alert_is_deduplicated_during_cooldown" time="0.000" /><testcase classname="tests.cloud.observability.test_diagnostics.DiagnosticBundleTests" name="test_bundle_is_encrypted_and_records_plaintext_and_ciphertext_hashes" time="0.000" /><testcase classname="tests.cloud.observability.test_diagnostics.DiagnosticBundleTests" name="test_default_archive_contains_only_allowlisted_safe_diagnostic_files" time="0.000" /><testcase classname="tests.cloud.observability.test_diagnostics.DiagnosticBundleTests" name="test_session_data_cannot_be_attached_through_the_default_bundle_action" time="0.000" /><testcase classname="tests.cloud.observability.test_diagnostics.DiagnosticBundleTests" name="test_support_access_requires_an_allowed_role_and_creates_audit_record" time="0.000" /><testcase classname="tests.cloud.observability.test_events.SafeTelemetryEventTests" name="test_analysis_failure_helper_never_serializes_exception_text" time="0.000" /><testcase classname="tests.cloud.observability.test_events.SafeTelemetryEventTests" name="test_builds_structured_event_with_controlled_correlation_ids" time="0.000" /><testcase classname="tests.cloud.observability.test_events.SafeTelemetryEventTests" name="test_customer_error_messages_only_expose_code_and_action" time="0.000" /><testcase classname="tests.cloud.observability.test_events.SafeTelemetryEventTests" name="test_rejects_identity_secrets_raw_payloads_reports_and_stacks_recursively" time="0.001" /><testcase classname="tests.cloud.observability.test_events.SafeTelemetryEventTests" name="test_sli_catalog_covers_every_required_stage_and_failure_mode" time="0.000" /><testcase classname="tests.cloud.observability.test_uploader.TelemetryUploadQueueTests" name="test_empty_queue_does_not_call_uploader" time="0.000" /><testcase classname="tests.cloud.observability.test_uploader.TelemetryUploadQueueTests" name="test_failed_upload_retains_batch_and_reuses_idempotent_batch_id" time="0.000" /><testcase classname="tests.cloud.observability.test_uploader.TelemetryUploadQueueTests" name="test_full_ring_buffer_preserves_high_priority_errors" time="0.000" /><testcase classname="tests.cloud.reporting.test_professional_figures.ProfessionalFigureTests" name="test_approved_capabilities_add_parameters_and_curves_to_the_same_report" time="0.002" /><testcase classname="tests.cloud.reporting.test_professional_figures.ProfessionalFigureTests" name="test_curves_are_gated_by_their_approved_metric_capability" time="0.000" /><testcase classname="tests.cloud.reporting.test_professional_figures.ProfessionalFigureTests" name="test_customer_figure_schema_exposes_no_debug_controls_or_quality_details" time="0.002" /><testcase classname="tests.cloud.reporting.test_professional_figures.ProfessionalFigureTests" name="test_every_figure_states_the_real_source_sampling_rate" time="0.001" /><testcase classname="tests.cloud.reporting.test_professional_figures.ProfessionalFigureTests" name="test_print_semantics_do_not_depend_on_color_alone" time="0.001" /><testcase classname="tests.cloud.reporting.test_reporting.CloudReportingTests" name="test_cloud_version_reuses_basic_report_id_and_appends_version_two" time="0.000" /><testcase classname="tests.cloud.reporting.test_reporting.CloudReportingTests" name="test_duplicate_analysis_completion_is_idempotent" time="0.000" /><testcase classname="tests.cloud.reporting.test_reporting.CloudReportingTests" name="test_failed_or_unsupported_analysis_cannot_publish_customer_report" time="0.000" /><testcase classname="tests.cloud.reporting.test_reporting.CloudReportingTests" name="test_only_approved_metric_results_enter_customer_document" time="0.000" /><testcase classname="tests.cloud.reporting.test_reporting.CloudReportingTests" name="test_pdf_artifact_is_hashed_and_uses_only_internal_object_path_ids" time="0.000" /><testcase classname="tests.cloud.reporting.test_reporting.CloudReportingTests" name="test_public_document_has_fixed_order_and_no_internal_quality_or_debug_fields" time="0.000" /><testcase classname="tests.cloud.reporting.test_reporting.CloudReportingTests" name="test_recomputed_analysis_appends_version_without_overwriting_history" time="0.001" /><testcase classname="tests.cloud.reporting.test_reporting.CloudReportingTests" name="test_report_schema_has_no_public_link_qr_or_subject_account_delivery" time="0.000" /><testcase classname="tests.cloud.reporting.test_static_balance_reporting" name="test_static_balance_report_reuses_report_id_and_publishes_hashed_pdf" time="0.003" /><testcase classname="tests.cloud.reporting.test_static_balance_reporting" name="test_customer_document_contains_one_score_and_no_sensitive_or_internal_fields" time="0.002" /><testcase classname="tests.cloud.reporting.test_static_balance_reporting" name="test_duplicate_static_balance_publish_is_idempotent" time="0.002" /><testcase classname="tests.cloud.test_migrations.MigrationContractTests" name="test_analysis_run_key_matches_versioned_recompute_contract" time="0.001" /><testcase classname="tests.cloud.test_migrations.MigrationContractTests" name="test_ops_migration_covers_outbox_telemetry_alerts_diagnostics_and_audit" time="0.001" /><testcase classname="tests.cloud.test_migrations.MigrationContractTests" name="test_physical_context_identity_migration_is_fail_closed_and_versioned" time="0.000" /><testcase classname="tests.cloud.test_migrations.MigrationContractTests" name="test_reporting_enforces_one_report_per_session_and_immutable_versions" time="0.000" /><testcase classname="tests.cloud.test_migrations.MigrationContractTests" name="test_task_d_migrations_ex
[...]
eTests" name="test_realtime_pacing_has_controlled_jitter_and_can_emit_sticky_frames" time="0.000" /><testcase classname="tests.device.test_simulator.SimulatorFrameTests" name="test_transport_defaults_to_hardware_rate_and_streams_custom_frames" time="0.000" /><testcase classname="tests.hardware_standardization.test_baseline" name="test_baseline_uses_per_cell_median_and_mad_without_mutating_samples" time="0.000" /><testcase classname="tests.hardware_standardization.test_baseline" name="test_zero_reference_preserves_signed_residual_and_nonnegative_relative_load" time="0.000" /><testcase classname="tests.hardware_standardization.test_baseline" name="test_baseline_rejects_failed_or_incomplete_window" time="0.000" /><testcase classname="tests.hardware_standardization.test_calibrated_array" name="test_adapter_uses_actual_host_time_and_degrades_without_baseline_or_force_calibration" time="0.000" /><testcase classname="tests.hardware_standardization.test_calibrated_array" name="test_adapter_applies_only_layout_matched_baseline_reference" time="0.000" /><testcase classname="tests.hardware_standardization.test_calibrated_array" name="test_adapter_rejects_descending_host_time_and_layout_mismatch" time="0.000" /><testcase classname="tests.hardware_standardization.test_cross_adapter_contract" name="test_contract_fixture_covers_irregular_quality_and_nonuniform_time_cases" time="0.000" /><testcase classname="tests.hardware_standardization.test_cross_adapter_contract" name="test_do_adapter_and_generic_adapter_agree_on_the_same_board_point_order" time="0.004" /><testcase classname="tests.hardware_standardization.test_dependency_boundary" name="test_generic_physical_array_modules_do_not_depend_on_ui_cloud_analysis_or_serial" time="0.022" /><testcase classname="tests.hardware_standardization.test_device_specification" name="test_do_p4864_specification_owns_device_geometry_and_measurement_configuration" time="0.002" /><testcase classname="tests.hardware_standardization.test_device_specification" name="test_specification_creates_a_matching_adapter_without_hard_coding_device_values" time="0.003" /><testcase classname="tests.hardware_standardization.test_device_specification" name="test_specification_restores_adc_voltage_and_applies_v1_estimated_newton_model_after_baseline" time="0.011" /><testcase classname="tests.hardware_standardization.test_device_specification" name="test_specification_marks_reference_voltage_as_saturated" time="0.011" /><testcase classname="tests.hardware_standardization.test_do_p4864_adapter" name="test_do_adapter_uses_confirmed_board_grid_and_preserves_raw_matrix" time="0.004" /><testcase classname="tests.hardware_standardization.test_dynamic_defect_mask" name="test_dynamic_neighbour_and_temporal_evidence_promotes_only_after_two_sessions" time="0.002" /><testcase classname="tests.hardware_standardization.test_dynamic_defect_mask" name="test_repeated_edge_evidence_is_accumulated_but_makes_the_device_unavailable" time="0.003" /><testcase classname="tests.hardware_standardization.test_dynamic_defect_mask" name="test_static_window_and_ordinary_dynamic_pressure_do_not_create_a_mask_entry" time="0.001" /><testcase classname="tests.hardware_standardization.test_dynamic_defect_mask" name="test_widespread_low_response_is_suppressed_not_persisted_as_sensor_evidence" time="0.001" /><testcase classname="tests.hardware_standardization.test_dynamic_defect_mask" name="test_suppressed_candidate_flood_is_audited_without_persisting_coordinates" time="0.011" /><testcase classname="tests.hardware_standardization.test_dynamic_defect_mask" name="test_adjacent_promoted_bad_cells_make_device_unavailable_and_gate_rejects_capture" time="0.015" /><testcase classname="tests.hardware_standardization.test_dynamic_defect_mask" name="test_frozen_isolated_repairable_mask_enters_the_derived_repair_path" time="0.022" /><testcase classname="tests.hardware_standardization.test_dynamic_defect_mask" name="test_hardware_mask_file_is_loaded_at_session_start_and_atomically_updated_afterwards" time="0.007" /><testcase classname="tests.hardware_standardization.test_dynamic_defect_mask" name="test_mask_store_rejects_an_outdated_session_snapshot" time="0.003" /><testcase classname="tests.hardware_standardization.test_dynamic_defect_mask" name="test_selected_device_id_keeps_same_model_masks_isolated" time="0.007" /><testcase classname="tests.hardware_standardization.test_dynamic_defect_mask" name="test_old_terminal_binding_mask_requires_explicit_device_id_assignment" time="0.000" /><testcase classname="tests.hardware_standardization.test_dynamic_defect_mask" name="test_mask_history_is_sqlite_durable_desensitized_and_records_recovery_candidate" time="0.009" /><testcase classname="tests.hardware_standardization.test_force_calibration_variants" name="test_all_candidate_response_curves_are_monotonic_over_the_observed_voltage_domain" time="0.000" /><testcase classname="tests.hardware_standardization.test_geometry" name="test_top_left_grid_uses_user_confirmed_pitch_and_column_major_source_order" time="0.002" /><testcase classname="tests.hardware_standardization.test_geometry" name="test_irregular_layout_accepts_explicit_mirrored_coordinates_without_transforming_them" time="0.000" /><testcase classname="tests.hardware_standardization.test_models" name="test_session_preserves_raw_and_relative_values_without_claiming_force" time="0.000" /><testcase classname="tests.hardware_standardization.test_models" name="test_algorithm_estimated_force_session_rejects_missing_screening_estimate" time="0.000" /><testcase classname="tests.hardware_standardization.test_models" name="test_session_rejects_duplicate_source_indices_and_non_increasing_time" time="0.000" /><testcase classname="tests.hardware_standardization.test_public_export" name="test_public_export_contains_only_device_independent_force_fields" time="0.028" /><testcase classname="tests.hardware_standardization.test_public_export" name="test_public_export_requires_valid_and_committed_hardware_result" time="0.035" /><testcase classname="tests.hardware_standardization.test_quality_gate" name="test_quality_gate_preserves_raw_and_emits_v1_estimated_force" time="0.022" /><testcase classname="tests.hardware_standardization.test_quality_gate" name="test_isolated_bad_cell_is_repaired_from_four_orthogonal_neighbours" time="0.021" /><testcase classname="tests.hardware_standardization.test_quality_gate" name="test_adjacent_or_saturated_bad_cells_invalidate_the_whole_capture" time="0.032" /><testcase classname="tests.hardware_standardization.test_quality_gate" name="test_two_isolated_bad_cells_are_repaired_but_edge_or_unstable_baseline_is_rejected" time="0.044" /><testcase classname="tests.hardware_standardization.test_quality_gate" name="test_single_frame_horizontal_line_is_repaired_before_standardization_with_audit_metadata" time="0.076" /><testcase classname="tests.hardware_standardization.test_sensor_defect_repair" name="test_isolated_bad_cell_uses_spatial_median_without_mutating_input" time="0.001" /><testcase classname="tests.hardware_standardization.test_sensor_defect_repair" name="test_single_horizontal_drop_line_uses_pre_interpolation_directional_interpolation" time="0.000" /><testcase classname="tests.hardware_standardization.test_sensor_defect_repair" name="test_single_vertical_drop_line_uses_pre_interpolation_row_median_window_five" time="0.000" /><testcase classname="tests.hardware_standardization.test_sensor_defect_repair" name="test_directional_interpolation_preserves_a_cross_line_gradient" time="0.000" /><testcase classname="tests.hardware_standardization.test_sensor_defect_repair" name="test_sparse_gap_is_not_repaired_as_a_sensor_line" time="0.000" /><testcase classname="tests.hardware_standardization.test_sensor_defect_repair" name="test_one_sided_contact_edge_is_not_repaired_as_a_sensor_line" time="0.000" /><testcase classname="tests.hardware_standardization.test_sensor_defect_repair" name="test_edge_cluster_multi_line_and_excessive_coverage_are_rejected" time="0.000" /><testcase classname="tests.hardware_standardization.test_sensor_defect_repair" name="test_single_line_over_the_declared_repair_coverage_limit_is_rejected" time="0.000" /><testcase classname="tests.hardware_standardization.test_sensor_defect_repair" name="test_saved_tandem_reference_replays_a_persistent_horizontal_line_before_display_scaling" time="0.156" /><testcase classname="tests.hardware_standardization.test_serialization" name="test_serialization_emits_board_coordinates_and_null_force_without_body_fields" time="0.000" /><testcase classname="tests.hardware_standardization.test_spatial_integration" name="test_regular_grid_integrates_interpolated_pressure_over_sensor_gaps" time="0.000" /><testcase classname="tests.hardware_standardization.test_spatial_integration" name="test_inactive_points_are_zero_pressure_boundaries_not_force_contributors" time="0.000" /><testcase classname="tests.hardware_standardization.test_temporal_denoising" name="test_centered_moving_mean_reduces_an_impulse_without_changing_shape" time="0.000" /><testcase classname="tests.hardware_standardization.test_temporal_denoising" name="test_centered_moving_mean_requires_a_positive_odd_window" time="0.000" /><testcase classname="tests.hardware_standardization.test_voltage_force" name="test_8_bit_adc_voltage_and_provisional_newton_model_follow_device_parameters" time="0.000" /><testcase classname="tests.hardware_standardization.test_voltage_force" name="test_voltage_at_reference_is_saturated_not_infinite_force" time="0.000" /><testcase classname="tests.hardware_standardization.test_voltage_force" name="test_two_slope_model_is_continuous_monotonic_and_saturates" time="0.000" /><testcase classname="tests.spool.test_recovery.RecoveryScannerTests" name="test_acknowledged_file_is_retained_when_automatic_cleanup_runs" time="0.004" /><testcase classname="tests.spool.test_recovery.RecoveryScannerTests" name="test_cleanup_noop_does_not_touch_acknowledged_file" time="0.007" /><testcase classname="tests.spool.test_recovery.RecoveryScannerTests" name="test_complete_temp_segment_is_promoted_and_registered_after_restart" time="0.005" /><testcase classname="tests.spool.test_recovery.RecoveryScannerTests" name="test_crash_after_rename_before_database_is_recovered_idempotently" time="0.004" /><testcase classname="tests.spool.test_recovery.RecoveryScannerTests" name="test_invalid_tmp_is_quarantined_and_never_registered" time="0.004" /><testcase classname="tests.spool.test_recovery.RecoveryScannerTests" name="test_restart_discards_active_validity_gated_staging" time="0.005" /><testcase classname="tests.spool.test_recovery.RecoveryScannerTests" name="test_scan_finishes_promoted_valid_session_registration" time="0.006" /><testcase classname="tests.spool.test_recovery.RecoveryScannerTests" name="test_sealed_file_is_registered_before_pending_upload_is_visible" time="0.006" /><testcase classname="tests.spool.test_recovery.RecoveryScannerTests" name="test_tampered_sealed_file_is_quarantined_without_stopping_recovery" time="0.007" /><testcase classname="tests.spool.test_segments.ImmutableSegmentTests" name="test_five_second_boundary_seals_encrypted_immutable_raw_frames" time="0.002" /><testcase classname="tests.spool.test_segments.ImmutableSegmentTests" name="test_observed_compact_uint8_frame_round_trips_without_dtype_promotion" time="0.001" /><testcase classname="tests.spool.test_segments.ImmutableSegmentTests" name="test_random_nonce_makes_identical_plaintext_ciphertexts_distinct" time="0.001" /><testcase classname="tests.spool.test_segments.ImmutableSegmentTests" name="test_session_manifest_binds_segment_index_digest_frames_versions_and_quality" time="0.001" /><testcase classname="tests.spool.test_segments.ImmutableSegmentTests" name="test_tamper_is_detected_before_plaintext_is_returned" time="0.001" /><testcase classname="tests.spool.test_state_store.StateStoreTests" name="test_acknowledgement_never_creates_an_automatic_cleanup_candidate" time="0.004" /><testcase classname="tests.spool.test_state_store.StateStoreTests" name="test_corrupt_quarantined_data_still_counts_against_offline_quota" time="0.004" /><testcase classname="tests.spool.test_state_store.StateStoreTests" name="test_database_uses_wal_and_versioned_migrations" time="0.003" /><testcase classname="tests.spool.test_state_store.StateStoreTests" name="test_recovery_marks_acquiring_incomplete_and_requeues_uploading" time="0.003" /><testcase classname="tests.spool.test_state_store.StateStoreTests" name="test_sensitive_reference_updates_preserve_existing_session_foreign_keys" time="0.003" /><testcase classname="tests.spool.test_state_store.StateStoreTests" name="test_sensitive_subject_and_consent_blobs_are_encrypted_outside_database_key" time="0.004" /><testcase classname="tests.spool.test_state_store.StateStoreTests" name="test_transactional_offline_snapshot_and_all_new_test_gates" time="0.015" /><testcase classname="tests.spool.test_valid_session_commit.ValidSessionStagerTests" name="test_cloud_confirmation_retains_data_until_one_manual_session_delete" time="0.005" /><testcase classname="tests.spool.test_valid_session_commit.ValidSessionStagerTests" name="test_interrupted_staging_is_deleted_on_startup_recovery" time="0.009" /><testcase classname="tests.spool.test_valid_session_commit.ValidSessionStagerTests" name="test_invalid_capture_discards_all_temporary_raw_data_and_creates_no_session" time="0.004" /><testcase classname="tests.spool.test_valid_session_commit.ValidSessionStagerTests" name="test_recovery_finishes_registration_after_promotion_before_sqlite_commit" time="0.007" /><testcase classname="tests.spool.test_valid_session_commit.ValidSessionStagerTests" name="test_valid_capture_is_promoted_then_registered_with_ready_network_handoff" time="0.005" /><testcase classname="tests.spool.test_valid_session_commit.ValidSessionStagerTests" name="test_valid_session_retains_an_encrypted_repaired_force_observation" time="0.035" /><testcase classname="tests.startup_validation.test_failure_recovery" name="test_third_consecutive_signal_failure_escalates_to_service_required" time="0.000" /><testcase classname="tests.startup_validation.test_failure_recovery" name="test_pass_or_non_signal_failure_breaks_the_consecutive_chain" time="0.000" /><testcase classname="tests.startup_validation.test_failure_recovery" name="test_recoverable_device_and_load_failures_never_escalate" time="0.000" /><testcase classname="tests.startup_validation.test_models_and_rules" name="test_run_is_versioned_auditable_and_contains_no_raw_frame_payload" time="0.001" /><testcase classname="tests.startup_validation.test_models_and_rules" name="test_healthy_unloaded_window_passes_without_claiming_physical_units" time="0.004" /><testcase classname="tests.startup_validation.test_models_and_rules" name="test_rule_engine_rejects_low_rate_and_large_host_gap" time="0.004" /><testcase classname="tests.startup_validation.test_models_and_rules" name="test_rule_engine_rejects_no_variation_and_fixed_nonzero_area" time="0.005" /><testcase classname="tests.startup_validation.test_models_and_rules" name="test_rule_engine_accepts_sparse_real_empty_board_jitter" time="0.004" /><testcase classname="tests.startup_validation.test_models_and_rules" name="test_rule_engine_rejects_saturation_and_persistent_local_anomaly" time="0.006" /><testcase classname="tests.startup_validation.test_models_and_rules" name="test_rule_engine_rejects_temporal_noise_and_drift" time="0.011" /><testcase classname="tests.startup_validation.test_models_and_rules" name="test_rule_engine_rejects_wrong_shape_or_dtype_as_signal_invalid" time="0.001" /><testcase classname="tests.startup_validation.test_persistence" name="test_migration_adds_versioned_validation_audit_and_telemetry_queue" time="0.004" /><testcase classname="tests.startup_validation.test_persistence" name="test_audit_trail_persists_only_safe_versioned_summary_and_pending_event" time="0.008" /><testcase classname="tests.startup_validation.test_persistence" name="test_upload_failure_requeues_without_mutating_local_audit" time="0.005" /><testcase classname="tests.startup_validation.test_persistence" name="test_audit_rejects_raw_device_paths_and_does_not_accept_arbitrary_debug_data" time="0.003" /><testcase classname="tests.startup_validation.test_persistence" name="test_retry_chain_is_queryable_in_newest_first_order" time="0.004" /><testcase classname="tests.startup_validation.test_persistence" name="test_existing_schema_one_database_migrates_without_losing_old_table" time="0.013" /><testcase classname="tests.startup_validation.test_persistence" name="test_startup_recovery_requeues_interrupted_telemetry_with_attempt" time="0.005" /><testcase classname="tests.startup_validation.test_serial_connector" name="test_connector_opens_available_ch340_and_returns_production_boundaries" time="0.000" /><testcase classname="tests.startup_validation.test_serial_connector" name="test_connector_exposes_only_serial_backed_hardware_identity" time="0.000" /><testcase classname="tests.startup_validation.test_serial_connector" name="test_connector_distinguishes_absent_from_busy_without_exposing_port" time="0.000" /><testcase classname="tests.startup_validation.test_serial_connector" name="test_open_race_is_reported_as_busy_and_keeps_device_identity_private" time="0.000" /><testcase classname="tests.startup_validation.test_startup_workflow" name="test_success_path_is_linear_and_workbench_gate_opens_only_after_pass" time="0.000" /><testcase classname="tests.startup_validation.test_startup_workflow" name="test_each_failure_blocks_workbench_and_has_one_plain_recovery_action" time="0.000" /><testcase classname="tests.startup_validation.test_startup_workflow" name="test_connector_failures_have_stable_public_states_and_actions" time="0.000" /><testcase classname="tests.startup_validation.test_startup_workflow" name="test_retry_creates_a_fresh_connection_and_run_context" time="0.000" /><testcase classname="tests.startup_validation.test_startup_workflow" name="test_public_presentation_requires_real_progress_not_fake_percentage" time="0.000" /><testcase classname="tests.startup_validation.test_startup_workflow" name="test_policy_runs_before_audit_and_service_required_stays_blocked" time="0.000" /><testcase classname="tests.startup_validation.test_startup_workflow" name="test_connection_failures_are_also_written_to_the_audit_sink" time="0.000" /><testcase classname="tests.startup_validation.test_startup_workflow" name="test_audit_failure_blocks_entry_but_retry_uses_a_new_connection_and_run" time="0.000" /><testcase classname="tests.startup_validation.test_startup_workflow" name="test_unexpected_errors_use_stable_public_code_and_unique_diagnostic_ids" time="0.000" /><testcase classname="tests.startup_validation.test_validation_service" name="test_window_starts_on_first_valid_unloaded_frame_and_spans_full_five_seconds" time="0.007" /><testcase classname="tests.startup_validation.test_validation_service" name="test_obvious_load_discards_the_partial_window" time="0.000" /><testcase classname="tests.startup_validation.test_validation_service" name="test_disconnect_discards_the_partial_window" time="0.002" /><testcase classname="tests.startup_validation.test_validation_service" name="test_empty_reads_after_collection_starts_are_a_stream_interruption" time="0.000" /><testcase classname="tests.startup_validation.test_validation_service" name="test_retry_uses_a_new_run_id_and_does_not_reuse_old_window" time="0.007" /><testcase classname="tests.test_main_entry" name="test_default_entry_uses_mandatory_institution_application" time="0.000" /><testcase classname="tests.test_main_entry" name="test_replay_is_an_explicit_debug_choice" time="0.000" /><testcase classname="tests.test_main_entry" name="test_replay_verify_forwards_the_required_output_directory" time="0.001" /><testcase classname="tests.test_main_entry" name="test_verify_cannot_be_used_without_the_explicit_replay_mode" time="0.001" /></testsuite></testsuites>