<?xml version="1.0" encoding="utf-8"?><testsuites name="pytest tests"><testsuite name="pytest" errors="0" failures="0" skipped="0" tests="48" time="0.273" timestamp="2026-07-30T00:51:55.762605-07:00" hostname="localhost"><testcase classname="tests.device.test_protocol.ProtocolSurfaceTests" name="test_capture_profile_controls_wire_length_order_and_checksum_slice" time="0.013" /><testcase classname="tests.device.test_protocol.ProtocolSurfaceTests" name="test_capture_verified_profile_requires_fixture_digest" time="0.000" /><testcase classname="tests.device.test_protocol.ProtocolSurfaceTests" name="test_current_runtime_contract_has_no_legacy_6151_byte_definition" time="0.000" /><testcase classname="tests.device.test_protocol.ProtocolSurfaceTests" name="test_direct_verified_profile_cannot_bypass_fixture_digest_gate" time="0.000" /><testcase classname="tests.device.test_protocol.ProtocolSurfaceTests" name="test_length_function_and_tail_failures_are_audited_separately" time="0.000" /><testcase classname="tests.device.test_protocol.ProtocolSurfaceTests" name="test_noise_and_bad_checksum_resynchronize_at_next_header" time="0.000" /><testcase classname="tests.device.test_protocol.ProtocolSurfaceTests" name="test_observed_compact_profile_decodes_8bit_grid_without_checksum_filter" time="0.000" /><testcase classname="tests.device.test_protocol.ProtocolSurfaceTests" name="test_observed_compact_profile_rejects_length_candidate_mismatch_and_recovers" time="0.000" /><testcase classname="tests.device.test_protocol.ProtocolSurfaceTests" name="test_parser_accepts_single_bytes_and_emits_host_audited_matrix" time="0.002" /><testcase classname="tests.device.test_protocol.ProtocolSurfaceTests" name="test_parser_rejects_synthetic_profile_without_explicit_override" time="0.000" /><testcase classname="tests.device.test_protocol.ProtocolSurfaceTests" name="test_protocol_module_exposes_incremental_parser" time="0.000" /><testcase classname="tests.device.test_protocol.ProtocolSurfaceTests" name="test_random_chunks_and_sticky_frames_preserve_order_and_interval_audit" time="0.000" /><testcase classname="tests.device.test_protocol.ProtocolSurfaceTests" name="test_seeded_noise_fuzz_recovers_all_inserted_valid_frames" time="0.002" /><testcase classname="tests.device.test_protocol.ProtocolSurfaceTests" name="test_sustained_noise_never_retains_more_than_configured_buffer_limit" time="0.000" /><testcase classname="tests.device.test_simulator.SimulatorFrameTests" name="test_capture_replay_verifies_digest_and_uses_byte_transport" time="0.001" /><testcase classname="tests.device.test_simulator.SimulatorFrameTests" name="test_cop_sway_moves_the_raw_count_centroid_periodically" time="0.001" /><testcase classname="tests.device.test_simulator.SimulatorFrameTests" name="test_encoded_matrix_traverses_the_real_parser" time="0.000" /><testcase classname="tests.device.test_simulator.SimulatorFrameTests" name="test_encoder_rejects_counts_outside_uint8_range" time="0.000" /><testcase classname="tests.device.test_simulator.SimulatorFrameTests" name="test_fault_plan_injects_wire_errors_partial_frame_noise_and_disconnect" time="0.000" /><testcase classname="tests.device.test_simulator.SimulatorFrameTests" name="test_long_interval_fault_expands_the_next_device_arrival_window" time="0.000" /><testcase classname="tests.device.test_simulator.SimulatorFrameTests" name="test_pressure_scene_models_static_and_left_right_load_bias" time="0.000" /><testcase classname="tests.device.test_simulator.SimulatorFrameTests" name="test_realtime_pacing_has_controlled_jitter_and_can_emit_sticky_frames" time="0.000" /><testcase classname="tests.device.test_simulator.SimulatorFrameTests" name="test_transport_defaults_to_hardware_rate_and_streams_custom_frames" time="0.000" /><testcase classname="tests.device.test_acquisition.ConnectionStateTests" name="test_reconnect_after_error_stops_at_ready" time="0.000" /><testcase classname="tests.device.test_acquisition.ConnectionStateTests" name="test_state_machine_allows_only_explicit_connection_transitions" time="0.000" /><testcase classname="tests.device.test_acquisition.AcquisitionRunnerTests" name="test_disconnect_marks_result_incomplete_and_requires_reconnect" time="0.000" /><testcase classname="tests.device.test_acquisition.AcquisitionRunnerTests" name="test_duration_mode_uses_host_monotonic_frame_span_not_estimated_rate" time="0.000" /><testcase classname="tests.device.test_acquisition.AcquisitionRunnerTests" name="test_failed_runner_cannot_stitch_a_reconnected_session" time="0.000" /><testcase classname="tests.device.test_acquisition.AcquisitionRunnerTests" name="test_full_durable_queue_times_out_and_invalidates_without_silent_drop" time="0.000" /><testcase classname="tests.device.test_acquisition.AcquisitionRunnerTests" name="test_idle_serial_stream_invalidates_instead_of_waiting_forever" time="0.000" /><testcase classname="tests.device.test_acquisition.AcquisitionRunnerTests" name="test_late_nonempty_read_cannot_bypass_five_second_valid_signal_limit" time="0.001" /><testcase classname="tests.device.test_acquisition.AcquisitionRunnerTests" name="test_parser_resynchronization_is_audited_and_reconstructed_without_mutating_raw_frames" time="0.000" /><testcase classname="tests.device.test_acquisition.AcquisitionRunnerTests" name="test_short_sequence_of_invalid_frames_is_reconstructed_from_its_valid_neighbours" time="0.000" /><testcase classname="tests.device.test_acquisition.AcquisitionRunnerTests" name="test_storage_failure_never_publishes_unstored_frame" time="0.000" /><testcase classname="tests.device.test_acquisition.AcquisitionRunnerTests" name="test_storage_queue_precedes_latest_mailbox_and_preserves_audit_fields" time="0.000" /><testcase classname="tests.device.test_acquisition.AcquisitionRunnerTests" name="test_worker_executes_blocking_reader_outside_calling_thread" time="0.001" /><testcase classname="tests.startup_validation.test_serial_connector" name="test_connector_opens_available_ch340_and_returns_production_boundaries" time="0.000" /><testcase classname="tests.startup_validation.test_serial_connector" name="test_connector_distinguishes_absent_from_busy_without_exposing_port" time="0.000" /><testcase classname="tests.startup_validation.test_serial_connector" name="test_open_race_is_reported_as_busy_and_keeps_device_identity_private" time="0.000" /><testcase classname="tests.startup_validation.test_models_and_rules" name="test_run_is_versioned_auditable_and_contains_no_raw_frame_payload" time="0.001" /><testcase classname="tests.startup_validation.test_models_and_rules" name="test_healthy_unloaded_window_passes_without_claiming_physical_units" time="0.013" /><testcase classname="tests.startup_validation.test_models_and_rules" name="test_rule_engine_rejects_low_rate_and_large_host_gap" time="0.004" /><testcase classname="tests.startup_validation.test_models_and_rules" name="test_rule_engine_rejects_no_variation_and_fixed_nonzero_area" time="0.005" /><testcase classname="tests.startup_validation.test_models_and_rules" name="test_rule_engine_accepts_sparse_real_empty_board_jitter" time="0.003" /><testcase classname="tests.startup_validation.test_models_and_rules" name="test_rule_engine_rejects_saturation_and_persistent_local_anomaly" time="0.006" /><testcase classname="tests.startup_validation.test_models_and_rules" name="test_rule_engine_rejects_temporal_noise_and_drift" time="0.027" /><testcase classname="tests.startup_validation.test_models_and_rules" name="test_rule_engine_rejects_wrong_shape_or_dtype_as_signal_invalid" time="0.001" /><testcase classname="tests.hardware_standardization.test_do_p4864_adapter" name="test_do_adapter_uses_confirmed_board_grid_and_preserves_raw_matrix" time="0.004" /></testsuite></testsuites>
