<?xml version="1.0" encoding="utf-8"?><testsuites name="pytest tests"><testsuite name="pytest" errors="0" failures="1" skipped="0" tests="212" time="2.787" timestamp="2026-07-22T00:34:08.540472-07:00" hostname="localhost"><testcase classname="client.tests.test_ray_101_controller" name="test_primary_button_dispatches_to_coordinator_and_refreshes_page" time="0.217" /><testcase classname="client.tests.test_ray_101_controller" name="test_controller_drives_the_operator_path_and_deferred_preflight" time="0.025" /><testcase classname="client.tests.test_ray_101_controller" name="test_report_actions_use_the_selected_version_through_coordinator" time="0.007" /><testcase classname="client.tests.test_ray_101_controller" name="test_device_events_refresh_result_and_recovery_pages" time="0.008" /><testcase classname="client.tests.test_ray_101_controller" name="test_start_next_action_returns_to_subject_identification" time="0.007" /><testcase classname="client.tests.test_ray_101_coordinator.CoordinatorPreflightTests" name="test_acquisition_start_failure_closes_created_session_with_safe_error" time="0.001" /><testcase classname="client.tests.test_ray_101_coordinator.CoordinatorPreflightTests" name="test_disconnect_uses_safe_error_and_marks_session_incomplete" time="0.000" /><testcase classname="client.tests.test_ray_101_coordinator.CoordinatorPreflightTests" name="test_export_and_print_remain_pinned_to_the_viewed_report_version" time="0.000" /><testcase classname="client.tests.test_ray_101_coordinator.CoordinatorPreflightTests" name="test_failed_preflight_stays_repairable_without_creating_session" time="0.000" /><testcase classname="client.tests.test_ray_101_coordinator.CoordinatorPreflightTests" name="test_lifecycle_status_is_separate_from_ui_and_report_status" time="0.000" /><testcase classname="client.tests.test_ray_101_coordinator.CoordinatorPreflightTests" name="test_operator_stop_is_safe_and_idempotent" time="0.000" /><testcase classname="client.tests.test_ray_101_coordinator.CoordinatorPreflightTests" name="test_quality_failure_requires_retry_and_never_creates_report" time="0.000" /><testcase classname="client.tests.test_ray_101_coordinator.CoordinatorPreflightTests" name="test_report_generation_failure_is_visible_without_exposing_stack" time="0.000" /><testcase classname="client.tests.test_ray_101_coordinator.CoordinatorPreflightTests" name="test_retry_creates_a_new_session_instead_of_resuming_incomplete_data" time="0.000" /><testcase classname="client.tests.test_ray_101_coordinator.CoordinatorPreflightTests" name="test_session_creation_failure_stays_before_acquisition_with_safe_error" time="0.000" /><testcase classname="client.tests.test_ray_101_coordinator.CoordinatorPreflightTests" name="test_start_is_guarded_against_duplicate_session_creation" time="0.000" /><testcase classname="client.tests.test_ray_101_coordinator.CoordinatorPreflightTests" name="test_start_next_screening_clears_transient_state_and_keeps_records_external" time="0.000" /><testcase classname="client.tests.test_ray_101_coordinator.CoordinatorPreflightTests" name="test_sync_and_cloud_failure_do_not_invalidate_basic_report" time="0.000" /><testcase classname="client.tests.test_ray_101_coordinator.CoordinatorPreflightTests" name="test_valid_session_exposes_versioned_basic_report" time="0.000" /><testcase classname="client.tests.test_ray_101_pages.PageCatalogTests" name="test_acquiring_page_has_one_stop_action_and_no_navigation" time="0.000" /><testcase classname="client.tests.test_ray_101_pages.PageCatalogTests" name="test_catalog_contains_all_prd_pages_with_single_primary_action" time="0.000" /><testcase classname="client.tests.test_ray_101_pages.PageCatalogTests" name="test_workflow_steps_route_to_the_prd_page" time="0.000" /><testcase classname="client.tests.test_ray_101_qt_shell" name="test_shell_builds_all_prd_pages_with_accessible_action_targets" time="0.011" /><testcase classname="client.tests.test_ray_101_qt_shell" name="test_acquiring_state_locks_navigation_and_shows_only_safe_error" time="0.008" /><testcase classname="client.tests.test_ray_101_qt_shell" name="test_each_page_exposes_the_required_operator_controls" time="0.006" /><testcase classname="client.tests.test_ray_101_qt_shell" name="test_nonblocking_sync_notice_keeps_basic_report_available" time="0.007" /><testcase classname="client.tests.test_ray_101_state_machine.SessionStateMachineTests" name="test_device_disconnect_marks_session_incomplete_and_offers_retry" time="0.000" /><testcase classname="client.tests.test_ray_101_state_machine.SessionStateMachineTests" name="test_standard_flow_requires_declared_transitions" time="0.000" /><testcase classname="client.tests.test_ray_101_ui_integration" name="test_ui_integration_module_is_available_for_the_real_composition_root" time="0.000" /><testcase classname="client.tests.test_ray_101_ui_integration" name="test_local_report_adapter_pins_one_document_for_analysis_preview_export_and_print" time="0.000" /><testcase classname="client.tests.test_ray_101_ui_integration" name="test_basic_ready_without_a_versioned_document_is_rejected" time="0.000" /><testcase classname="client.tests.test_ray_101_ui_integration" name="test_retry_required_outcome_cannot_expose_a_customer_report" time="0.000" /><testcase classname="client.tests.test_ray_101_ui_integration" name="test_connected_controller_loads_the_exact_report_document_into_p10" time="0.010"><failure message="AssertionError: assert '基础 v2' in '报告编号 report-ui-1 · v2 · 本报告用于健康筛查与风险提示，不作疾病诊断。'">qtbot = &lt;pytestqt.qtbot.QtBot object at 0x119f83110&gt;

    def test_connected_controller_loads_the_exact_report_document_into_p10(qtbot) -&gt; None:
        controller_type = getattr(ui_integration, "ReportConnectedController", None)
        adapter_type = getattr(ui_integration, "LocalReportWorkflowAdapter", None)
        assert controller_type is not None
        assert adapter_type is not None
        report = _report()
        reports = adapter_type(
            processor=_Processor(report),
            delivery=_Delivery(),
            spooler=object(),
        )
        reports.analyze("session-ui-1")
        controller = controller_type(_ReportCoordinator(), report_documents=reports)
        qtbot.addWidget(controller.window)

        controller.dispatch("VIEW_BASIC_REPORT")

        page = controller.window.page_widget(PageId.REPORT_PREVIEW)
        assert controller.window.current_page_id is PageId.REPORT_PREVIEW
        assert page.findChild(QLabel, "reportPreviewSummary").text() == report.summary
        assert "v2" in page.findChild(QLabel, "reportPreviewTitle").text()
        assert "基础筛查报告" in page.findChild(QLabel, "reportPreviewTitle").text()
        footer = page.findChild(QLabel, "reportPreviewFooter").text()
&gt;       assert "基础 v2" in footer
E       AssertionError: assert '基础 v2' in '报告编号 report-ui-1 · v2 · 本报告用于健康筛查与风险提示，不作疾病诊断。'

client/tests/test_ray_101_ui_integration.py:197: AssertionError</failure></testcase><testcase classname="client.tests.test_ray_101_ui_integration" name="test_connected_composition_runs_ui_to_local_report_heatmap_export_and_print" time="0.028" /><testcase classname="client.tests.test_ray_114_packaged_entry" name="test_packaged_composition_uses_the_mandatory_gate_before_workbench" time="0.689" /><testcase classname="client.tests.test_ray_114_packaged_gate" name="test_workbench_factory_is_not_called_until_passed" time="0.156" /><testcase classname="client.tests.test_ray_114_packaged_gate" name="test_failure_never_creates_workbench_and_retry_starts_a_new_attempt" time="0.113" /><testcase classname="client.tests.test_ray_114_startup_ui" name="test_connecting_is_indeterminate_and_collecting_is_monotonic_determinate" time="0.040" /><testcase classname="client.tests.test_ray_114_startup_ui" name="test_failure_has_plain_copy_one_primary_recovery_and_safe_exit" time="0.067" /><testcase classname="client.tests.test_ray_114_startup_ui" name="test_passed_state_uses_existing_success_asset_and_has_no_skip_action" time="0.034" /><testcase classname="client.tests.test_ray_114_startup_ui" name="test_long_public_copy_wraps_inside_reading_width" time="0.094" /><testcase classname="client.tests.test_ray_114_startup_ui" name="test_packaged_startup_assets_are_runtime_files_not_design_document_links" time="0.001" /><testcase classname="client.tests.test_ray_114_startup_ui" name="test_repeated_signal_failure_prompts_support_without_technical_leak" time="0.135" /><testcase classname="client.tests.test_ray_114_startup_ui" name="test_every_failure_state_has_one_primary_action_and_safe_public_copy" time="0.122" /><testcase classname="client.tests.test_ray_84_controller" name="test_workflow_clock_remains_accurate_when_no_new_display_or_upload_event_arrives" time="0.040" /><testcase classname="client.tests.test_ray_84_display_model" name="test_display_frame_is_immutable_48x64_and_has_cop_and_text_metrics" time="0.001" /><testcase classname="client.tests.test_ray_84_display_model" name="test_latest_only_mailbox_drops_old_display_frames_without_touching_reliable_sink" time="0.001" /><testcase classname="client.tests.test_ray_84_display_model" name="test_refresh_throttle_returns_only_new_device_frames_and_keeps_capture_timestamp" time="0.000" /><testcase classname="client.tests.test_ray_84_display_model" name="test_mailbox_is_thread_safe_under_stalled_ui_consumer" time="0.028" /><testcase classname="client.tests.test_ray_84_qt" name="test_acquisition_view_renders_heatmap_cop_and_redundant_text_summary" time="0.007" /><testcase classname="client.tests.test_ray_84_qt" name="test_heatmap_widget_high_dpi_render_is_not_blank" time="0.032" /><testcase classname="client.tests.test_ray_85_reporting" name="test_basic_report_document_is_serializable_and_contains_no_diagnostic_claim" time="0.000" /><testcase classname="client.tests.test_ray_85_service" name="test_reliable_local_data_generates_versioned_basic_ready_without_network_dependency" time="0.003" /><testcase classname="client.tests.test_ray_85_service" name="test_invalid_quality_persists_result_but_never_generates_customer_report" time="0.000" /><testcase classname="client.tests.test_ray_85_service" name="test_processing_is_idempotent_and_does_not_reread_or_rewrite_immutable_results" time="0.001" /><testcase classname="client.tests.test_ray_85_service" name="test_local_upload_snapshot_is_explicitly_non_authoritative_and_requires_cloud_raw_recompute" time="0.001" /><testcase classname="client.tests.test_ray_85_service" name="test_unreliable_or_incomplete_local_storage_is_rejected_before_analysis" time="0.000" /><testcase classname="client.tests.test_ray_90_analysis" name="test_fixed_fixture_produces_deterministic_relative_heatmap_and_basic_loads_without_mutation" time="0.002" /><testcase classname="client.tests.test_ray_90_analysis" name="test_cop_metrics_are_computed_internally_but_withheld_from_customer_until_validated" time="0.001" /><testcase classname="client.tests.test_ray_90_analysis" name="test_invalid_quality_or_missing_prerequisite_emits_no_customer_number" time="0.001" /><testcase classname="client.tests.test_ray_90_analysis" name="test_local_basic_definitions_align_with_independent_cloud_reference_within_tolerance" time="0.001" /><testcase classname="client.tests.test_ray_90_registry" name="test_every_metric_declares_definition_version_rate_calibration_and_validation" time="0.000" /><testcase classname="client.tests.test_ray_90_registry" name="test_frequency_score_and_reference_range_are_not_customer_visible" time="0.000" /><testcase classname="client.tests.test_ray_90_registry" name="test_cop_path_amplitude_and_area_register_units_and_prerequisites" time="0.000" /><testcase classname="client.tests.test_ray_91_coordinator" name="test_position_countdown_auto_starts_and_passes_protocol_snapshot_to_session_port" time="0.000" /><testcase classname="client.tests.test_ray_91_coordinator" name="test_manual_start_is_blocked_until_minimum_contact_and_valid_area" time="0.000" /><testcase classname="client.tests.test_ray_91_coordinator" name="test_protocol_duration_automatically_finishes_local_processing_and_basic_report" time="0.000" /><testcase classname="client.tests.test_ray_91_position_guidance" name="test_stable_position_counts_down_with_text_and_resets_when_subject_leaves" time="0.000" /><testcase classname="client.tests.test_ray_91_position_guidance" name="test_auto_start_fires_after_stable_hold_and_manual_start_requires_contact_and_area" time="0.000" /><testcase classname="client.tests.test_ray_91_protocol" name="test_default_protocol_is_versioned_and_captures_start_end_quality_and_prompts" time="0.000" /><testcase classname="client.tests.test_ray_91_protocol" name="test_extended_paradigm_requires_both_feature_flag_and_validation" time="0.000" /><testcase classname="client.tests.test_ray_91_protocol" name="test_reference_range_is_publishable_only_with_population_source_version_and_approval" time="0.000" /><testcase classname="client.tests.test_ray_91_qt" name="test_position_page_presents_numeric_and_text_countdown_with_one_main_action" time="0.008" /><testcase classname="client.tests.test_ray_91_qt" name="test_acquisition_page_uses_protocol_prompt_and_only_exposes_stop" time="0.007" /><testcase classname="client.tests.test_ray_91_qt" name="test_stop_action_requires_one_brief_confirmation" time="0.009" /><testcase classname="client.tests.test_ray_91_qt" name="test_valid_result_shows_report_and_next_but_invalid_result_only_shows_retry" time="0.008" /><testcase classname="client.tests.test_ray_92_consent.ConsentWorkflowTests" name="test_confirmation_records_required_and_optional_research_separately" time="0.000" /><testcase classname="client.tests.test_ray_92_consent.ConsentWorkflowTests" name="test_matching_valid_consent_is_reused_without_creating_a_new_record" time="0.000" /><testcase classname="client.tests.test_ray_92_consent.ConsentWorkflowTests" name="test_policy_change_requires_confirmation_and_decline_creates_nothing" time="0.000" /><testcase classname="client.tests.test_ray_92_controller" name="test_found_subject_profile_and_consent_are_bound_before_preflight" time="0.020" /><testcase classname="client.tests.test_ray_92_controller" name="test_required_consent_decline_stays_on_consent_with_plain_error" time="0.009" /><testcase classname="client.tests.test_ray_92_controller" name="test_conflicting_identifier_cannot_advance_or_auto_merge" time="0.008" /><testcase classname="client.tests.test_ray_92_participant.ParticipantWorkflowTests" name="test_anonymous_quick_create_uses_unknown_profile_without_identity" time="0.000" /><testcase classname="client.tests.test_ray_92_participant.ParticipantWorkflowTests" name="test_blank_external_id_is_rejected_before_port_access" time="0.000" /><testcase classname="client.tests.test_ray_92_participant.ParticipantWorkflowTests" name="test_conflicting_institution_id_never_selects_or_merges_a_subject" time="0.000" /><testcase classname="client.tests.test_ray_92_participant.ParticipantWorkflowTests" name="test_cross_tenant_candidate_is_rejected_before_selection" time="0.000" /><testcase classname="client.tests.test_ray_92_participant.ParticipantWorkflowTests" name="test_found_subject_access_is_audited_without_external_id_value" time="0.000" /><testcase classname="client.tests.test_ray_92_participant.ParticipantWorkflowTests" name="test_not_found_id_can_create_with_the_same_institution_context" time="0.000" /><testcase classname="client.tests.test_ray_92_participant.ParticipantWorkflowTests" name="test_optional_field_preserves_missing_meaning" time="0.000" /><testcase classname="client.tests.test_ray_92_participant.ParticipantWorkflowTests" name="test_report_export_audit_uses_tenant_subject_and_report_version" time="0.000" /><testcase classname="client.tests.test_ray_92_participant.ParticipantWorkflowTests" name="test_selected_subject_profile_preserves_each_field_state" time="0.000" /><testcase classname="client.tests.test_ray_92_qt" name="test_subject_page_exposes_id_types_and_lookup_action" time="0.008" /><testcase classname="client.tests.test_ray_92_qt" name="test_profile_fields_each_have_an_explicit_missing_state_selector" time="0.012" /><testcase classname="client.tests.test_ray_92_qt" name="test_consent_choices_are_separate_and_not_preselected" time="0.008" /><testcase classname="client.tests.test_ray_92_session_binding.SessionBindingTests" name="test_acquisition_is_blocked_when_subject_or_consent_is_not_bound" time="0.000" /><testcase classname="client.tests.test_ray_92_session_binding.SessionBindingTests" name="test_session_creation_receives_selected_subject_and_consent_snapshot" time="0.000" /><testcase classname="client.tests.test_ray_96_deployment" name="test_runtime_paths_separate_install_from_persistent_data_and_uninstall_preserves_data" time="0.000" /><testcase classname="client.tests.test_ray_96_deployment" name="test_build_manifest_records_software_protocol_report_and_data_schema_versions" time="0.000" /><testcase classname="client.tests.test_ray_96_deployment" name="test_startup_gate_routes_unactivated_terminal_to_activation_and_bound_terminal_to_workbench" time="0.000" /><testcase classname="client.tests.test_ray_96_deployment" name="test_windows_requires_ch340_probe_but_deployment_layer_does_not_install_driver" time="0.000" /><testcase classname="client.tests.test_ray_96_deployment" name="test_upgrade_rejects_unsigned_incompatible_or_busy_candidates" time="0.000" /><testcase classname="client.tests.test_ray_96_deployment" name="test_failed_upgrade_rolls_back_application_and_database_without_session_data_api" time="0.000" /><testcase classname="client.tests.test_ray_96_deployment" name="test_pyinstaller_spec_and_build_config_are_present_without_embedded_credentials" time="0.001" /><testcase classname="client.tests.test_ray_96_pdf_delivery" name="test_a4_pdf_renderer_creates_readable_versioned_pdf" time="0.053" /><testcase classname="client.tests.test_ray_96_pdf_delivery" name="test_delivery_exports_atomically_and_prints_safe_temporary_name_with_confirmation" time="0.042" /><testcase classname="tests.device.test_acquisition.ConnectionStateTests" name="test_reconnect_after_error_stops_at_ready" time="0.000" /><testcase classname="tests.device.test_acquisition.ConnectionStateTests" name="test_state_machine_allows_only_explicit_connection_transitions" time="0.000" /><testcase classname="tests.device.test_acquisition.AcquisitionRunnerTests" name="test_disconnect_marks_result_incomplete_and_requires_reconnect" time="0.001" /><testcase classname="tests.device.test_acquisition.AcquisitionRunnerTests" name="test_failed_runner_cannot_stitch_a_reconnected_session" time="0.000" /><testcase classname="tests.device.test_acquisition.AcquisitionRunnerTests" name="test_storage_failure_never_publishes_unstored_frame" time="0.000" /><testcase classname="tests.device.test_acquisition.AcquisitionRunnerTests" name="test_storage_queue_precedes_latest_mailbox_and_preserves_audit_fields" time="0.001" /><testcase classname="tests.device.test_acquisition.AcquisitionRunnerTests" name="test_worker_executes_blocking_reader_outside_calling_thread" time="0.000" /><testcase classname="tests.device.test_pipeline.PreallocatedFrameBufferTests" name="test_fixed_capacity_fifo_never_silently_drops_storage_frames" time="0.000" /><testcase classname="tests.device.test_pipeline.PreallocatedFrameBufferTests" name="test_latest_mailbox_overwrites_display_only_frames_with_audit_count" time="0.000" /><testcase classname="tests.device.test_pipeline.RawCountAndVersionTests" name="test_display_projection_is_separate_and_does_not_overwrite_raw_counts" time="0.011" /><testcase classname="tests.device.test_pipeline.RawCountAndVersionTests" name="test_parameter_content_changes_processing_identity_without_touching_raw" time="0.001" /><testcase classname="tests.device.test_pipeline.RawCountAndVersionTests" name="test_session_manifest_round_trip_persists_every_required_version" time="0.000" /><testcase classname="tests.device.test_pipeline.RawCountAndVersionTests" name="test_unverified_calibration_cannot_request_physical_units" time="0.000" /><testcase classname="tests.device.test_pipeline.DisplayCadenceTests" name="test_ui_refresh_clock_is_explicitly_independent_from_sample_clock" time="0.000" /><testcase classname="tests.device.test_pipeline_benchmark.PipelineBenchmarkTests" name="test_slow_storage_ui_stall_and_parallel_reader_preserve_storage_frames" time="0.035" /><testcase classname="tests.device.test_protocol.ProtocolSurfaceTests" name="test_capture_profile_controls_wire_length_order_and_checksum_slice" time="0.001" /><testcase classname="tests.device.test_protocol.ProtocolSurfaceTests" name="test_capture_verified_profile_requires_fixture_digest" time="0.000" /><testcase classname="tests.device.test_protocol.ProtocolSurfaceTests" name="test_current_runtime_contract_has_no_legacy_6151_byte_definition" time="0.000" /><testcase classname="tests.device.test_protocol.ProtocolSurfaceTests" name="test_direct_verified_profile_cannot_bypass_fixture_digest_gate" time="0.000" /><testcase classname="tests.device.test_protocol.ProtocolSurfaceTests" name="test_length_function_and_tail_failures_are_audited_separately" time="0.000" /><testcase classname="tests.device.test_protocol.ProtocolSurfaceTests" name="test_noise_and_bad_checksum_resynchronize_at_next_header" time="0.000" /><testcase classname="tests.device.test_protocol.ProtocolSurfaceTests" name="test_observed_compact_profile_decodes_8bit_grid_without_checksum_filter" time="0.000" /><testcase classname="tests.device.test_protocol.ProtocolSurfaceTests" name="test_parser_accepts_single_bytes_and_emits_host_audited_matrix" time="0.002" /><testcase classname="tests.device.test_protocol.ProtocolSurfaceTests" name="test_parser_rejects_synthetic_profile_without_explicit_override" time="0.000" /><testcase classname="tests.device.test_protocol.ProtocolSurfaceTests" name="test_protocol_module_exposes_incremental_parser" time="0.000" /><testcase classname="tests.device.test_protocol.ProtocolSurfaceTests" name="test_random_chunks_and_sticky_frames_preserve_order_and_interval_audit" time="0.000" /><testcase classname="tests.device.test_protocol.ProtocolSurfaceTests" name="test_seeded_noise_fuzz_recovers_all_inserted_valid_frames" time="0.002" /><testcase classname="tests.device.test_protocol.ProtocolSurfaceTests" name="test_sustained_noise_never_retains_more_than_configured_buffer_limit" time="0.000" /><testcase classname="tests.device.test_serial_transport.SerialDiscoveryTests" name="test_enumeration_filters_ch340_and_probes_availability" time="0.000" /><testcase classname="tests.device.test_serial_transport.SerialDiscoveryTests" name="test_enumeration_without_probe_does_not_claim_occupancy" time="0.000" /><testcase classname="tests.device.test_serial_transport.SerialTransportTests" name="test_open_uses_one_megabaud_8n1_and_implements_byte_transport" time="0.000" /><testcase classname="tests.device.test_serial_transport.SerialTransportTests" name="test_read_failure_maps_to_transport_disconnect" time="0.000" /><testcase classname="tests.device.test_simulator.SimulatorFrameTests" name="test_capture_replay_verifies_digest_and_uses_byte_transport" time="0.001" /><testcase classname="tests.device.test_simulator.SimulatorFrameTests" name="test_cop_sway_moves_the_raw_count_centroid_periodically" time="0.001" /><testcase classname="tests.device.test_simulator.SimulatorFrameTests" name="test_encoded_matrix_traverses_the_real_parser" time="0.000" /><testcase classname="tests.device.test_simulator.SimulatorFrameTests" name="test_encoder_rejects_counts_outside_uint8_range" time="0.000" /><testcase classname="tests.device.test_simulator.SimulatorFrameTests" name="test_fault_plan_injects_wire_errors_partial_frame_noise_and_disconnect" time="0.000" /><testcase classname="tests.device.test_simulator.SimulatorFrameTests" name="test_pressure_scene_models_static_and_left_right_load_bias" time="0.000" /><testcase classname="tests.device.test_simulator.SimulatorFrameTests" name="test_realtime_pacing_has_controlled_jitter_and_can_emit_sticky_frames" time="0.001" /><testcase classname="tests.device.test_simulator.SimulatorFrameTests" name="test_transport_defaults_to_hardware_rate_and_streams_custom_frames" time="0.000" /><testcase classname="tests.hardware_standardization.test_baseline" name="test_baseline_uses_per_cell_median_and_mad_without_mutating_samples" time="0.000" /><testcase classname="tests.hardware_standardization.test_baseline" name="test_zero_reference_preserves_signed_residual_and_nonnegative_relative_load" time="0.000" /><testcase classname="tests.hardware_standardization.test_baseline" name="test_baseline_rejects_failed_or_incomplete_window" time="0.000" /><testcase classname="tests.hardware_standardization.test_calibrated_array" name="test_adapter_uses_actual_host_time_and_degrades_without_baseline_or_force_calibration" time="0.000" /><testcase classname="tests.hardware_standardization.test_calibrated_array" name="test_adapter_applies_only_layout_matched_baseline_reference" time="0.000" /><testcase classname="tests.hardware_standardization.test_calibrated_array" name="test_adapter_rejects_descending_host_time_and_layout_mismatch" time="0.000" /><testcase classname="tests.hardware_standardization.test_cross_adapter_contract" name="test_contract_fixture_covers_irregular_quality_and_nonuniform_time_cases" time="0.000" /><testcase classname="tests.hardware_standardization.test_cross_adapter_contract" name="test_do_adapter_and_generic_adapter_agree_on_the_same_board_point_order" time="0.003" /><testcase classname="tests.hardware_standardization.test_dependency_boundary" name="test_generic_physical_array_modules_do_not_depend_on_ui_cloud_analysis_or_serial" time="0.005" /><testcase classname="tests.hardware_standardization.test_do_p4864_adapter" name="test_do_adapter_uses_confirmed_board_grid_and_preserves_raw_matrix" time="0.003" /><testcase classname="tests.hardware_standardization.test_geometry" name="test_top_left_grid_uses_user_confirmed_pitch_and_column_major_source_order" time="0.002" /><testcase classname="tests.hardware_standardization.test_geometry" name="test_irregular_layout_accepts_explicit_mirrored_coordinates_without_transforming_them" time="0.000" /><testcase classname="tests.hardware_standardization.test_models" name="test_session_preserves_raw_and_relative_values_without_claiming_force" time="0.000" /><testcase classname="tests.hardware_standardization.test_models" name="test_session_rejects_duplicate_source_indices_and_non_increasing_time" time="0.000" /><testcase classname="tests.hardware_standardization.test_serialization" name="test_serialization_emits_board_coordinates_and_null_force_without_body_fields" time="0.000" /><testcase classname="tests.spool.test_recovery.RecoveryScannerTests" name="test_acknowledged_file_is_deleted_before_its_state_record_is_finalized" time="0.016" /><testcase classname="tests.spool.test_recovery.RecoveryScannerTests" name="test_cleanup_delete_error_keeps_acknowledged_state_record" time="0.005" /><testcase classname="tests.spool.test_recovery.RecoveryScannerTests" name="test_complete_temp_segment_is_promoted_and_registered_after_restart" time="0.005" /><testcase classname="tests.spool.test_recovery.RecoveryScannerTests" name="test_crash_after_rename_before_database_is_recovered_idempotently" time="0.006" /><testcase classname="tests.spool.test_recovery.RecoveryScannerTests" name="test_invalid_tmp_is_quarantined_and_never_registered" time="0.006" /><testcase classname="tests.spool.test_recovery.RecoveryScannerTests" name="test_sealed_file_is_registered_before_pending_upload_is_visible" time="0.005" /><testcase classname="tests.spool.test_recovery.RecoveryScannerTests" name="test_tampered_sealed_file_is_quarantined_without_stopping_recovery" time="0.005" /><testcase classname="tests.spool.test_segments.ImmutableSegmentTests" name="test_five_second_boundary_seals_encrypted_immutable_raw_frames" time="0.002" /><testcase classname="tests.spool.test_segments.ImmutableSegmentTests" name="test_observed_compact_uint8_frame_round_trips_without_dtype_promotion" time="0.001" /><testcase classname="tests.spool.test_segments.ImmutableSegmentTests" name="test_random_nonce_makes_identical_plaintext_ciphertexts_distinct" time="0.001" /><testcase classname="tests.spool.test_segments.ImmutableSegmentTests" name="test_session_manifest_binds_segment_index_digest_frames_versions_and_quality" time="0.001" /><testcase classname="tests.spool.test_segments.ImmutableSegmentTests" name="test_tamper_is_detected_before_plaintext_is_returned" time="0.001" /><testcase classname="tests.spool.test_state_store.StateStoreTests" name="test_cleanup_only_selects_acknowledged_segments_past_retention" time="0.004" /><testcase classname="tests.spool.test_state_store.StateStoreTests" name="test_corrupt_quarantined_data_still_counts_against_offline_quota" time="0.004" /><testcase classname="tests.spool.test_state_store.StateStoreTests" name="test_database_uses_wal_and_versioned_migrations" time="0.003" /><testcase classname="tests.spool.test_state_store.StateStoreTests" name="test_recovery_marks_acquiring_incomplete_and_requeues_uploading" time="0.004" /><testcase classname="tests.spool.test_state_store.StateStoreTests" name="test_sensitive_reference_updates_preserve_existing_session_foreign_keys" time="0.004" /><testcase classname="tests.spool.test_state_store.StateStoreTests" name="test_sensitive_subject_and_consent_blobs_are_encrypted_outside_database_key" time="0.003" /><testcase classname="tests.spool.test_state_store.StateStoreTests" name="test_transactional_offline_snapshot_and_all_new_test_gates" time="0.017" /><testcase classname="tests.startup_validation.test_failure_recovery" name="test_third_consecutive_signal_failure_escalates_to_service_required" time="0.000" /><testcase classname="tests.startup_validation.test_failure_recovery" name="test_pass_or_non_signal_failure_breaks_the_consecutive_chain" time="0.000" /><testcase classname="tests.startup_validation.test_failure_recovery" name="test_recoverable_device_and_load_failures_never_escalate" time="0.000" /><testcase classname="tests.startup_validation.test_models_and_rules" name="test_run_is_versioned_auditable_and_contains_no_raw_frame_payload" time="0.004" /><testcase classname="tests.startup_validation.test_models_and_rules" name="test_healthy_unloaded_window_passes_without_claiming_physical_units" time="0.035" /><testcase classname="tests.startup_validation.test_models_and_rules" name="test_rule_engine_rejects_low_rate_and_large_host_gap" time="0.004" /><testcase classname="tests.startup_validation.test_models_and_rules" name="test_rule_engine_rejects_no_variation_and_fixed_nonzero_area" time="0.005" /><testcase classname="tests.startup_validation.test_models_and_rules" name="test_rule_engine_rejects_saturation_and_persistent_local_anomaly" time="0.006" /><testcase classname="tests.startup_validation.test_models_and_rules" name="test_rule_engine_rejects_temporal_noise_and_drift" time="0.038" /><testcase classname="tests.startup_validation.test_models_and_rules" name="test_rule_engine_rejects_wrong_shape_or_dtype_as_signal_invalid" time="0.001" /><testcase classname="tests.startup_validation.test_persistence" name="test_migration_adds_versioned_validation_audit_and_telemetry_queue" time="0.003" /><testcase classname="tests.startup_validation.test_persistence" name="test_audit_trail_persists_only_safe_versioned_summary_and_pending_event" time="0.004" /><testcase classname="tests.startup_validation.test_persistence" name="test_upload_failure_requeues_without_mutating_local_audit" time="0.006" /><testcase classname="tests.startup_validation.test_persistence" name="test_audit_rejects_raw_device_paths_and_does_not_accept_arbitrary_debug_data" time="0.004" /><testcase classname="tests.startup_validation.test_persistence" name="test_retry_chain_is_queryable_in_newest_first_order" time="0.004" /><testcase classname="tests.startup_validation.test_persistence" name="test_existing_schema_one_database_migrates_without_losing_old_table" time="0.003" /><testcase classname="tests.startup_validation.test_persistence" name="test_startup_recovery_requeues_interrupted_telemetry_with_attempt" time="0.004" /><testcase classname="tests.startup_validation.test_serial_connector" name="test_connector_opens_available_ch340_and_returns_production_boundaries" time="0.000" /><testcase classname="tests.startup_validation.test_serial_connector" name="test_connector_distinguishes_absent_from_busy_without_exposing_port" time="0.000" /><testcase classname="tests.startup_validation.test_serial_connector" name="test_open_race_is_reported_as_busy_and_keeps_device_identity_private" time="0.000" /><testcase classname="tests.startup_validation.test_startup_workflow" name="test_success_path_is_linear_and_workbench_gate_opens_only_after_pass" time="0.000" /><testcase classname="tests.startup_validation.test_startup_workflow" name="test_each_failure_blocks_workbench_and_has_one_plain_recovery_action" time="0.000" /><testcase classname="tests.startup_validation.test_startup_workflow" name="test_connector_failures_have_stable_public_states_and_actions" time="0.000" /><testcase classname="tests.startup_validation.test_startup_workflow" name="test_retry_creates_a_fresh_connection_and_run_context" time="0.000" /><testcase classname="tests.startup_validation.test_startup_workflow" name="test_public_presentation_requires_real_progress_not_fake_percentage" time="0.000" /><testcase classname="tests.startup_validation.test_startup_workflow" name="test_policy_runs_before_audit_and_service_required_stays_blocked" time="0.000" /><testcase classname="tests.startup_validation.test_startup_workflow" name="test_connection_failures_are_also_written_to_the_audit_sink" time="0.000" /><testcase classname="tests.startup_validation.test_startup_workflow" name="test_unexpected_errors_use_stable_public_code_and_unique_diagnostic_ids" time="0.000" /><testcase classname="tests.startup_validation.test_validation_service" name="test_window_starts_on_first_valid_unloaded_frame_and_spans_full_five_seconds" time="0.007" /><testcase classname="tests.startup_validation.test_validation_service" name="test_obvious_load_discards_the_partial_window" time="0.000" /><testcase classname="tests.startup_validation.test_validation_service" name="test_disconnect_discards_the_partial_window" time="0.002" /><testcase classname="tests.startup_validation.test_validation_service" name="test_empty_reads_after_collection_starts_are_a_stream_interruption" time="0.000" /><testcase classname="tests.startup_validation.test_validation_service" name="test_retry_uses_a_new_run_id_and_does_not_reuse_old_window" time="0.007" /></testsuite></testsuites>
