<?xml version="1.0" encoding="utf-8"?><testsuites name="pytest tests"><testsuite name="pytest" errors="0" failures="0" skipped="0" tests="61" time="0.322" timestamp="2026-07-22T00:33:41.839842-07:00" hostname="localhost"><testcase classname="tests.hardware_standardization.test_baseline" name="test_baseline_uses_per_cell_median_and_mad_without_mutating_samples" time="0.002" /><testcase classname="tests.hardware_standardization.test_baseline" name="test_zero_reference_preserves_signed_residual_and_nonnegative_relative_load" time="0.000" /><testcase classname="tests.hardware_standardization.test_baseline" name="test_baseline_rejects_failed_or_incomplete_window" time="0.000" /><testcase classname="tests.hardware_standardization.test_calibrated_array" name="test_adapter_uses_actual_host_time_and_degrades_without_baseline_or_force_calibration" time="0.000" /><testcase classname="tests.hardware_standardization.test_calibrated_array" name="test_adapter_applies_only_layout_matched_baseline_reference" time="0.001" /><testcase classname="tests.hardware_standardization.test_calibrated_array" name="test_adapter_rejects_descending_host_time_and_layout_mismatch" time="0.000" /><testcase classname="tests.hardware_standardization.test_cross_adapter_contract" name="test_contract_fixture_covers_irregular_quality_and_nonuniform_time_cases" time="0.000" /><testcase classname="tests.hardware_standardization.test_cross_adapter_contract" name="test_do_adapter_and_generic_adapter_agree_on_the_same_board_point_order" time="0.004" /><testcase classname="tests.hardware_standardization.test_dependency_boundary" name="test_generic_physical_array_modules_do_not_depend_on_ui_cloud_analysis_or_serial" time="0.004" /><testcase classname="tests.hardware_standardization.test_do_p4864_adapter" name="test_do_adapter_uses_confirmed_board_grid_and_preserves_raw_matrix" time="0.003" /><testcase classname="tests.hardware_standardization.test_geometry" name="test_top_left_grid_uses_user_confirmed_pitch_and_column_major_source_order" time="0.002" /><testcase classname="tests.hardware_standardization.test_geometry" name="test_irregular_layout_accepts_explicit_mirrored_coordinates_without_transforming_them" time="0.000" /><testcase classname="tests.hardware_standardization.test_models" name="test_session_preserves_raw_and_relative_values_without_claiming_force" time="0.000" /><testcase classname="tests.hardware_standardization.test_models" name="test_session_rejects_duplicate_source_indices_and_non_increasing_time" time="0.000" /><testcase classname="tests.hardware_standardization.test_serialization" name="test_serialization_emits_board_coordinates_and_null_force_without_body_fields" time="0.000" /><testcase classname="tests.device.test_protocol.ProtocolSurfaceTests" name="test_capture_profile_controls_wire_length_order_and_checksum_slice" time="0.010" /><testcase classname="tests.device.test_protocol.ProtocolSurfaceTests" name="test_capture_verified_profile_requires_fixture_digest" time="0.000" /><testcase classname="tests.device.test_protocol.ProtocolSurfaceTests" name="test_current_runtime_contract_has_no_legacy_6151_byte_definition" time="0.000" /><testcase classname="tests.device.test_protocol.ProtocolSurfaceTests" name="test_direct_verified_profile_cannot_bypass_fixture_digest_gate" time="0.000" /><testcase classname="tests.device.test_protocol.ProtocolSurfaceTests" name="test_length_function_and_tail_failures_are_audited_separately" time="0.000" /><testcase classname="tests.device.test_protocol.ProtocolSurfaceTests" name="test_noise_and_bad_checksum_resynchronize_at_next_header" time="0.000" /><testcase classname="tests.device.test_protocol.ProtocolSurfaceTests" name="test_observed_compact_profile_decodes_8bit_grid_without_checksum_filter" time="0.001" /><testcase classname="tests.device.test_protocol.ProtocolSurfaceTests" name="test_parser_accepts_single_bytes_and_emits_host_audited_matrix" time="0.002" /><testcase classname="tests.device.test_protocol.ProtocolSurfaceTests" name="test_parser_rejects_synthetic_profile_without_explicit_override" time="0.000" /><testcase classname="tests.device.test_protocol.ProtocolSurfaceTests" name="test_protocol_module_exposes_incremental_parser" time="0.000" /><testcase classname="tests.device.test_protocol.ProtocolSurfaceTests" name="test_random_chunks_and_sticky_frames_preserve_order_and_interval_audit" time="0.000" /><testcase classname="tests.device.test_protocol.ProtocolSurfaceTests" name="test_seeded_noise_fuzz_recovers_all_inserted_valid_frames" time="0.001" /><testcase classname="tests.device.test_protocol.ProtocolSurfaceTests" name="test_sustained_noise_never_retains_more_than_configured_buffer_limit" time="0.000" /><testcase classname="tests.startup_validation.test_failure_recovery" name="test_third_consecutive_signal_failure_escalates_to_service_required" time="0.000" /><testcase classname="tests.startup_validation.test_failure_recovery" name="test_pass_or_non_signal_failure_breaks_the_consecutive_chain" time="0.000" /><testcase classname="tests.startup_validation.test_failure_recovery" name="test_recoverable_device_and_load_failures_never_escalate" time="0.000" /><testcase classname="tests.startup_validation.test_models_and_rules" name="test_run_is_versioned_auditable_and_contains_no_raw_frame_payload" time="0.001" /><testcase classname="tests.startup_validation.test_models_and_rules" name="test_healthy_unloaded_window_passes_without_claiming_physical_units" time="0.012" /><testcase classname="tests.startup_validation.test_models_and_rules" name="test_rule_engine_rejects_low_rate_and_large_host_gap" time="0.004" /><testcase classname="tests.startup_validation.test_models_and_rules" name="test_rule_engine_rejects_no_variation_and_fixed_nonzero_area" time="0.005" /><testcase classname="tests.startup_validation.test_models_and_rules" name="test_rule_engine_rejects_saturation_and_persistent_local_anomaly" time="0.006" /><testcase classname="tests.startup_validation.test_models_and_rules" name="test_rule_engine_rejects_temporal_noise_and_drift" time="0.027" /><testcase classname="tests.startup_validation.test_models_and_rules" name="test_rule_engine_rejects_wrong_shape_or_dtype_as_signal_invalid" time="0.001" /><testcase classname="tests.startup_validation.test_persistence" name="test_migration_adds_versioned_validation_audit_and_telemetry_queue" time="0.007" /><testcase classname="tests.startup_validation.test_persistence" name="test_audit_trail_persists_only_safe_versioned_summary_and_pending_event" time="0.004" /><testcase classname="tests.startup_validation.test_persistence" name="test_upload_failure_requeues_without_mutating_local_audit" time="0.004" /><testcase classname="tests.startup_validation.test_persistence" name="test_audit_rejects_raw_device_paths_and_does_not_accept_arbitrary_debug_data" time="0.004" /><testcase classname="tests.startup_validation.test_persistence" name="test_retry_chain_is_queryable_in_newest_first_order" time="0.004" /><testcase classname="tests.startup_validation.test_persistence" name="test_existing_schema_one_database_migrates_without_losing_old_table" time="0.003" /><testcase classname="tests.startup_validation.test_persistence" name="test_startup_recovery_requeues_interrupted_telemetry_with_attempt" time="0.004" /><testcase classname="tests.startup_validation.test_serial_connector" name="test_connector_opens_available_ch340_and_returns_production_boundaries" time="0.000" /><testcase classname="tests.startup_validation.test_serial_connector" name="test_connector_distinguishes_absent_from_busy_without_exposing_port" time="0.000" /><testcase classname="tests.startup_validation.test_serial_connector" name="test_open_race_is_reported_as_busy_and_keeps_device_identity_private" time="0.000" /><testcase classname="tests.startup_validation.test_startup_workflow" name="test_success_path_is_linear_and_workbench_gate_opens_only_after_pass" time="0.000" /><testcase classname="tests.startup_validation.test_startup_workflow" name="test_each_failure_blocks_workbench_and_has_one_plain_recovery_action" time="0.000" /><testcase classname="tests.startup_validation.test_startup_workflow" name="test_connector_failures_have_stable_public_states_and_actions" time="0.000" /><testcase classname="tests.startup_validation.test_startup_workflow" name="test_retry_creates_a_fresh_connection_and_run_context" time="0.000" /><testcase classname="tests.startup_validation.test_startup_workflow" name="test_public_presentation_requires_real_progress_not_fake_percentage" time="0.000" /><testcase classname="tests.startup_validation.test_startup_workflow" name="test_policy_runs_before_audit_and_service_required_stays_blocked" time="0.000" /><testcase classname="tests.startup_validation.test_startup_workflow" name="test_connection_failures_are_also_written_to_the_audit_sink" time="0.000" /><testcase classname="tests.startup_validation.test_startup_workflow" name="test_unexpected_errors_use_stable_public_code_and_unique_diagnostic_ids" time="0.000" /><testcase classname="tests.startup_validation.test_validation_service" name="test_window_starts_on_first_valid_unloaded_frame_and_spans_full_five_seconds" time="0.007" /><testcase classname="tests.startup_validation.test_validation_service" name="test_obvious_load_discards_the_partial_window" time="0.000" /><testcase classname="tests.startup_validation.test_validation_service" name="test_disconnect_discards_the_partial_window" time="0.002" /><testcase classname="tests.startup_validation.test_validation_service" name="test_empty_reads_after_collection_starts_are_a_stream_interruption" time="0.000" /><testcase classname="tests.startup_validation.test_validation_service" name="test_retry_uses_a_new_run_id_and_does_not_reuse_old_window" time="0.007" /></testsuite></testsuites>