<?xml version="1.0" encoding="utf-8"?><testsuites name="pytest tests"><testsuite name="pytest" errors="0" failures="0" skipped="0" tests="39" time="50.603" timestamp="2026-07-31T09:03:49.228035-07:00" hostname="Mac-mini.local"><testcase classname="client.tests.test_ray_92_participant.ParticipantWorkflowTests" name="test_anonymous_quick_create_uses_unknown_profile_without_identity" time="0.002" /><testcase classname="client.tests.test_ray_92_participant.ParticipantWorkflowTests" name="test_blank_external_id_is_rejected_before_port_access" time="0.001" /><testcase classname="client.tests.test_ray_92_participant.ParticipantWorkflowTests" name="test_conflicting_institution_id_never_selects_or_merges_a_subject" time="0.001" /><testcase classname="client.tests.test_ray_92_participant.ParticipantWorkflowTests" name="test_cross_tenant_candidate_is_rejected_before_selection" time="0.001" /><testcase classname="client.tests.test_ray_92_participant.ParticipantWorkflowTests" name="test_found_subject_access_is_audited_without_external_id_value" time="0.001" /><testcase classname="client.tests.test_ray_92_participant.ParticipantWorkflowTests" name="test_not_found_id_can_create_with_the_same_institution_context" time="0.001" /><testcase classname="client.tests.test_ray_92_participant.ParticipantWorkflowTests" name="test_optional_field_preserves_missing_meaning" time="0.001" /><testcase classname="client.tests.test_ray_92_participant.ParticipantWorkflowTests" name="test_report_export_audit_uses_tenant_subject_and_report_version" time="0.001" /><testcase classname="client.tests.test_ray_92_participant.ParticipantWorkflowTests" name="test_selected_subject_profile_preserves_each_field_state" time="0.001" /><testcase classname="client.tests.test_ray_92_consent.ConsentWorkflowTests" name="test_confirmation_records_required_and_optional_research_separately" time="0.001" /><testcase classname="client.tests.test_ray_92_consent.ConsentWorkflowTests" name="test_matching_valid_consent_is_reused_without_creating_a_new_record" time="0.000" /><testcase classname="client.tests.test_ray_92_consent.ConsentWorkflowTests" name="test_non_research_purpose_removal_requires_confirmation" time="0.001" /><testcase classname="client.tests.test_ray_92_consent.ConsentWorkflowTests" name="test_policy_change_requires_confirmation_and_decline_creates_nothing" time="0.000" /><testcase classname="client.tests.test_ray_92_controller" name="test_found_subject_profile_and_consent_are_bound_before_preflight" time="1.083" /><testcase classname="client.tests.test_ray_92_controller" name="test_required_consent_decline_stays_on_consent_with_plain_error" time="0.190" /><testcase classname="client.tests.test_ray_92_controller" name="test_reused_consent_still_runs_and_stops_on_device_preflight" time="0.155" /><testcase classname="client.tests.test_ray_92_controller" name="test_conflicting_identifier_cannot_advance_or_auto_merge" time="0.207" /><testcase classname="client.tests.test_ray_92_qt" name="test_subject_page_exposes_id_types_and_lookup_action" time="0.182" /><testcase classname="client.tests.test_ray_92_qt" name="test_profile_fields_each_have_an_explicit_missing_state_selector" time="0.182" /><testcase classname="client.tests.test_ray_92_qt" name="test_profile_condition_chips_are_selectable_and_persist_their_state" time="0.114" /><testcase classname="client.tests.test_ray_92_qt" name="test_consent_choices_are_separate_and_not_preselected" time="0.169" /><testcase classname="client.tests.test_ray_92_session_binding.SessionBindingTests" name="test_acquisition_is_blocked_when_subject_or_consent_is_not_bound" time="0.004" /><testcase classname="client.tests.test_ray_92_session_binding.SessionBindingTests" name="test_session_creation_receives_selected_subject_and_consent_snapshot" time="0.001" /><testcase classname="client.tests.test_local_replay_store" name="test_local_replay_store_writes_encrypted_versioned_local_analysis_result" time="0.142" /><testcase classname="client.tests.test_local_replay_store" name="test_local_replay_report_is_dual_encrypted_and_readable_after_reopen" time="0.030" /><testcase classname="client.tests.test_local_replay_store" name="test_local_replay_store_records_each_completed_stage" time="0.042" /><testcase classname="client.tests.test_local_replay_store" name="test_local_replay_store_encrypts_updated_profile_fields" time="0.025" /><testcase classname="client.tests.test_local_replay_store" name="test_local_identifier_index_is_hmac_and_isolated_by_tenant_issuer_and_type" time="0.023" /><testcase classname="client.tests.test_local_replay_store" name="test_duplicate_local_identifier_is_not_auto_merged_or_partially_created" time="0.022" /><testcase classname="client.tests.test_local_replay_store" name="test_local_consent_reuse_requires_the_same_tenant_and_policy_scope" time="0.021" /><testcase classname="client.tests.test_local_replay_store" name="test_local_consent_reconfirmation_preserves_prior_receipt" time="0.020" /><testcase classname="client.tests.test_local_replay_store" name="test_local_consent_cannot_be_created_for_a_subject_in_another_tenant" time="0.019" /><testcase classname="client.tests.test_local_replay_store" name="test_legacy_single_consent_is_migrated_without_losing_reuse" time="0.022" /><testcase classname="client.tests.test_local_replay_store" name="test_local_subject_access_and_export_append_encrypted_audit_events" time="0.021" /><testcase classname="client.tests.test_local_replay_store" name="test_local_subject_audit_rejects_cross_tenant_writes" time="0.018" /><testcase classname="client.tests.test_local_replay_store" name="test_local_replay_session_keeps_encrypted_protocol_and_fixture_provenance" time="0.025" /><testcase classname="client.tests.test_v1_local_end_to_end" name="test_local_v1_replay_runs_from_subject_entry_to_persisted_pdf_and_history" time="29.564" /><testcase classname="client.tests.test_local_mvp_validation" name="test_local_mvp_validation_exports_the_complete_offline_evidence_bundle" time="16.938" /><testcase classname="client.tests.test_local_mvp_validation" name="test_fixture_failure_writes_an_offline_failure_summary_without_a_report" time="0.064" /></testsuite></testsuites>