<?xml version="1.0" encoding="utf-8"?><testsuites name="pytest tests"><testsuite name="pytest" errors="0" failures="0" skipped="0" tests="27" time="1.521" timestamp="2026-07-21T20:16:10.813515-07:00" hostname="localhost"><testcase classname="client.tests.test_ui_design_system" name="test_design_system_marks_primary_actions_and_preserves_target_size" time="0.079" /><testcase classname="client.tests.test_ui_design_system" name="test_workbench_has_source_topbar_statuses_and_central_primary_action" time="0.188" /><testcase classname="client.tests.test_ui_design_system" name="test_guidance_and_acquisition_pages_use_dedicated_operator_layouts" time="0.029" /><testcase classname="client.tests.test_ui_design_system" name="test_wizard_and_focus_pages_follow_the_source_screen_structure" time="0.029" /><testcase classname="client.tests.test_ui_design_system" name="test_report_preview_presents_the_selected_report_version" time="0.029" /><testcase classname="client.tests.test_ui_design_system" name="test_subject_and_consent_pages_group_operator_decisions_visually" time="0.029" /><testcase classname="client.tests.test_ui_design_system" name="test_preflight_result_and_support_statuses_have_named_read_models" time="0.028" /><testcase classname="client.tests.test_ui_demo" name="test_design_demo_routes_the_operator_through_the_standard_flow" time="0.191" /><testcase classname="client.tests.test_ui_demo" name="test_design_demo_seeds_the_operator_dashboard" time="0.036" /><testcase classname="client.tests.test_ui_demo" name="test_design_demo_opens_a_versioned_report_preview" time="0.036" /><testcase classname="client.tests.test_ui_demo" name="test_design_demo_seeds_record_history_and_support_state" time="0.036" /><testcase classname="client.tests.test_ui_read_models" name="test_dashboard_snapshot_populates_operator_summary_and_recent_records" time="0.030" /><testcase classname="client.tests.test_ui_read_models" name="test_read_models_populate_record_history_and_support_summary" time="0.030" /><testcase classname="client.tests.test_ui_read_models" name="test_record_history_filters_by_identifier_and_report_status" time="0.031" /><testcase classname="client.tests.test_ui_read_models" name="test_record_history_filters_by_actual_performed_date" time="0.031" /><testcase classname="client.tests.test_ray_101_qt_shell" name="test_shell_builds_all_prd_pages_with_accessible_action_targets" time="0.029" /><testcase classname="client.tests.test_ray_101_qt_shell" name="test_acquiring_state_locks_navigation_and_shows_only_safe_error" time="0.030" /><testcase classname="client.tests.test_ray_101_qt_shell" name="test_each_page_exposes_the_required_operator_controls" time="0.031" /><testcase classname="client.tests.test_ray_101_qt_shell" name="test_subject_match_card_wraps_detail_without_obscuring_primary_action" time="0.168" /><testcase classname="client.tests.test_ray_101_qt_shell" name="test_nonblocking_sync_notice_keeps_basic_report_available" time="0.032" /><testcase classname="client.tests.test_ray_101_controller" name="test_primary_button_dispatches_to_coordinator_and_refreshes_page" time="0.032" /><testcase classname="client.tests.test_ray_101_controller" name="test_controller_drives_the_operator_path_and_deferred_preflight" time="0.104" /><testcase classname="client.tests.test_ray_101_controller" name="test_report_actions_use_the_selected_version_through_coordinator" time="0.030" /><testcase classname="client.tests.test_ray_101_controller" name="test_device_events_refresh_result_and_recovery_pages" time="0.031" /><testcase classname="client.tests.test_ray_101_controller" name="test_start_next_action_returns_to_subject_identification" time="0.049" /><testcase classname="client.tests.test_ray_101_controller" name="test_controller_refreshes_optional_ui_read_models" time="0.033" /><testcase classname="client.tests.test_ray_101_controller" name="test_device_support_actions_do_not_raise_when_adapter_is_not_configured" time="0.030" /></testsuite></testsuites>