<?xml version="1.0" encoding="utf-8"?><testsuites name="pytest tests"><testsuite name="pytest" errors="0" failures="0" skipped="0" tests="20" time="1.565" timestamp="2026-07-31T23:16:10.369456-07:00" hostname="Mac-mini.local"><testcase classname="client.tests.test_ray_114_startup_ui" name="test_connecting_is_indeterminate_and_collecting_is_monotonic_determinate" time="0.464" /><testcase classname="client.tests.test_ray_114_startup_ui" name="test_failure_has_plain_copy_one_primary_recovery_and_safe_exit" time="0.285" /><testcase classname="client.tests.test_ray_114_startup_ui" name="test_passed_state_uses_existing_success_asset_and_has_no_skip_action" time="0.032" /><testcase classname="client.tests.test_ray_114_startup_ui" name="test_long_public_copy_wraps_inside_reading_width" time="0.096" /><testcase classname="client.tests.test_ray_114_startup_ui" name="test_packaged_startup_assets_are_runtime_files_not_design_document_links" time="0.000" /><testcase classname="client.tests.test_ray_114_startup_ui" name="test_repeated_signal_failure_prompts_support_without_technical_leak" time="0.100" /><testcase classname="client.tests.test_ray_114_startup_ui" name="test_every_failure_state_has_one_primary_action_and_safe_public_copy" time="0.086" /><testcase classname="client.tests.test_ray_96_deployment" name="test_runtime_paths_separate_install_from_persistent_data_and_uninstall_preserves_data" time="0.000" /><testcase classname="client.tests.test_ray_96_deployment" name="test_build_manifest_records_software_protocol_report_and_data_schema_versions" time="0.000" /><testcase classname="client.tests.test_ray_96_deployment" name="test_startup_gate_routes_unactivated_terminal_to_activation_and_bound_terminal_to_workbench" time="0.000" /><testcase classname="client.tests.test_ray_96_deployment" name="test_windows_requires_ch340_probe_but_deployment_layer_does_not_install_driver" time="0.000" /><testcase classname="client.tests.test_ray_96_deployment" name="test_upgrade_rejects_unsigned_incompatible_or_busy_candidates" time="0.000" /><testcase classname="client.tests.test_ray_96_deployment" name="test_failed_upgrade_rolls_back_application_and_database_without_session_data_api" time="0.000" /><testcase classname="client.tests.test_ray_96_deployment" name="test_pyinstaller_spec_and_build_config_are_present_without_embedded_credentials" time="0.000" /><testcase classname="client.tests.test_ray_96_pdf_delivery" name="test_a4_pdf_renderer_creates_readable_versioned_pdf" time="0.067" /><testcase classname="client.tests.test_ray_96_pdf_delivery" name="test_delivery_exports_atomically_and_prints_safe_temporary_name_with_confirmation" time="0.045" /><testcase classname="tests.test_main_entry" name="test_default_entry_uses_mandatory_institution_application" time="0.001" /><testcase classname="tests.test_main_entry" name="test_replay_is_an_explicit_debug_choice" time="0.000" /><testcase classname="tests.test_main_entry" name="test_replay_verify_forwards_the_required_output_directory" time="0.001" /><testcase classname="tests.test_main_entry" name="test_verify_cannot_be_used_without_the_explicit_replay_mode" time="0.001" /></testsuite></testsuites>