<?xml version='1.0' encoding='utf-8'?>
<testsuites name="pytest tests">
  <testsuite name="pytest" errors="0" failures="0" skipped="0" tests="60" time="1.272" timestamp="2026-08-02T09:50:02.311875-07:00" hostname="local-test-host">
    <testcase classname="client.tests.test_ray_96_diagnostic_privacy" name="test_client_support_package_exports_only_the_safe_event_api" time="0.000" />
    <testcase classname="client.tests.test_ray_96_diagnostic_privacy" name="test_safe_event_contract_rejects_credential_identity_and_free_text_fields" time="0.001" />
    <testcase classname="client.tests.test_ray_96_diagnostic_privacy" name="test_private_store_writes_hash_chained_mode_0600_records" time="0.003" />
    <testcase classname="client.tests.test_ray_96_diagnostic_privacy" name="test_event_contract_bounds_counters_and_accepts_only_technical_versions" time="0.000" />
    <testcase classname="client.tests.test_ray_96_diagnostic_privacy" name="test_store_rotates_to_three_generations_and_verifies_one_continuous_chain" time="0.008" />
    <testcase classname="client.tests.test_ray_96_diagnostic_privacy" name="test_store_recovers_only_an_incomplete_final_line" time="0.001" />
    <testcase classname="client.tests.test_ray_96_diagnostic_privacy" name="test_store_rejects_interior_corruption" time="0.001" />
    <testcase classname="client.tests.test_ray_96_diagnostic_privacy" name="test_recorder_returns_false_without_writing_a_fallback_file_when_store_fails" time="0.000" />
    <testcase classname="client.tests.test_ray_96_diagnostic_privacy" name="test_encrypted_export_has_fixed_archive_and_no_sensitive_canaries" time="0.007" />
    <testcase classname="client.tests.test_ray_96_diagnostic_privacy" name="test_encrypted_export_rejects_extra_field_records_without_artifacts" time="0.001" />
    <testcase classname="client.tests.test_ray_96_diagnostic_privacy" name="test_encrypted_export_rejects_broken_chain_digest_without_artifacts" time="0.001" />
    <testcase classname="client.tests.test_ray_96_diagnostic_privacy" name="test_encrypted_export_rejects_invalid_recipient_bytes_without_artifacts" time="0.000" />
    <testcase classname="client.tests.test_ray_96_diagnostic_privacy" name="test_encrypted_export_cleans_up_after_destination_failure" time="0.001" />
    <testcase classname="client.tests.test_ray_96_diagnostic_privacy" name="test_encrypted_export_cleans_up_when_atomic_replace_is_interrupted" time="0.001" />
    <testcase classname="client.tests.test_ray_96_diagnostic_privacy" name="test_encrypted_export_has_no_fallible_step_after_replacing_destination" time="0.001" />
    <testcase classname="client.tests.test_ray_96_diagnostic_privacy" name="test_encrypted_export_preserves_existing_destination_when_replace_fails" time="0.001" />
    <testcase classname="client.tests.test_ray_96_diagnostic_privacy" name="test_decrypt_rejects_noncanonical_envelope_encodings[duplicate]" time="0.001" />
    <testcase classname="client.tests.test_ray_96_diagnostic_privacy" name="test_decrypt_rejects_noncanonical_envelope_encodings[reordered]" time="0.001" />
    <testcase classname="client.tests.test_ray_96_diagnostic_privacy" name="test_decrypt_rejects_noncanonical_envelope_encodings[whitespace]" time="0.001" />
    <testcase classname="client.tests.test_ray_96_diagnostic_privacy" name="test_decrypt_rejects_noncanonical_envelope_encodings[escaped]" time="0.001" />
    <testcase classname="client.tests.test_ray_96_diagnostic_privacy" name="test_support_recipient_rejects_non_string_identifiers_and_non_bytes_public_keys" time="0.000" />
    <testcase classname="client.tests.test_ray_96_diagnostic_privacy" name="test_decrypt_rejects_canonical_authenticated_envelopes_with_invalid_recipient_ids[]" time="0.000" />
    <testcase classname="client.tests.test_ray_96_diagnostic_privacy" name="test_decrypt_rejects_canonical_authenticated_envelopes_with_invalid_recipient_ids[aaaaaaaaaaaaaaaaaaaaaaaaaaaaaaaaaaaaaaaaaaaaaaaaaaaaaaaaaaaaaaaaaaaaaaaaaaaaaaaaaaaaaaaaaaaaaaaaaaaaaaaaaaaaaaaaaaaaaaaaaaaaaaaaa]" time="0.000" />
    <testcase classname="client.tests.test_ray_96_diagnostic_privacy" name="test_decrypt_rejects_canonical_authenticated_envelopes_with_invalid_recipient_ids[\xe9quipe]" time="0.000" />
    <testcase classname="client.tests.test_ray_96_diagnostic_privacy" name="test_decrypt_rejects_canonical_authenticated_envelopes_with_invalid_recipient_ids[-support]" time="0.001" />
    <testcase classname="client.tests.test_ray_96_diagnostic_privacy" name="test_decrypt_rejects_canonical_authenticated_envelopes_with_invalid_recipient_ids[support!key]" time="0.000" />
    <testcase classname="client.tests.test_ray_96_diagnostic_privacy" name="test_client_support_public_api_constructs_strict_diagnostic_metadata" time="0.000" />
    <testcase classname="client.tests.test_ray_96_diagnostic_privacy" name="test_safe_diagnostic_metadata_rejects_coercible_scalar_types" time="0.000" />
    <testcase classname="client.tests.test_ray_96_access_diagnostic_events" name="test_actual_authentication_flows_write_only_closed_safe_events" time="0.004" />
    <testcase classname="client.tests.test_ray_96_access_diagnostic_events" name="test_rejected_login_records_stable_event_without_changing_public_error" time="0.002" />
    <testcase classname="client.tests.test_ray_96_access_diagnostic_events" name="test_access_runtime_closes_its_owned_access_store" time="0.001" />
    <testcase classname="client.tests.test_ray_96_access_diagnostic_events" name="test_access_runtime_closes_store_after_cloud_close_failure" time="0.001" />
    <testcase classname="client.tests.test_ray_96_access_diagnostic_events" name="test_recorder_failures_do_not_change_login_results_or_errors" time="0.003" />
    <testcase classname="client.tests.test_ray_96_access_diagnostic_events" name="test_refresh_session_acceptance_rejection_records_once_and_preserves_error" time="0.002" />
    <testcase classname="client.tests.test_ray_96_access_diagnostic_events" name="test_refresh_session_acceptance_rejection_ignores_exploding_recorder" time="0.002" />
    <testcase classname="client.tests.test_ray_96_deployment" name="test_runtime_paths_separate_install_from_persistent_data_and_uninstall_preserves_data" time="0.000" />
    <testcase classname="client.tests.test_ray_96_deployment" name="test_build_manifest_records_software_protocol_report_and_data_schema_versions" time="0.000" />
    <testcase classname="client.tests.test_ray_96_deployment" name="test_build_manifest_records_only_packaged_public_recipient_identifiers" time="0.000" />
    <testcase classname="client.tests.test_ray_96_deployment" name="test_startup_gate_routes_unactivated_terminal_to_activation_and_bound_terminal_to_workbench" time="0.000" />
    <testcase classname="client.tests.test_ray_96_deployment" name="test_windows_requires_ch340_probe_but_deployment_layer_does_not_install_driver" time="0.000" />
    <testcase classname="client.tests.test_ray_96_deployment" name="test_upgrade_rejects_unsigned_incompatible_or_busy_candidates" time="0.001" />
    <testcase classname="client.tests.test_ray_96_deployment" name="test_failed_upgrade_rolls_back_application_and_database_without_session_data_api" time="0.000" />
    <testcase classname="client.tests.test_ray_96_deployment" name="test_failed_upgrade_records_safe_rollback_after_preserving_rollback_order" time="0.001" />
    <testcase classname="client.tests.test_ray_96_deployment" name="test_exploding_upgrade_recorder_does_not_change_rollback_result_or_order" time="0.000" />
    <testcase classname="client.tests.test_ray_96_deployment" name="test_pyinstaller_spec_and_build_config_are_present_without_embedded_credentials" time="0.000" />
    <testcase classname="client.tests.test_ray_96_packaged_diagnostics" name="test_packaged_workbench_exports_only_p11_diagnostic_and_records_safe_lifecycle" time="0.346" />
    <testcase classname="client.tests.test_ray_96_packaged_diagnostics" name="test_invalid_packaged_recipient_disables_only_export_without_artifacts[missing]" time="0.001" />
    <testcase classname="client.tests.test_ray_96_packaged_diagnostics" name="test_invalid_packaged_recipient_disables_only_export_without_artifacts[writable]" time="0.001" />
    <testcase classname="client.tests.test_ray_96_packaged_diagnostics" name="test_invalid_packaged_recipient_disables_only_export_without_artifacts[malformed]" time="0.001" />
    <testcase classname="client.tests.test_ray_96_packaged_diagnostics" name="test_invalid_packaged_recipient_disables_only_export_without_artifacts[wrong-schema]" time="0.001" />
    <testcase classname="client.tests.test_ray_96_packaged_diagnostics" name="test_invalid_packaged_recipient_disables_only_export_without_artifacts[wrong-length]" time="0.001" />
    <testcase classname="client.tests.test_ray_96_packaged_diagnostics" name="test_packaged_recipient_loader_accepts_exact_read_only_public_resource" time="0.001" />
    <testcase classname="client.tests.test_ray_96_packaged_diagnostics" name="test_spec_stages_an_arbitrarily_named_public_resource_at_fixed_runtime_path" time="0.002" />
    <testcase classname="client.tests.test_ray_96_packaged_diagnostics" name="test_injectable_entry_composition_starts_without_resource_and_preserves_identity" time="0.037" />
    <testcase classname="client.tests.test_ray_96_packaged_diagnostics" name="test_injectable_entry_composition_uses_runtime_identity_in_export_metadata" time="0.039" />
    <testcase classname="client.tests.test_ray_114_packaged_entry" name="test_packaged_composition_uses_the_mandatory_gate_before_workbench" time="0.088" />
    <testcase classname="client.tests.test_ray_114_packaged_entry" name="test_formal_entry_starts_with_the_p00_institution_access_screen" time="0.038" />
    <testcase classname="client.tests.test_ray_114_packaged_entry" name="test_configured_access_screen_hands_authenticated_session_forward" time="0.041" />
    <testcase classname="client.tests.test_ray_114_packaged_entry" name="test_packaged_shutdown_is_idempotent_and_preserves_real_resource_order" time="0.000" />
    <testcase classname="client.tests.test_ray_115_packaged_telemetry" name="test_packaged_authenticated_composition_starts_and_stops_background_upload" time="0.020" />
  </testsuite>
</testsuites>