<?xml version="1.0" encoding="utf-8"?><testsuites name="pytest tests"><testsuite name="pytest" errors="0" failures="0" skipped="0" tests="28" time="0.176" timestamp="2026-07-20T02:24:07.785040-07:00" hostname="localhost"><testcase classname="client.tests.test_ray_101_controller" name="test_primary_button_dispatches_to_coordinator_and_refreshes_page" time="0.091" /><testcase classname="client.tests.test_ray_101_controller" name="test_controller_drives_the_operator_path_and_deferred_preflight" time="0.016" /><testcase classname="client.tests.test_ray_101_controller" name="test_report_actions_use_the_selected_version_through_coordinator" time="0.003" /><testcase classname="client.tests.test_ray_101_controller" name="test_device_events_refresh_result_and_recovery_pages" time="0.004" /><testcase classname="client.tests.test_ray_101_controller" name="test_start_next_action_returns_to_subject_identification" time="0.006" /><testcase classname="client.tests.test_ray_101_coordinator.CoordinatorPreflightTests" name="test_acquisition_start_failure_closes_created_session_with_safe_error" time="0.001" /><testcase classname="client.tests.test_ray_101_coordinator.CoordinatorPreflightTests" name="test_disconnect_uses_safe_error_and_marks_session_incomplete" time="0.000" /><testcase classname="client.tests.test_ray_101_coordinator.CoordinatorPreflightTests" name="test_export_and_print_remain_pinned_to_the_viewed_report_version" time="0.000" /><testcase classname="client.tests.test_ray_101_coordinator.CoordinatorPreflightTests" name="test_failed_preflight_stays_repairable_without_creating_session" time="0.000" /><testcase classname="client.tests.test_ray_101_coordinator.CoordinatorPreflightTests" name="test_lifecycle_status_is_separate_from_ui_and_report_status" time="0.000" /><testcase classname="client.tests.test_ray_101_coordinator.CoordinatorPreflightTests" name="test_operator_stop_is_safe_and_idempotent" time="0.000" /><testcase classname="client.tests.test_ray_101_coordinator.CoordinatorPreflightTests" name="test_quality_failure_requires_retry_and_never_creates_report" time="0.000" /><testcase classname="client.tests.test_ray_101_coordinator.CoordinatorPreflightTests" name="test_report_generation_failure_is_visible_without_exposing_stack" time="0.000" /><testcase classname="client.tests.test_ray_101_coordinator.CoordinatorPreflightTests" name="test_retry_creates_a_new_session_instead_of_resuming_incomplete_data" time="0.000" /><testcase classname="client.tests.test_ray_101_coordinator.CoordinatorPreflightTests" name="test_session_creation_failure_stays_before_acquisition_with_safe_error" time="0.000" /><testcase classname="client.tests.test_ray_101_coordinator.CoordinatorPreflightTests" name="test_start_is_guarded_against_duplicate_session_creation" time="0.000" /><testcase classname="client.tests.test_ray_101_coordinator.CoordinatorPreflightTests" name="test_start_next_screening_clears_transient_state_and_keeps_records_external" time="0.000" /><testcase classname="client.tests.test_ray_101_coordinator.CoordinatorPreflightTests" name="test_sync_and_cloud_failure_do_not_invalidate_basic_report" time="0.000" /><testcase classname="client.tests.test_ray_101_coordinator.CoordinatorPreflightTests" name="test_valid_session_exposes_versioned_basic_report" time="0.000" /><testcase classname="client.tests.test_ray_101_pages.PageCatalogTests" name="test_acquiring_page_has_one_stop_action_and_no_navigation" time="0.000" /><testcase classname="client.tests.test_ray_101_pages.PageCatalogTests" name="test_catalog_contains_all_prd_pages_with_single_primary_action" time="0.000" /><testcase classname="client.tests.test_ray_101_pages.PageCatalogTests" name="test_workflow_steps_route_to_the_prd_page" time="0.000" /><testcase classname="client.tests.test_ray_101_qt_shell" name="test_shell_builds_all_prd_pages_with_accessible_action_targets" time="0.005" /><testcase classname="client.tests.test_ray_101_qt_shell" name="test_acquiring_state_locks_navigation_and_shows_only_safe_error" time="0.003" /><testcase classname="client.tests.test_ray_101_qt_shell" name="test_each_page_exposes_the_required_operator_controls" time="0.003" /><testcase classname="client.tests.test_ray_101_qt_shell" name="test_nonblocking_sync_notice_keeps_basic_report_available" time="0.003" /><testcase classname="client.tests.test_ray_101_state_machine.SessionStateMachineTests" name="test_device_disconnect_marks_session_incomplete_and_offers_retry" time="0.000" /><testcase classname="client.tests.test_ray_101_state_machine.SessionStateMachineTests" name="test_standard_flow_requires_declared_transitions" time="0.000" /></testsuite></testsuites>