<?xml version="1.0" encoding="utf-8"?><testsuites name="pytest tests"><testsuite name="pytest" errors="0" failures="0" skipped="0" tests="11" time="1.647" timestamp="2026-07-23T00:54:28.202662-07:00" hostname="localhost"><testcase classname="client.tests.test_ray_84_live_display_bridge" name="test_live_display_projection_copies_new_hardware_frames_without_mutating_source" time="0.002" /><testcase classname="client.tests.test_ray_84_live_display_bridge" name="test_qt_timer_projects_hardware_latest_frame_into_p07" time="0.262" /><testcase classname="client.tests.test_ray_84_controller" name="test_workflow_clock_remains_accurate_when_no_new_display_or_upload_event_arrives" time="0.064" /><testcase classname="client.tests.test_ray_84_display_model" name="test_display_frame_is_immutable_48x64_and_has_cop_and_text_metrics" time="0.001" /><testcase classname="client.tests.test_ray_84_display_model" name="test_latest_only_mailbox_drops_old_display_frames_without_touching_reliable_sink" time="0.001" /><testcase classname="client.tests.test_ray_84_display_model" name="test_refresh_throttle_returns_only_new_device_frames_and_keeps_capture_timestamp" time="0.001" /><testcase classname="client.tests.test_ray_84_display_model" name="test_mailbox_is_thread_safe_under_stalled_ui_consumer" time="0.021" /><testcase classname="client.tests.test_ray_84_qt" name="test_acquisition_view_renders_heatmap_cop_and_redundant_text_summary" time="0.063" /><testcase classname="client.tests.test_ray_84_qt" name="test_heatmap_widget_high_dpi_render_is_not_blank" time="0.045" /><testcase classname="client.tests.test_ray_84_qt" name="test_widget_refinement_keeps_display_frame_metrics_and_source_pixels_unchanged" time="0.035" /><testcase classname="client.tests.test_ray_84_qt" name="test_widget_remains_bounded_and_renderable_during_continuous_high_dpi_refresh" time="0.834" /></testsuite></testsuites>