<?xml version="1.0" encoding="utf-8"?><testsuites name="pytest tests"><testsuite name="pytest" errors="0" failures="0" skipped="0" tests="21" time="1.324" timestamp="2026-07-23T01:06:16.319465-07:00" hostname="localhost"><testcase classname="client.tests.test_ray_91_reference_protocol_fixture" name="test_reference_protocol_fixture_has_all_deidentified_20_second_pose_sequences" time="0.007" /><testcase classname="client.tests.test_ray_91_reference_protocol_fixture" name="test_reference_protocol_fixture_is_repeatable_relative_input[open_eyes_bilateral]" time="0.007" /><testcase classname="client.tests.test_ray_91_reference_protocol_fixture" name="test_reference_protocol_fixture_is_repeatable_relative_input[closed_eyes_bilateral]" time="0.004" /><testcase classname="client.tests.test_ray_91_reference_protocol_fixture" name="test_reference_protocol_fixture_is_repeatable_relative_input[tandem_left_front]" time="0.002" /><testcase classname="client.tests.test_ray_91_reference_protocol_fixture" name="test_reference_protocol_fixture_is_repeatable_relative_input[tandem_right_front]" time="0.003" /><testcase classname="client.tests.test_ray_91_reference_protocol_fixture" name="test_reference_protocol_replays_through_the_production_display_projection[open_eyes_bilateral]" time="0.062" /><testcase classname="client.tests.test_ray_91_reference_protocol_fixture" name="test_reference_protocol_replays_through_the_production_display_projection[closed_eyes_bilateral]" time="0.062" /><testcase classname="client.tests.test_ray_91_reference_protocol_fixture" name="test_reference_protocol_replays_through_the_production_display_projection[tandem_left_front]" time="0.062" /><testcase classname="client.tests.test_ray_91_reference_protocol_fixture" name="test_reference_protocol_replays_through_the_production_display_projection[tandem_right_front]" time="0.062" /><testcase classname="client.tests.test_ray_91_protocol" name="test_default_protocol_is_versioned_and_captures_start_end_quality_and_prompts" time="0.000" /><testcase classname="client.tests.test_ray_91_protocol" name="test_extended_paradigm_requires_both_feature_flag_and_validation" time="0.000" /><testcase classname="client.tests.test_ray_91_protocol" name="test_reference_range_is_publishable_only_with_population_source_version_and_approval" time="0.000" /><testcase classname="client.tests.test_ray_91_position_guidance" name="test_stable_position_counts_down_with_text_and_resets_when_subject_leaves" time="0.000" /><testcase classname="client.tests.test_ray_91_position_guidance" name="test_auto_start_fires_after_stable_hold_and_manual_start_requires_contact_and_area" time="0.000" /><testcase classname="client.tests.test_ray_91_coordinator" name="test_position_countdown_auto_starts_and_passes_protocol_snapshot_to_session_port" time="0.000" /><testcase classname="client.tests.test_ray_91_coordinator" name="test_manual_start_is_blocked_until_minimum_contact_and_valid_area" time="0.000" /><testcase classname="client.tests.test_ray_91_coordinator" name="test_protocol_duration_automatically_finishes_local_processing_and_basic_report" time="0.000" /><testcase classname="client.tests.test_ray_91_qt" name="test_position_page_presents_numeric_and_text_countdown_with_one_main_action" time="0.612" /><testcase classname="client.tests.test_ray_91_qt" name="test_acquisition_page_uses_protocol_prompt_and_only_exposes_stop" time="0.031" /><testcase classname="client.tests.test_ray_91_qt" name="test_stop_action_requires_one_brief_confirmation" time="0.032" /><testcase classname="client.tests.test_ray_91_qt" name="test_valid_result_shows_report_and_next_but_invalid_result_only_shows_retry" time="0.032" /></testsuite></testsuites>