<?xml version="1.0" encoding="utf-8"?><testsuites name="pytest tests"><testsuite name="pytest" errors="0" failures="0" skipped="0" tests="60" time="0.251" timestamp="2026-07-20T03:05:42.015165-07:00" hostname="localhost"><testcase classname="client.tests.test_ray_101_controller" name="test_primary_button_dispatches_to_coordinator_and_refreshes_page" time="0.088" /><testcase classname="client.tests.test_ray_101_controller" name="test_controller_drives_the_operator_path_and_deferred_preflight" time="0.019" /><testcase classname="client.tests.test_ray_101_controller" name="test_report_actions_use_the_selected_version_through_coordinator" time="0.005" /><testcase classname="client.tests.test_ray_101_controller" name="test_device_events_refresh_result_and_recovery_pages" time="0.005" /><testcase classname="client.tests.test_ray_101_controller" name="test_start_next_action_returns_to_subject_identification" time="0.006" /><testcase classname="client.tests.test_ray_101_coordinator.CoordinatorPreflightTests" name="test_acquisition_start_failure_closes_created_session_with_safe_error" time="0.001" /><testcase classname="client.tests.test_ray_101_coordinator.CoordinatorPreflightTests" name="test_disconnect_uses_safe_error_and_marks_session_incomplete" time="0.000" /><testcase classname="client.tests.test_ray_101_coordinator.CoordinatorPreflightTests" name="test_export_and_print_remain_pinned_to_the_viewed_report_version" time="0.000" /><testcase classname="client.tests.test_ray_101_coordinator.CoordinatorPreflightTests" name="test_failed_preflight_stays_repairable_without_creating_session" time="0.000" /><testcase classname="client.tests.test_ray_101_coordinator.CoordinatorPreflightTests" name="test_lifecycle_status_is_separate_from_ui_and_report_status" time="0.000" /><testcase classname="client.tests.test_ray_101_coordinator.CoordinatorPreflightTests" name="test_operator_stop_is_safe_and_idempotent" time="0.000" /><testcase classname="client.tests.test_ray_101_coordinator.CoordinatorPreflightTests" name="test_quality_failure_requires_retry_and_never_creates_report" time="0.000" /><testcase classname="client.tests.test_ray_101_coordinator.CoordinatorPreflightTests" name="test_report_generation_failure_is_visible_without_exposing_stack" time="0.000" /><testcase classname="client.tests.test_ray_101_coordinator.CoordinatorPreflightTests" name="test_retry_creates_a_new_session_instead_of_resuming_incomplete_data" time="0.000" /><testcase classname="client.tests.test_ray_101_coordinator.CoordinatorPreflightTests" name="test_session_creation_failure_stays_before_acquisition_with_safe_error" time="0.000" /><testcase classname="client.tests.test_ray_101_coordinator.CoordinatorPreflightTests" name="test_start_is_guarded_against_duplicate_session_creation" time="0.000" /><testcase classname="client.tests.test_ray_101_coordinator.CoordinatorPreflightTests" name="test_start_next_screening_clears_transient_state_and_keeps_records_external" time="0.000" /><testcase classname="client.tests.test_ray_101_coordinator.CoordinatorPreflightTests" name="test_sync_and_cloud_failure_do_not_invalidate_basic_report" time="0.000" /><testcase classname="client.tests.test_ray_101_coordinator.CoordinatorPreflightTests" name="test_valid_session_exposes_versioned_basic_report" time="0.000" /><testcase classname="client.tests.test_ray_101_pages.PageCatalogTests" name="test_acquiring_page_has_one_stop_action_and_no_navigation" time="0.000" /><testcase classname="client.tests.test_ray_101_pages.PageCatalogTests" name="test_catalog_contains_all_prd_pages_with_single_primary_action" time="0.000" /><testcase classname="client.tests.test_ray_101_pages.PageCatalogTests" name="test_workflow_steps_route_to_the_prd_page" time="0.000" /><testcase classname="client.tests.test_ray_101_qt_shell" name="test_shell_builds_all_prd_pages_with_accessible_action_targets" time="0.006" /><testcase classname="client.tests.test_ray_101_qt_shell" name="test_acquiring_state_locks_navigation_and_shows_only_safe_error" time="0.005" /><testcase classname="client.tests.test_ray_101_qt_shell" name="test_each_page_exposes_the_required_operator_controls" time="0.004" /><testcase classname="client.tests.test_ray_101_qt_shell" name="test_nonblocking_sync_notice_keeps_basic_report_available" time="0.004" /><testcase classname="client.tests.test_ray_101_state_machine.SessionStateMachineTests" name="test_device_disconnect_marks_session_incomplete_and_offers_retry" time="0.000" /><testcase classname="client.tests.test_ray_101_state_machine.SessionStateMachineTests" name="test_standard_flow_requires_declared_transitions" time="0.000" /><testcase classname="client.tests.test_ray_91_coordinator" name="test_position_countdown_auto_starts_and_passes_protocol_snapshot_to_session_port" time="0.000" /><testcase classname="client.tests.test_ray_91_coordinator" name="test_manual_start_is_blocked_until_minimum_contact_and_valid_area" time="0.000" /><testcase classname="client.tests.test_ray_91_coordinator" name="test_protocol_duration_automatically_finishes_local_processing_and_basic_report" time="0.000" /><testcase classname="client.tests.test_ray_91_position_guidance" name="test_stable_position_counts_down_with_text_and_resets_when_subject_leaves" time="0.000" /><testcase classname="client.tests.test_ray_91_position_guidance" name="test_auto_start_fires_after_stable_hold_and_manual_start_requires_contact_and_area" time="0.000" /><testcase classname="client.tests.test_ray_91_protocol" name="test_default_protocol_is_versioned_and_captures_start_end_quality_and_prompts" time="0.000" /><testcase classname="client.tests.test_ray_91_protocol" name="test_extended_paradigm_requires_both_feature_flag_and_validation" time="0.000" /><testcase classname="client.tests.test_ray_91_protocol" name="test_reference_range_is_publishable_only_with_population_source_version_and_approval" time="0.000" /><testcase classname="client.tests.test_ray_91_qt" name="test_position_page_presents_numeric_and_text_countdown_with_one_main_action" time="0.004" /><testcase classname="client.tests.test_ray_91_qt" name="test_acquisition_page_uses_protocol_prompt_and_only_exposes_stop" time="0.004" /><testcase classname="client.tests.test_ray_91_qt" name="test_stop_action_requires_one_brief_confirmation" time="0.004" /><testcase classname="client.tests.test_ray_91_qt" name="test_valid_result_shows_report_and_next_but_invalid_result_only_shows_retry" time="0.004" /><testcase classname="client.tests.test_ray_92_consent.ConsentWorkflowTests" name="test_confirmation_records_required_and_optional_research_separately" time="0.000" /><testcase classname="client.tests.test_ray_92_consent.ConsentWorkflowTests" name="test_matching_valid_consent_is_reused_without_creating_a_new_record" time="0.000" /><testcase classname="client.tests.test_ray_92_consent.ConsentWorkflowTests" name="test_policy_change_requires_confirmation_and_decline_creates_nothing" time="0.000" /><testcase classname="client.tests.test_ray_92_controller" name="test_found_subject_profile_and_consent_are_bound_before_preflight" time="0.016" /><testcase classname="client.tests.test_ray_92_controller" name="test_required_consent_decline_stays_on_consent_with_plain_error" time="0.005" /><testcase classname="client.tests.test_ray_92_controller" name="test_conflicting_identifier_cannot_advance_or_auto_merge" time="0.004" /><testcase classname="client.tests.test_ray_92_participant.ParticipantWorkflowTests" name="test_anonymous_quick_create_uses_unknown_profile_without_identity" time="0.000" /><testcase classname="client.tests.test_ray_92_participant.ParticipantWorkflowTests" name="test_blank_external_id_is_rejected_before_port_access" time="0.000" /><testcase classname="client.tests.test_ray_92_participant.ParticipantWorkflowTests" name="test_conflicting_institution_id_never_selects_or_merges_a_subject" time="0.000" /><testcase classname="client.tests.test_ray_92_participant.ParticipantWorkflowTests" name="test_cross_tenant_candidate_is_rejected_before_selection" time="0.000" /><testcase classname="client.tests.test_ray_92_participant.ParticipantWorkflowTests" name="test_found_subject_access_is_audited_without_external_id_value" time="0.000" /><testcase classname="client.tests.test_ray_92_participant.ParticipantWorkflowTests" name="test_not_found_id_can_create_with_the_same_institution_context" time="0.000" /><testcase classname="client.tests.test_ray_92_participant.ParticipantWorkflowTests" name="test_optional_field_preserves_missing_meaning" time="0.000" /><testcase classname="client.tests.test_ray_92_participant.ParticipantWorkflowTests" name="test_report_export_audit_uses_tenant_subject_and_report_version" time="0.000" /><testcase classname="client.tests.test_ray_92_participant.ParticipantWorkflowTests" name="test_selected_subject_profile_preserves_each_field_state" time="0.000" /><testcase classname="client.tests.test_ray_92_qt" name="test_subject_page_exposes_id_types_and_lookup_action" time="0.004" /><testcase classname="client.tests.test_ray_92_qt" name="test_profile_fields_each_have_an_explicit_missing_state_selector" time="0.004" /><testcase classname="client.tests.test_ray_92_qt" name="test_consent_choices_are_separate_and_not_preselected" time="0.004" /><testcase classname="client.tests.test_ray_92_session_binding.SessionBindingTests" name="test_acquisition_is_blocked_when_subject_or_consent_is_not_bound" time="0.000" /><testcase classname="client.tests.test_ray_92_session_binding.SessionBindingTests" name="test_session_creation_receives_selected_subject_and_consent_snapshot" time="0.000" /></testsuite></testsuites>