<?xml version="1.0" encoding="utf-8"?><testsuites name="pytest tests"><testsuite name="pytest" errors="0" failures="0" skipped="0" tests="14" time="0.357" timestamp="2026-07-31T09:30:51.109167-07:00" hostname="Mac-mini.local"><testcase classname="client.tests.test_ray_90_analysis" name="test_fixed_fixture_produces_deterministic_relative_heatmap_and_basic_loads_without_mutation" time="0.002" /><testcase classname="client.tests.test_ray_90_analysis" name="test_cop_metrics_are_computed_internally_but_withheld_from_customer_until_validated" time="0.001" /><testcase classname="client.tests.test_ray_90_analysis" name="test_invalid_quality_or_missing_prerequisite_emits_no_customer_number" time="0.001" /><testcase classname="client.tests.test_ray_90_analysis" name="test_local_basic_definitions_match_hand_calculated_reference_within_tolerance" time="0.001" /><testcase classname="client.tests.test_ray_90_registry" name="test_every_metric_declares_definition_version_rate_calibration_and_validation" time="0.000" /><testcase classname="client.tests.test_ray_90_registry" name="test_frequency_score_and_reference_range_are_not_customer_visible" time="0.000" /><testcase classname="client.tests.test_ray_90_registry" name="test_cop_path_amplitude_and_area_register_units_and_prerequisites" time="0.000" /><testcase classname="client.tests.test_ray_90_four_stage_evidence" name="test_real_four_stage_fixture_proves_capability_gated_local_metrics" time="0.066" /><testcase classname="client.tests.test_ray_85_physical_local" name="test_public_physical_session_generates_versioned_internal_local_result" time="0.024" /><testcase classname="client.tests.test_ray_85_physical_local" name="test_local_metrics_are_the_exact_features_used_by_cloud_physical_pipeline" time="0.016" /><testcase classname="client.tests.test_ray_85_physical_local" name="test_local_result_aligns_with_same_input_cloud_orchestrator_run" time="0.022" /><testcase classname="client.tests.test_ray_85_physical_local" name="test_protocol_identity_mismatch_fails_before_local_result" time="0.001" /><testcase classname="client.tests.test_ray_85_physical_local" name="test_committed_local_source_is_composed_directly_without_an_upload_port" time="0.018" /><testcase classname="client.tests.test_ray_85_physical_local" name="test_closed_valid_encrypted_artifact_runs_through_local_physical_analysis" time="0.043" /></testsuite></testsuites>