<?xml version="1.0" encoding="utf-8"?><testsuites name="pytest tests"><testsuite name="pytest" errors="0" failures="0" skipped="0" tests="65" time="2.061" timestamp="2026-08-02T05:58:57.125393-07:00" hostname="Mac-mini.local"><testcase classname="client.tests.test_ray_85_physical_local" name="test_public_physical_session_releases_only_relative_basic_projection" time="0.015" /><testcase classname="client.tests.test_ray_85_physical_local" name="test_local_metrics_are_the_exact_features_used_by_cloud_physical_pipeline" time="0.014" /><testcase classname="client.tests.test_ray_85_physical_local" name="test_relative_basic_projection_fails_closed_below_required_sample_rate" time="0.004" /><testcase classname="client.tests.test_ray_85_physical_local" name="test_relative_basic_projection_fails_closed_when_stage_duration_is_short" time="0.005" /><testcase classname="client.tests.test_ray_85_physical_local" name="test_relative_basic_projection_fails_closed_on_large_timestamp_gap" time="0.008" /><testcase classname="client.tests.test_ray_85_physical_local" name="test_valid_physical_result_builds_nondiagnostic_basic_ready_report" time="0.008" /><testcase classname="client.tests.test_ray_85_physical_local" name="test_degraded_physical_result_never_builds_customer_report" time="0.004" /><testcase classname="client.tests.test_ray_85_physical_local" name="test_physical_local_result_is_queued_as_non_authoritative_session_support" time="0.025" /><testcase classname="client.tests.test_ray_85_physical_local" name="test_local_result_aligns_with_same_input_cloud_orchestrator_run" time="0.022" /><testcase classname="client.tests.test_ray_85_physical_local" name="test_protocol_identity_mismatch_fails_before_local_result" time="0.001" /><testcase classname="client.tests.test_ray_85_physical_local" name="test_committed_local_source_is_composed_directly_without_an_upload_port" time="0.008" /><testcase classname="client.tests.test_ray_85_physical_local" name="test_closed_valid_encrypted_artifact_runs_through_local_physical_analysis" time="0.033" /><testcase classname="client.tests.test_ray_85_offline_evidence" name="test_real_four_stage_fixture_is_repeatable_with_network_hard_failed" time="0.308" /><testcase classname="client.tests.test_ray_85_service" name="test_reliable_local_data_generates_versioned_basic_ready_without_network_dependency" time="0.002" /><testcase classname="client.tests.test_ray_85_service" name="test_invalid_quality_persists_result_but_never_generates_customer_report" time="0.001" /><testcase classname="client.tests.test_ray_85_service" name="test_processing_is_idempotent_and_does_not_reread_or_rewrite_immutable_results" time="0.002" /><testcase classname="client.tests.test_ray_85_service" name="test_local_upload_snapshot_is_explicitly_non_authoritative_and_requires_cloud_raw_recompute" time="0.001" /><testcase classname="client.tests.test_ray_85_service" name="test_unreliable_or_incomplete_local_storage_is_rejected_before_analysis" time="0.000" /><testcase classname="client.tests.test_ray_85_reporting" name="test_basic_report_document_is_serializable_and_contains_no_diagnostic_claim" time="0.000" /><testcase classname="client.tests.test_report_copy" name="test_basic_report_copy_describes_available_relative_metrics_without_a_risk_claim" time="0.000" /><testcase classname="client.tests.test_report_copy" name="test_replay_copy_keeps_fixture_output_out_of_customer_interpretation" time="0.000" /><testcase classname="client.tests.test_ray_90_analysis" name="test_fixed_fixture_produces_deterministic_relative_heatmap_and_basic_loads_without_mutation" time="0.002" /><testcase classname="client.tests.test_ray_90_analysis" name="test_cop_metrics_are_computed_internally_but_withheld_from_customer_until_validated" time="0.001" /><testcase classname="client.tests.test_ray_90_analysis" name="test_invalid_quality_or_missing_prerequisite_emits_no_customer_number" time="0.001" /><testcase classname="client.tests.test_ray_90_analysis" name="test_local_basic_definitions_match_hand_calculated_reference_within_tolerance" time="0.001" /><testcase classname="client.tests.test_ray_90_four_stage_evidence" name="test_real_four_stage_fixture_proves_capability_gated_local_metrics" time="0.058" /><testcase classname="tests.spool.test_state_store.StateStoreTests" name="test_acknowledgement_never_creates_an_automatic_cleanup_candidate" time="0.005" /><testcase classname="tests.spool.test_state_store.StateStoreTests" name="test_corrupt_quarantined_data_still_counts_against_offline_quota" time="0.004" /><testcase classname="tests.spool.test_state_store.StateStoreTests" name="test_database_uses_wal_and_versioned_migrations" time="0.004" /><testcase classname="tests.spool.test_state_store.StateStoreTests" name="test_ready_session_handoff_encrypts_supporting_local_analysis" time="0.004" /><testcase classname="tests.spool.test_state_store.StateStoreTests" name="test_recovery_marks_acquiring_incomplete_and_requeues_uploading" time="0.003" /><testcase classname="tests.spool.test_state_store.StateStoreTests" name="test_schema_five_database_upgrades_to_encrypted_analysis_handoff" time="0.004" /><testcase classname="tests.spool.test_state_store.StateStoreTests" name="test_sensitive_reference_updates_preserve_existing_session_foreign_keys" time="0.004" /><testcase classname="tests.spool.test_state_store.StateStoreTests" name="test_sensitive_subject_and_consent_blobs_are_encrypted_outside_database_key" time="0.003" /><testcase classname="tests.spool.test_state_store.StateStoreTests" name="test_transactional_offline_snapshot_and_all_new_test_gates" time="0.012" /><testcase classname="tests.spool.test_valid_session_commit.ValidSessionStagerTests" name="test_cloud_confirmation_retains_data_until_one_manual_session_delete" time="0.006" /><testcase classname="tests.spool.test_valid_session_commit.ValidSessionStagerTests" name="test_committed_derived_observation_reopens_as_public_physical_session" time="0.065" /><testcase classname="tests.spool.test_valid_session_commit.ValidSessionStagerTests" name="test_interrupted_staging_is_deleted_on_startup_recovery" time="0.005" /><testcase classname="tests.spool.test_valid_session_commit.ValidSessionStagerTests" name="test_invalid_capture_discards_all_temporary_raw_data_and_creates_no_session" time="0.003" /><testcase classname="tests.spool.test_valid_session_commit.ValidSessionStagerTests" name="test_recovery_finishes_registration_after_promotion_before_sqlite_commit" time="0.005" /><testcase classname="tests.spool.test_valid_session_commit.ValidSessionStagerTests" name="test_valid_capture_is_promoted_then_registered_with_ready_network_handoff" time="0.005" /><testcase classname="tests.spool.test_valid_session_commit.ValidSessionStagerTests" name="test_valid_session_retains_an_encrypted_repaired_force_observation" time="0.046" /><testcase classname="tests.hardware_standardization.test_public_export" name="test_public_export_contains_only_device_independent_force_fields" time="0.040" /><testcase classname="tests.hardware_standardization.test_public_export" name="test_public_export_requires_valid_and_committed_hardware_result" time="0.032" /><testcase classname="tests.cloud.analysis.test_physical_features" name="test_extracts_physical_cop_metrics_and_stage_ratios" time="0.001" /><testcase classname="tests.cloud.analysis.test_physical_features" name="test_same_physical_field_has_same_features_with_split_array_layout" time="0.003" /><testcase classname="tests.cloud.analysis.test_physical_features" name="test_does_not_bridge_a_gap_larger_than_two_nominal_intervals" time="0.001" /><testcase classname="tests.cloud.analysis.test_physical_features" name="test_hardware_quality_metadata_is_rejected_before_physical_metrics" time="0.000" /><testcase classname="tests.cloud.analysis.test_physical_features" name="test_algorithm_rotates_board_coordinates_for_fixed_left_turn" time="0.000" /><testcase classname="tests.cloud.analysis.test_physical_features" name="test_feature_extraction_applies_left_turn_to_board_cop" time="0.001" /><testcase classname="tests.cloud.analysis.test_physical_orchestrator" name="test_only_ingested_complete_triggers_feature_reconstruction" time="0.008" /><testcase classname="tests.cloud.analysis.test_physical_orchestrator" name="test_complete_event_runs_gate_features_and_risk_before_public_result" time="0.024" /><testcase classname="tests.cloud.analysis.test_physical_orchestrator" name="test_duplicate_complete_event_is_idempotent" time="0.014" /><testcase classname="tests.cloud.analysis.test_physical_orchestrator" name="test_loader_failure_persists_internal_failure_without_public_result" time="0.007" /><testcase classname="tests.cloud.analysis.test_physical_orchestrator" name="test_capability_failure_never_emits_a_public_risk_result" time="0.003" /><testcase classname="tests.cloud.analysis.test_physical_orchestrator" name="test_questionnaire_hash_mismatch_never_emits_a_public_risk_result" time="0.015" /><testcase classname="tests.cloud.analysis.test_physical_orchestrator" name="test_event_feature_pipeline_version_mismatch_never_emits_a_public_result" time="0.014" /><testcase classname="tests.cloud.analysis.test_physical_orchestrator" name="test_protocol_context_hash_mismatch_never_emits_a_public_result" time="0.010" /><testcase classname="tests.cloud.analysis.test_physical_gates" name="test_physical_gate_is_default_closed_without_approved_reference_or_quality" time="0.716" /><testcase classname="tests.cloud.analysis.test_physical_gates" name="test_approved_physical_metric_requires_no_device_shape_assumption" time="0.001" /><testcase classname="tests.cloud.analysis.test_physical_gates" name="test_release_gate_rejects_feature_protocol_and_rule_version_mismatches" time="0.001" /><testcase classname="tests.cloud.analysis.test_physical_gates" name="test_risk_release_requires_the_ellipse_metric_bundle" time="0.001" /><testcase classname="tests.cloud.analysis.test_physical_gates" name="test_dynamic_gait_metric_is_not_in_v1_whitelist" time="0.001" /><testcase classname="tests.cloud.analysis.test_physical_gates" name="test_unvalidated_completion_is_default_closed" time="0.001" /><testcase classname="tests.architecture.test_hardware_boundary" name="test_application_and_analysis_layers_do_not_select_device_drivers_or_raw_frames" time="0.229" /></testsuite></testsuites>